"../../../Engine/Content/EditorBlueprintResources/StandardMacros.uasset" 0
"../../../Engine/Content/EngineSky/C_Sky_Cloud_Color.uasset" 1
"../../../Engine/Content/EngineSky/C_Sky_Horizon_Color.uasset" 2
"../../../Engine/Content/EngineSky/C_Sky_Zenith_Color.uasset" 3
"../../../Engine/Content/EngineSky/T_Sky_Blue.uasset" 4
"../../../Engine/Content/EngineSky/T_Sky_Clouds_M.uasset" 5
"../../../Engine/Content/EngineSky/T_Sky_Stars.uasset" 6
"../../../Engine/Content/EngineSky/SM_SkySphere.uasset" 7
"../../../Engine/Content/EngineSky/M_Sky_Panning_Clouds2.uasset" 8
"../../../MyProject6/Content/InfinityBladeFireLands/Environments/Fire/Env_Fire_Background/Textures/T_Env_Fire_T3_Background_Sky_E.uasset" 9
"../../../MyProject6/Content/InfinityBladeFireLands/Environments/Fire/Env_Fire_Terrain2/Textures/T_Cooled_Lava_D.uasset" 10
"../../../MyProject6/Content/InfinityBladeFireLands/Environments/Fire/Env_Fire_Terrain2/Textures/T_Cooled_Lava_N.uasset" 11
"../../../MyProject6/Content/InfinityBladeFireLands/Environments/Fire/MasterMaterials/SimpleEmmisiveMaster.uasset" 12
"../../../MyProject6/Content/InfinityBladeFireLands/Environments/Fire/Env_Fire_Background/Textures/T_Env_Fire_T3_Background_Sky_D.uasset" 13
"../../../MyProject6/Content/InfinityBladeFireLands/Environments/Fire/Env_Fire_Background/Textures/T_Env_Fire_T3_Background_Sky_N.uasset" 14
"../../../MyProject6/Content/InfinityBladeFireLands/Environments/Fire/Env_Fire_Background/Materials/M_Fire_T3_Background_Sky_inst.uasset" 15
"../../../Engine/Content/EngineSky/BP_Sky_Sphere.uasset" 16
"../../../MyProject6/Content/StarterContent/Audio/Explosion01.uasset" 17
"../../../MyProject6/Content/StarterContent/Audio/Explosion02.uasset" 18
"../../../MyProject6/Content/StarterContent/Audio/Explosion_Cue.uasset" 19
"../../../MyProject6/Content/StarterContent/Textures/T_Burst_M.uasset" 20
"../../../MyProject6/Content/StarterContent/Particles/Materials/M_Burst.uasset" 21
"../../../MyProject6/Content/StarterContent/Textures/T_Explosion_SubUV.uasset" 22
"../../../MyProject6/Content/StarterContent/Particles/Materials/M_explosion_subUV.uasset" 23
"../../../MyProject6/Content/StarterContent/Particles/Materials/m_flare_01.uasset" 24
"../../../Engine/Content/Functions/Engine_MaterialFunctions01/Gradient/RadialGradient.uasset" 25
"../../../MyProject6/Content/StarterContent/Particles/Materials/M_radial_ramp.uasset" 26
"../../../MyProject6/Content/StarterContent/Textures/T_Smoke_SubUV.uasset" 27
"../../../MyProject6/Content/StarterContent/Textures/T_Smoke_Tiled_D.uasset" 28
"../../../MyProject6/Content/StarterContent/Particles/Materials/M_smoke_subUV.uasset" 29
"../../../MyProject6/Content/StarterContent/Particles/P_Explosion.uasset" 30
"../../../MyProject6/Content/StarterContent/Blueprints/Blueprint_Effect_Explosion.uasset" 31
"../../../MyProject6/Content/StarterContent/Audio/Fire01.uasset" 32
"../../../MyProject6/Content/StarterContent/Audio/Fire01_Cue.uasset" 33
"../../../MyProject6/Content/StarterContent/Textures/T_Fire_SubUV.uasset" 34
"../../../MyProject6/Content/StarterContent/Textures/T_Fire_Tiled_D.uasset" 35
"../../../MyProject6/Content/StarterContent/Particles/Materials/M_Fire_SubUV.uasset" 36
"../../../MyProject6/Content/StarterContent/Textures/T_Water_N.uasset" 37
"../../../MyProject6/Content/StarterContent/Particles/Materials/M_Heat_Distortion.uasset" 38
"../../../MyProject6/Content/StarterContent/Particles/Materials/M_Radial_Gradient.uasset" 39
"../../../MyProject6/Content/StarterContent/Particles/P_Fire.uasset" 40
"../../../MyProject6/Content/StarterContent/Blueprints/Blueprint_Effect_Fire.uasset" 41
"../../../Engine/Content/Functions/Engine_MaterialFunctions01/Opacity/CameraDepthFade.uasset" 42
"../../../Engine/Content/EngineMaterials/T_Default_Material_Grid_M.uasset" 43
"../../../Engine/Content/EngineMaterials/T_Default_Material_Grid_N.uasset" 44
"../../../Engine/Content/EngineMaterials/WorldGridMaterial.uasset" 45
"../../../MyProject6/Content/InfinityBladeGrassLands/Environments/Misc/Exo_Deco02/Textures/T_HardWood_Floor_D.uasset" 46
"../../../MyProject6/Content/InfinityBladeGrassLands/Environments/Misc/Exo_Deco02/Textures/T_HardWood_Floor_D_NRM.uasset" 47
"../../../MyProject6/Content/InfinityBladeGrassLands/Environments/Misc/Exo_Deco02/Materials/M_HardWood_Floor.uasset" 48
"../../../MyProject6/Content/InfinityBladeGrassLands/Environments/Plains/Env_Plains_Ruins/Textures/T_Plains_Ruins_FloorStones_D.uasset" 49
"../../../MyProject6/Content/InfinityBladeGrassLands/Environments/Plains/Env_Plains_Ruins/Textures/T_Plains_Ruins_FloorStones_N.uasset" 50
"../../../MyProject6/Content/InfinityBladeGrassLands/Environments/Plains/Env_Plains_Ruins/Textures/T_Plains_Ruins_FloorStones_Mat.uasset" 51
"../../../MyProject6/Content/InfinityBladeGrassLands/Environments/Plains/Env_Plains_Ruins/Textures/T_Plains_Ruins_Pillars_02_D.uasset" 52
"../../../MyProject6/Content/InfinityBladeGrassLands/Environments/Plains/Env_Plains_Ruins/Textures/T_Plains_Ruins_Pillars_02_N.uasset" 53
"../../../MyProject6/Content/InfinityBladeGrassLands/Environments/Plains/Env_Plains_Ruins/Textures/T_Plains_Ruins_Pillars_02_Mat.uasset" 54
"../../../MyProject6/Content/InfinityBladeGrassLands/Environments/Plains/Env_Plains_Terrain/Textures/T_Grass02_D.uasset" 55
"../../../MyProject6/Content/InfinityBladeGrassLands/Environments/Plains/Env_Plains_Terrain/Textures/T_Grass02_N.uasset" 56
"../../../MyProject6/Content/InfinityBladeGrassLands/Environments/Plains/Env_Plains_Terrain/Textures/T_Grass02_Mat.uasset" 57
"../../../MyProject6/Content/Meshes/Bluebird3.uasset" 58
"../../../MyProject6/Content/Meshes/Bluebird3_Mat.uasset" 59
"../../../MyProject6/Content/Meshes/Cena.uasset" 60
"../../../MyProject6/Content/Meshes/Cena_Mat.uasset" 61
"../../../MyProject6/Content/Meshes/Goldbird2.uasset" 62
"../../../MyProject6/Content/Meshes/Goldbird2_Mat.uasset" 63
"../../../MyProject6/Content/Meshes/Last_rites2.uasset" 64
"../../../MyProject6/Content/Meshes/Last_rites2_Mat2.uasset" 65
"../../../MyProject6/Content/Meshes/Red_Bird3.uasset" 66
"../../../MyProject6/Content/Meshes/Red_Bird3_Mat.uasset" 67
"../../../MyProject6/Content/Meshes/Yellow_flower.uasset" 68
"../../../MyProject6/Content/Meshes/Yellow_flower_Mat.uasset" 69
"../../../MyProject6/Content/StarterContent/Textures/T_CobbleStone_Smooth_D.uasset" 70
"../../../MyProject6/Content/StarterContent/Textures/T_CobbleStone_Smooth_N.uasset" 71
"../../../MyProject6/Content/StarterContent/Textures/T_CobbleStone_Smooth_Mat.uasset" 72
"../../../Engine/Content/MapTemplates/Bokeh_5Sides.uasset" 73
"../../../Engine/Content/MapTemplates/T_ScreenDirt02_w.uasset" 74
"../../../Engine/Content/Functions/Engine_MaterialFunctions01/WorldPositionOffset/SimpleGrassWind.uasset" 75
"../../../MyProject6/Content/InfinityBladeFireLands/Environments/Fire/Env_Fire_deco/Textures/T_Env_Fire_Flags_D.uasset" 76
"../../../MyProject6/Content/InfinityBladeFireLands/Environments/Fire/Env_Fire_deco/Textures/T_Env_Fire_Flags_E.uasset" 77
"../../../MyProject6/Content/InfinityBladeFireLands/Environments/Fire/Env_Fire_deco/Textures/T_Env_Fire_Flags_N.uasset" 78
"../../../MyProject6/Content/InfinityBladeFireLands/Environments/Fire/Env_Fire_deco/Materials/M_Fire_Flag.uasset" 79
"../../../MyProject6/Content/InfinityBladeFireLands/Environments/Fire/Env_Fire_deco/StaticMesh/SM_Fire_Flag_01.uasset" 80
"../../../MyProject6/Content/InfinityBladeFireLands/Environments/Fire/Env_Fire_deco/Textures/T_Env_Fire_deco_pots_D.uasset" 81
"../../../MyProject6/Content/InfinityBladeFireLands/Environments/Fire/Env_Fire_deco/Textures/T_Env_Fire_deco_Pots_N.uasset" 82
"../../../MyProject6/Content/InfinityBladeFireLands/Environments/Fire/Env_Fire_deco/Materials/M_Fire_Deco_Pots.uasset" 83
"../../../MyProject6/Content/InfinityBladeFireLands/Environments/Fire/Env_Fire_deco/StaticMesh/SM_pot2.uasset" 84
"../../../MyProject6/Content/InfinityBladeFireLands/Environments/Fire/Env_Fire_deco/StaticMesh/SM_pot3.uasset" 85
"../../../MyProject6/Content/InfinityBladeFireLands/Environments/Fire/Env_Fire_FlameDungeon/Textures/T_FlameDungeon_CliffModel01_D.uasset" 86
"../../../MyProject6/Content/InfinityBladeFireLands/Environments/Fire/Env_Fire_FlameDungeon/Textures/T_FlameDungeon_CliffModel01_N.uasset" 87
"../../../MyProject6/Content/InfinityBladeFireLands/Environments/Fire/Env_Fire_FlameDungeon/Materials/M_FlameDungeon_CliffRock.uasset" 88
"../../../MyProject6/Content/InfinityBladeFireLands/Environments/Fire/Env_Fire_FlameDungeon/StaticMesh/Background/SM_POC_Blockout_CliffRocks01.uasset" 89
"../../../MyProject6/Content/InfinityBladeFireLands/Environments/Fire/Env_Fire_OddsnEnds/Textures/T_Env_Fire_OddsnEnds_MineCart_D.uasset" 90
"../../../MyProject6/Content/InfinityBladeFireLands/Environments/Fire/Env_Fire_OddsnEnds/Textures/T_Env_Fire_OddsnEnds_MineCart_N.uasset" 91
"../../../MyProject6/Content/InfinityBladeFireLands/Environments/Fire/Env_Fire_OddsnEnds/Materials/M_Fire_OddsnEnds_Minecart.uasset" 92
"../../../MyProject6/Content/InfinityBladeFireLands/Environments/Fire/Env_Fire_OddsnEnds/StaticMesh/SM_Env_Fire_OddsnEnds_Minecart003.uasset" 93
"../../../MyProject6/Content/InfinityBladeFireLands/Environments/Fire/Env_Fire_OddsnEnds/Textures/T_Env_Fire_OddsnEnds_FloorPillar_D.uasset" 94
"../../../MyProject6/Content/InfinityBladeFireLands/Environments/Fire/Env_Fire_OddsnEnds/Textures/T_Env_Fire_OddsnEnds_FloorPillar_N.uasset" 95
"../../../MyProject6/Content/InfinityBladeFireLands/Environments/Fire/Env_Fire_OddsnEnds/Materials/M_Fire_OddsnEnds_FloorPillar.uasset" 96
"../../../MyProject6/Content/InfinityBladeFireLands/Environments/Fire/Env_Fire_OddsnEnds/StaticMesh/SM_Env_Fire_OddsnEnds_Pillar1_dam2.uasset" 97
"../../../MyProject6/Content/InfinityBladeFireLands/Environments/Fire/Env_Fire_Rocky/Textures/T_Fire_Trim_D.uasset" 98
"../../../MyProject6/Content/InfinityBladeFireLands/Environments/Fire/Env_Fire_Rocky/Textures/T_Ice_Fort_Trim_1_N.uasset" 99
"../../../MyProject6/Content/InfinityBladeFireLands/Environments/Fire/Env_Fire_Rocky/Materials/M_Fire_Fort_Trim_1.uasset" 100
"../../../MyProject6/Content/InfinityBladeFireLands/Environments/Fire/Env_Fire_Rocky/StaticMesh/SM_Fire_Fort_Bricks_1.uasset" 101
"../../../MyProject6/Content/InfinityBladeFireLands/Environments/Fire/Env_Fire_Rocky/Textures/T_Fire_Wall_D.uasset" 102
"../../../MyProject6/Content/InfinityBladeFireLands/Environments/Fire/Env_Fire_Rocky/Textures/T_Ice_Fort_Wall_1_N.uasset" 103
"../../../MyProject6/Content/InfinityBladeFireLands/Environments/Fire/Env_Fire_Rocky/Materials/M_Fire_Fort_Wall_1.uasset" 104
"../../../MyProject6/Content/InfinityBladeFireLands/Environments/Fire/Env_Fire_Rocky/StaticMesh/SM_Fire_Fort_Bricks_2.uasset" 105
"../../../MyProject6/Content/InfinityBladeFireLands/Environments/Fire/Fire_Fortress/Textures/Plate_Floor_2_D.uasset" 106
"../../../MyProject6/Content/InfinityBladeFireLands/Environments/Fire/Fire_Fortress/Textures/Plate_Floor_2_N.uasset" 107
"../../../MyProject6/Content/InfinityBladeFireLands/Environments/Fire/Fire_Fortress/Materials/M_Plate_Floor_2.uasset" 108
"../../../MyProject6/Content/InfinityBladeFireLands/Environments/Fire/Fire_Fortress/SM/Fire_Torchier_1.uasset" 109
"../../../MyProject6/Content/InfinityBladeGrassLands/Environments/Plains/Env_Plains_Ruins/Textures/T_Plains_Castle_Wroughtlron_D.uasset" 110
"../../../MyProject6/Content/InfinityBladeGrassLands/Environments/Plains/Env_Plains_Ruins/Textures/T_Plains_Castle_Wroughtlron_N.uasset" 111
"../../../MyProject6/Content/InfinityBladeGrassLands/Environments/Plains/Env_Plains_Ruins/Materials/M_PLains_Castle_WroughtIron.uasset" 112
"../../../MyProject6/Content/InfinityBladeGrassLands/Environments/Plains/Env_Plains_Ruins/StaticMesh/SM_Plains_CastleArch_Iron_Gate_01.uasset" 113
"../../../MyProject6/Content/Meshes/Bluebird.uasset" 114
"../../../MyProject6/Content/Meshes/Yellow_fish.uasset" 115
"../../../MyProject6/Content/Meshes/Yellow_fish_Mat.uasset" 116
"../../../MyProject6/Content/Meshes/Bluefish2.uasset" 117
"../../../Engine/Content/EditorMaterials/Cascade/CASC_Cross.uasset" 118
"../../../Engine/Content/EditorMaterials/Cascade/CASC_None.uasset" 119
"../../../Engine/Content/Functions/Engine_MaterialFunctions03/Blends/Blend_ColorBurn.uasset" 120
"../../../Engine/Content/Functions/Engine_MaterialFunctions03/Blends/Blend_Darken.uasset" 121
"../../../MyProject6/Content/Meshes/Calendar_stone2.uasset" 122
"../../../MyProject6/Content/Meshes/Calendar_stone.uasset" 123
"../../../MyProject6/Content/Meshes/Calendar.uasset" 124
"../../../MyProject6/Content/Meshes/Cleaning.uasset" 125
"../../../MyProject6/Content/Meshes/Cleaning_Mat.uasset" 126
"../../../MyProject6/Content/Meshes/Cleaning_cone_3.uasset" 127
"../../../MyProject6/Content/Meshes/Gold_bird2.uasset" 128
"../../../MyProject6/Content/Meshes/Material__25.uasset" 129
"../../../MyProject6/Content/Meshes/Gold_Bird.uasset" 130
"../../../MyProject6/Content/Meshes/GreaterorLess.uasset" 131
"../../../MyProject6/Content/Meshes/GreaterorLess_Mat.uasset" 132
"../../../MyProject6/Content/Meshes/GorL.uasset" 133
"../../../MyProject6/Content/Meshes/Green_fish3.uasset" 134
"../../../MyProject6/Content/Meshes/Green_Snake.uasset" 135
"../../../MyProject6/Content/Meshes/Green_fish3_Mat.uasset" 136
"../../../MyProject6/Content/Meshes/Greenfish.uasset" 137
"../../../MyProject6/Content/Meshes/Greensnake.uasset" 138
"../../../MyProject6/Content/Meshes/Greensnake2.uasset" 139
"../../../MyProject6/Content/Meshes/Redbird.uasset" 140
"../../../MyProject6/Content/Meshes/Sun_3.uasset" 141
"../../../MyProject6/Content/Meshes/Material__30.uasset" 142
"../../../MyProject6/Content/Meshes/Sun_2.uasset" 143
"../../../MyProject6/Content/Meshes/Tongue_out_man.uasset" 144
"../../../MyProject6/Content/Meshes/Tongue_out_man_Mat.uasset" 145
"../../../MyProject6/Content/Meshes/Tongueoutman1.uasset" 146
"../../../MyProject6/Content/Meshes/Yellowflower1.uasset" 147
"../../../MyProject6/Content/Maps/Aztecv13.umap" 148
"../../../Engine/Content/EngineFonts/Roboto.uasset" 149
"../../../Engine/Content/Functions/Engine_MaterialFunctions01/Shading/PowerToRoughness.uasset" 150
"../../../Engine/Content/EngineMaterials/DefaultDiffuse.uasset" 151
"../../../Engine/Content/EngineMaterials/DefaultDeferredDecalMaterial.uasset" 152
"../../../Engine/Content/EngineMaterials/DefaultLightFunctionMaterial.uasset" 153
"../../../Engine/Content/Functions/Engine_MaterialFunctions02/Utility/BreakOutFloat2Components.uasset" 154
"../../../Engine/Content/EngineMaterials/DefaultPostProcessMaterial.uasset" 155
"../../../Engine/Content/EngineResources/DefaultTexture.uasset" 156
"../../../Engine/Content/Functions/Engine_MaterialFunctions02/Texturing/ScreenAlignedUVs.uasset" 157
"../../../Engine/Content/EngineResources/WhiteSquareTexture.uasset" 158
"../../../Engine/Content/EngineMaterials/Widget3DPassThrough.uasset" 159
"../../../Engine/Content/EngineMaterials/Widget3DPassThrough_Translucent.uasset" 160
"../../../Engine/Content/EngineMaterials/Widget3DPassThrough_Translucent_OneSided.uasset" 161
"../../../Engine/Content/EngineMaterials/Widget3DPassThrough_Opaque.uasset" 162
"../../../Engine/Content/EngineMaterials/Widget3DPassThrough_Opaque_OneSided.uasset" 163
"../../../Engine/Content/EngineMaterials/Widget3DPassThrough_Masked.uasset" 164
"../../../Engine/Content/EngineMaterials/Widget3DPassThrough_Masked_OneSided.uasset" 165
"../../../Engine/Content/EditorResources/S_Actor.uasset" 166
"../../../Engine/Content/EditorResources/S_Emitter.uasset" 167
"../../../Engine/Content/EditorResources/SceneManager.uasset" 168
"../../../Engine/Content/EditorResources/Bad.uasset" 169
"../../../Engine/Content/EditorResources/Bkgnd.uasset" 170
"../../../Engine/Content/EditorResources/BkgndHi.uasset" 171
"../../../Engine/Content/EditorMeshes/EditorCube.uasset" 172
"../../../Engine/Content/EditorMeshes/EditorSphere.uasset" 173
"../../../Engine/Content/EditorMeshes/EditorPlane.uasset" 174
"../../../Engine/Content/EditorMeshes/EditorCylinder.uasset" 175
"../../../Engine/Content/Maps/Templates/Thumbnails/Default.uasset" 176
"../../../Engine/Content/EditorMaterials/Thumbnails/SkySphereMaterial.uasset" 177
"../../../Engine/Content/EditorMeshes/EditorSkySphere.uasset" 178
"../../../Engine/Content/EngineMaterials/Grid.uasset" 179
"../../../Engine/Content/EditorMaterials/Thumbnails/FloorPlaneMaterial.uasset" 180
"../../../Engine/Content/MapTemplates/Sky/DaylightAmbientCubemap.uasset" 181
"../../../Engine/Content/EditorMaterials/ParticleSystems/PSysThumbnail_NoImage.uasset" 182
"../../../Engine/Content/EditorMaterials/ParticleSystems/PSysThumbnail_OOD.uasset" 183
"../../../Engine/Content/EditorResources/S_DecalActorIcon.uasset" 184
"../../../Engine/Content/EditorLandscapeResources/LandscapeGizmo_Mat.uasset" 185
"../../../Engine/Content/EditorLandscapeResources/LandscapeGizmo_Mat_Copied.uasset" 186
"../../../Engine/Content/EditorLandscapeResources/LandscapeGizmoHeight_Mat.uasset" 187
"../../../Engine/Content/EditorLandscapeResources/DataLayer.uasset" 188
"../../../Engine/Content/EditorResources/S_Terrain.uasset" 189
"../../../Engine/Content/EditorLandscapeResources/SplineEditorMeshMat.uasset" 190
"../../../Engine/Content/EditorLandscapeResources/SplineEditorMesh.uasset" 191
"../../../Engine/Content/EditorResources/MatineeCam_D.uasset" 192
"../../../Engine/Content/EditorMaterials/MatineeCam_mat.uasset" 193
"../../../Engine/Content/EditorMeshes/MatineeCam_SM.uasset" 194
"../../../Engine/Content/Functions/Engine_MaterialFunctions02/Utility/Sign.uasset" 195
"../../../Engine/Content/Functions/Engine_MaterialFunctions02/Utility/Round.uasset" 196
"../../../Engine/Content/Functions/Engine_MaterialFunctions02/ExampleContent/Textures/flipbook.uasset" 197
"../../../Engine/Content/Functions/Engine_MaterialFunctions02/Texturing/FlipBook.uasset" 198
"../../../Engine/Content/EditorResources/T_EditorHelp.uasset" 199
"../../../Engine/Content/EditorMaterials/HelpActorMaterial.uasset" 200
"../../../Engine/Content/EditorResources/S_ExpoHeightFog.uasset" 201
"../../../Engine/Content/EditorResources/S_NavP.uasset" 202
"../../../Engine/Content/EditorResources/S_Player.uasset" 203
"../../../Engine/Content/EditorResources/LightIcons/SkyLight.uasset" 204
"../../../Engine/Content/EditorResources/S_WindDirectional.uasset" 205
"../../../Engine/Content/EngineDamageTypes/DmgTypeBP_Environmental.uasset" 206
"../../../Engine/Content/EditorResources/LightIcons/S_LightDirectional.uasset" 207
"../../../Engine/Content/EditorResources/LightIcons/S_LightDirectionalMove.uasset" 208
"../../../Engine/Content/EditorResources/LightIcons/S_LightPoint.uasset" 209
"../../../Engine/Content/EditorResources/LightIcons/S_LightPointMove.uasset" 210
"../../../Engine/Content/EditorResources/LightIcons/S_LightSpot.uasset" 211
"../../../Engine/Content/EditorResources/LightIcons/S_LightSpotMove.uasset" 212
"../../../Engine/Content/EditorResources/MatInstActSprite.uasset" 213
"../../../Engine/Content/EditorResources/AI/S_NavLink.uasset" 214
"../../../Engine/Content/EditorResources/S_Note.uasset" 215
"../../../Engine/Content/EngineMeshes/Sphere.uasset" 216
"../../../Engine/Content/EditorResources/S_ReflActorIcon.uasset" 217
"../../../Engine/Content/EditorResources/S_Thruster.uasset" 218
"../../../Engine/Content/EditorResources/S_RadForce.uasset" 219
"../../../Engine/Content/EditorMaterials/TargetIcon.uasset" 220
"../../../Engine/Content/EngineFonts/RobotoDistanceField.uasset" 221
"../../../Engine/Content/EngineMaterials/DefaultTextMaterialOpaque.uasset" 222
"../../../Engine/Content/EditorResources/S_TextRenderActorIcon.uasset" 223
"../../../Engine/Content/EditorResources/S_Trigger.uasset" 224
"../../../Engine/Content/EditorResources/S_VectorFieldVol.uasset" 225
"../../../Engine/Content/EngineResources/GradientTexture0.uasset" 226
"../../../Engine/Content/EngineResources/Black.uasset" 227
"../../../Engine/Content/EditorMaterials/MatineeGroups/MAT_Groups_Float.uasset" 228
"../../../Engine/Content/EditorMaterials/MatineeGroups/MAT_Groups_Director.uasset" 229
"../../../Engine/Content/EditorMaterials/MatineeGroups/MAT_Groups_Event.uasset" 230
"../../../Engine/Content/EditorMaterials/MatineeGroups/MAT_Groups_Anim.uasset" 231
"../../../Engine/Content/EditorMaterials/MatineeGroups/MAT_Groups_Fade.uasset" 232
"../../../Engine/Content/EditorMaterials/MatineeGroups/MAT_Groups_Move.uasset" 233
"../../../Engine/Content/EditorMaterials/MatineeGroups/MAT_Groups_Slomo.uasset" 234
"../../../Engine/Content/EditorMaterials/MatineeGroups/MAT_ColorTrack.uasset" 235
"../../../Engine/Content/EditorMaterials/MAT_Groups_Toggle.uasset" 236
"../../../Engine/Content/EditorMaterials/MatineeGroups/MAT_Groups_AudioMaster.uasset" 237
"../../../Engine/Content/EditorMaterials/MatineeGroups/MAT_Groups_Sound.uasset" 238
"../../../Engine/Content/EditorMaterials/MatineeGroups/MAT_Groups_Vector.uasset" 239
"../../../Engine/Content/EditorMaterials/MAT_Groups_Visibility.uasset" 240
"../../../Engine/Content/EngineResources/DefaultTextureCube.uasset" 241
"../../../Engine/Content/EngineMaterials/DefaultMaterial.uasset" 242
"../../../Engine/Content/EngineMeshes/Cylinder.uasset" 243
"../../../Engine/Content/EngineTireTypes/DefaultTireType.uasset" 244
"../../../Engine/Content/EditorResources/S_FTest.uasset" 245
"../../../Engine/Content/EngineResources/AICON-Red.uasset" 246
"../../../Engine/Content/EngineResources/AICON-Green.uasset" 247
"../../../Engine/Plugins/2D/Paper2D/Content/PlaceholderTextures/DummySpriteTexture.uasset" 248
"../../../Engine/Plugins/2D/Paper2D/Content/DefaultSpriteMaterial.uasset" 249
"../../../Engine/Plugins/2D/Paper2D/Content/MaskedUnlitSpriteMaterial.uasset" 250
"../../../Engine/Plugins/2D/Paper2D/Content/OpaqueUnlitSpriteMaterial.uasset" 251
"../../../Engine/Plugins/2D/Paper2D/Content/DummySprite.uasset" 252
"../../../Engine/Plugins/2D/Paper2D/Content/DefaultPaperTerrainMaterial.uasset" 253
"../../../Engine/Content/EditorSounds/Notifications/CompileSuccess.uasset" 254
"../../../Engine/Content/EditorSounds/Notifications/CompileStart_Cue.uasset" 255
"../../../Engine/Content/EditorSounds/Notifications/CompileSuccess_Cue.uasset" 256
"../../../Engine/Content/EditorSounds/Notifications/CompileFailed.uasset" 257
"../../../Engine/Content/EditorSounds/Notifications/CompileFailed_Cue.uasset" 258
"../../../Engine/Content/BufferVisualization/BaseColor.uasset" 259
"../../../Engine/Content/BufferVisualization/CustomDepth.uasset" 260
"../../../Engine/Content/Functions/Engine_MaterialFunctions02/Utility/MakeFloat2.uasset" 261
"../../../Engine/Content/Functions/Engine_MaterialFunctions02/Utility/MakeFloat3.uasset" 262
"../../../Engine/Content/EngineMaterials/MiniFont.uasset" 263
"../../../Engine/Content/BufferVisualization/CustomStencil.uasset" 264
"../../../Engine/Content/BufferVisualization/DecalMask.uasset" 265
"../../../Engine/Content/BufferVisualization/FinalImage.uasset" 266
"../../../Engine/Content/BufferVisualization/LightingModel.uasset" 267
"../../../Engine/Content/BufferVisualization/MaterialAO.uasset" 268
"../../../Engine/Content/BufferVisualization/Metallic.uasset" 269
"../../../Engine/Content/BufferVisualization/Opacity.uasset" 270
"../../../Engine/Content/BufferVisualization/Roughness.uasset" 271
"../../../Engine/Content/BufferVisualization/SceneColor.uasset" 272
"../../../Engine/Content/BufferVisualization/SceneDepth.uasset" 273
"../../../Engine/Content/BufferVisualization/SeparateTranslucencyRGB.uasset" 274
"../../../Engine/Content/BufferVisualization/SeparateTranslucencyA.uasset" 275
"../../../Engine/Content/BufferVisualization/Specular.uasset" 276
"../../../Engine/Content/BufferVisualization/SubsurfaceColor.uasset" 277
"../../../Engine/Content/BufferVisualization/WorldNormal.uasset" 278
"../../../Engine/Content/EngineMaterials/DefaultPhysicalMaterial.uasset" 279
"../../../Engine/Content/BufferVisualization/AmbientOcclusion.uasset" 280
"../../../Engine/Content/Functions/Engine_MaterialFunctions02/Utility/VectorLength.uasset" 281
"../../../Engine/Content/BufferVisualization/CustomDepthWorldUnits.uasset" 282
"../../../Engine/Content/BufferVisualization/SceneDepthWorldUnits.uasset" 283
"../../../Engine/Plugins/Runtime/LeapMotionController/Content/LM_CapsuleMesh.uasset" 284
"../../../Engine/Plugins/Runtime/LeapMotionController/Content/LM_TorusMesh.uasset" 285
"../../../Engine/Plugins/Runtime/LeapMotionController/Content/LM_HandColor.uasset" 286
"../../../Engine/Plugins/Runtime/LeapMotionController/Content/LM_SampleDistortion.uasset" 287
"../../../Engine/Plugins/Runtime/LeapMotionController/Content/LM_TestTexture.uasset" 288
"../../../Engine/Plugins/Runtime/LeapMotionController/Content/LM_PassthroughMaterial.uasset" 289
"../../../Engine/Content/BasicShapes/Cube.uasset" 290
"../../../Engine/Content/EngineMaterials/HighResolutionScreenshotMaskFunction.uasset" 291
"../../../Engine/Content/EngineMaterials/HighResScreenshot.uasset" 292
"../../../Engine/Content/EngineMaterials/HighResScreenshotMask.uasset" 293
"../../../Engine/Content/EngineMaterials/HighResScreenshotCaptureRegion.uasset" 294
"../../../Engine/Content/EngineDebugMaterials/WireframeMaterial.uasset" 295
"../../../Engine/Content/Functions/Engine_MaterialFunctions01/Shading/ConvertFromDiffSpec.uasset" 296
"../../../Engine/Content/EngineDebugMaterials/LevelColorationLitMaterial.uasset" 297
"../../../Engine/Content/EngineDebugMaterials/LevelColorationUnlitMaterial.uasset" 298
"../../../Engine/Content/EngineMaterials/DefaultWhiteGrid.uasset" 299
"../../../Engine/Content/EngineDebugMaterials/MAT_LevelColorationLitLightmapUV.uasset" 300
"../../../Engine/Content/EngineDebugMaterials/ShadedLevelColorationLitMaterial.uasset" 301
"../../../Engine/Content/EngineDebugMaterials/ShadedLevelColorationUnlitMateri.uasset" 302
"../../../Engine/Content/EngineDebugMaterials/VertexColorMaterial.uasset" 303
"../../../Engine/Content/EngineDebugMaterials/VertexColorViewMode_ColorOnly.uasset" 304
"../../../Engine/Content/EngineDebugMaterials/VertexColorViewMode_AlphaAsColor.uasset" 305
"../../../Engine/Content/EngineDebugMaterials/VertexColorViewMode_RedOnly.uasset" 306
"../../../Engine/Content/EngineDebugMaterials/VertexColorViewMode_GreenOnly.uasset" 307
"../../../Engine/Content/EngineDebugMaterials/VertexColorViewMode_BlueOnly.uasset" 308
"../../../Engine/Content/EngineMaterials/RemoveSurfaceMaterial.uasset" 309
"../../../Engine/Content/EngineDebugMaterials/DebugMeshMaterial.uasset" 310
"../../../Engine/Content/EngineMaterials/InvalidLightmapSettings.uasset" 311
"../../../Engine/Content/EngineMaterials/M_InvalidLightmapSettings.uasset" 312
"../../../Engine/Content/EditorMaterials/GizmoMaterial.uasset" 313
"../../../Engine/Content/EngineDebugMaterials/GeomMaterial.uasset" 314
"../../../Engine/Content/EngineMaterials/EditorBrushMaterial.uasset" 315
"../../../Engine/Content/EngineDebugMaterials/HeatmapGradient.uasset" 316
"../../../Engine/Content/EngineDebugMaterials/BoneWeightMaterial.uasset" 317
"../../../Engine/Content/EditorMaterials/PreviewShadowIndicator.uasset" 318
"../../../Engine/Content/EditorMaterials/PreviewShadowIndicatorMaterial.uasset" 319
"../../../Engine/Content/EditorMaterials/PhAT_JointLimitMaterial.uasset" 320
"../../../Engine/Content/EditorResources/BSPVertex.uasset" 321
"../../../Engine/Content/EngineMaterials/Good64x64TilingNoiseHighFreq.uasset" 322
"../../../Engine/Content/EngineMaterials/DefaultBokeh.uasset" 323
"../../../Engine/Content/EngineMaterials/PreintegratedSkinBRDF.uasset" 324
"../../../Engine/Content/EngineMaterials/WeightMapPlaceholderTexture.uasset" 325
"../../../Engine/Content/EngineFonts/RobotoTiny.uasset" 326
"../../../Engine/Content/Tutorial/Basics/LevelEditorAttract.uasset" 327
"../../../Engine/Content/Tutorial/Landscape/TutorialAssets/Landscape.uasset" 328
"../../../Engine/Content/Tutorial/Landscape/Landscape_Manage_Mode.uasset" 329
"../../../Engine/Content/Tutorial/SubEditors/DestructibleMeshEditorTutorial.uasset" 330
"../../../Engine/Content/Tutorial/SubEditors/MaterialEditorTutorial.uasset" 331
"../../../Engine/Content/Tutorial/BlueprintTutorials/TutorialAssets/Blueprint_64x.uasset" 332
"../../../Engine/Content/Tutorial/BlueprintTutorials/LevelBlueprintEditorOverview.uasset" 333
"../../../Engine/Content/Tutorial/ContentIntroCurve.uasset" 334
"../../../Engine/Content/EditorMaterials/Cross.uasset" 335
"../../../Engine/Content/EditorMaterials/Cross_Mat.uasset" 336
"../../../Engine/Content/EditorMaterials/PhAT_BoneSelectedMaterial.uasset" 337
"../../../Engine/Content/EditorMaterials/PhAT_ElemSelectedMaterial.uasset" 338
"../../../Engine/Content/EditorMaterials/PhAT_NoCollisionMaterial.uasset" 339
"../../../Engine/Content/EditorMaterials/PhAT_UnselectedMaterial.uasset" 340
"../../../Engine/Content/EditorMaterials/Tick.uasset" 341
"../../../Engine/Content/EditorMaterials/Tick_Mat.uasset" 342
"../../../Engine/Content/EditorMaterials/WidgetGridVertexColorMaterial.uasset" 343
"../../../Engine/Content/EditorMaterials/WidgetGridVertexColorMaterial_Ma.uasset" 344
"../../../Engine/Content/EditorMaterials/WidgetMaterial.uasset" 345
"../../../Engine/Content/EditorMaterials/WidgetMaterial_Current.uasset" 346
"../../../Engine/Content/EditorMaterials/WidgetMaterial_X.uasset" 347
"../../../Engine/Content/EditorMaterials/WidgetMaterial_Y.uasset" 348
"../../../Engine/Content/EditorMaterials/WidgetMaterial_Z.uasset" 349
"../../../Engine/Content/EditorMaterials/WidgetVertexColorMaterial.uasset" 350
"../../../Engine/Content/EditorMaterials/CompositeARGBLayer.uasset" 351
"../../../Engine/Content/EditorMaterials/TilingAALineIntegral.uasset" 352
"../../../Engine/Content/EditorMaterials/TilingAALineBoxFiltered.uasset" 353
"../../../Engine/Content/Functions/Engine_MaterialFunctions03/Procedurals/ComputeFilterWidth.uasset" 354
"../../../Engine/Content/EditorMaterials/TilingAADots.uasset" 355
"../../../Engine/Content/Functions/Engine_MaterialFunctions03/Blends/Blend_Screen.uasset" 356
"../../../Engine/Content/EditorMaterials/TilingAAGrid.uasset" 357
"../../../Engine/Content/EditorMaterials/LevelGridMaterial.uasset" 358
"../../../Engine/Content/EditorResources/SmallFont.uasset" 359
"../../../Engine/Content/EditorResources/S_KBSJoint.uasset" 360
"../../../Engine/Content/EditorResources/S_KHinge.uasset" 361
"../../../Engine/Content/EditorResources/S_KPrismatic.uasset" 362
"../../../Engine/Content/EditorResources/LightIcons/S_LightError.uasset" 363
"../../../Engine/Content/EditorResources/Spline/T_Loft_Spline.uasset" 364
"../../../Engine/Content/EngineMaterials/BlinkingCaret.uasset" 365
"../../../Engine/Content/EngineMaterials/DefaultNormal.uasset" 366
"../../../Engine/Content/EngineMaterials/Grid_N.uasset" 367
"../../../Engine/Content/EngineMaterials/LandscapeHolePhysicalMaterial.uasset" 368
"../../../Engine/Content/EngineMaterials/PaperDiffuse.uasset" 369
"../../../Engine/Content/EngineMaterials/PaperNormal.uasset" 370
"../../../Engine/Content/EngineMaterials/PhysMat_Rubber.uasset" 371
"../../../Engine/Content/EngineFonts/SmallFont.uasset" 372
"../../../Engine/Content/EngineFonts/TinyFont.uasset" 373
"../../../Engine/Content/EngineResources/StreamingPauseIcon.uasset" 374
"../../../Engine/Content/EngineResources/M_StreamingPause.uasset" 375
"../../../Engine/Content/EditorLandscapeResources/DefaultAlphaTexture.uasset" 376
"../../../Engine/Content/EditorSounds/GamePreview/EndPlayInEditor.uasset" 377
"../../../Engine/Content/EditorSounds/GamePreview/EndPlayInEditor_Cue.uasset" 378
"../../../MyProject6/Content/Blueprints/MyHUD.uasset" 379
"../../../Engine/Content/BasicShapes/Cylinder.uasset" 380
"../../../MyProject6/Content/Character/Saved/Backup/Torch_2016-01-31-09-16-07.uasset" 381
"../../../MyProject6/Content/StarterContent/Textures/T_MacroVariation.uasset" 382
"../../../MyProject6/Content/StarterContent/Textures/T_Wood_Walnut_D.uasset" 383
"../../../MyProject6/Content/StarterContent/Textures/T_Wood_Walnut_N.uasset" 384
"../../../MyProject6/Content/StarterContent/Materials/M_Wood_Walnut.uasset" 385
"../../../MyProject6/Content/Character/Content/Torch/Torch.uasset" 386
"../../../MyProject6/Content/Character/Content/Playerone.uasset" 387
"../../../MyProject6/Content/Blueprints/MyGame.uasset" 388
"../../../Engine/Content/EditorResources/EmptyActor.uasset" 389
"../../../Engine/Content/BasicShapes/Sphere.uasset" 390
"../../../Engine/Content/BasicShapes/Cone.uasset" 391
"../../../Engine/Content/Tutorial/Basics/TutorialAssets/icon_tab_Levels_40x.uasset" 392
"../../../Engine/Content/Tutorial/Basics/LevelEditorOverview.uasset" 393
"../../../Engine/Content/EditorMaterials/MakeCompositeARGBLayer.uasset" 394
"../../../Engine/Content/EditorResources/LevelGrid1DStripes.uasset" 395
"../../../Engine/Content/EditorMaterials/TextureGridCascaded1D.uasset" 396
"../../../Engine/Content/EditorMaterials/TextureGridCascaded2D.uasset" 397
"../../../Engine/Content/EditorMaterials/LevelGridMaterial2.uasset" 398
"../../../Engine/Content/MobileResources/HUD/MobileHUDDirectionPad3.uasset" 399
"../../../Engine/Content/EditorSounds/GamePreview/StartPlayInEditor.uasset" 400
"../../../Engine/Content/EditorSounds/GamePreview/StartPlayInEditor_Cue.uasset" 401
"../../../Engine/Content/MobileResources/HUD/MobileHUDButton3.uasset" 402
"../../../Engine/Content/MobileResources/HUD/MobileHUDDirectionPad.uasset" 403
"../../../Engine/Content/MobileResources/HUD/MobileHUDButton1_off.uasset" 404
"../../../Engine/Content/MobileResources/T_MobileMenu2.uasset" 405
"../../../Engine/Content/MobileResources/HUD/MobileHUDButton2_off.uasset" 406
"../../../Engine/Content/MobileResources/HUD/T_Castle_ThumbstickInner.uasset" 407
"../../../Engine/Content/MobileResources/T_MobileControls_texture.uasset" 408
"../../../Engine/Content/MobileResources/HUD/AnalogHat.uasset" 409
"../../../Engine/Content/MobileResources/HUD/VirtualJoystick_Background.uasset" 410
"../../../Engine/Content/MobileResources/HUD/VirtualJoystick_Thumb.uasset" 411
"../../../Engine/Content/MobileResources/HUD/DefaultVirtualJoysticks.uasset" 412
"../../../Engine/Content/MobileResources/HUD/LeftVirtualJoystickOnly.uasset" 413
"../../../Engine/Content/MobileResources/HUD/MobileHUDButton1_on.uasset" 414
"../../../Engine/Content/MobileResources/HUD/MobileHUDButton2_on.uasset" 415
"../../../Engine/Content/MobileResources/HUD/MobileHUDButtonFire.uasset" 416
"../../../Engine/Content/MobileResources/HUD/MobileHUDDirectionPad2.uasset" 417
"../../../Engine/Content/MobileResources/HUD/MobileHUDDirectionStick.uasset" 418
"../../../Engine/Content/MobileResources/HUD/T_Castle_ThumbstickOutter.uasset" 419
