[2016.01.30-10.06.04:748][  0]Log file open, 01/30/16 10:06:04
[2016.01.30-10.06.04:748][  0]LogInit:Display: Running engine for game: MyProject6
[2016.01.30-10.06.04:748][  0]LogPlatformFile: Not using cached read wrapper
[2016.01.30-10.06.04:748][  0]LogInit:Display: RandInit(1972500032) SRandInit(1972500034).
[2016.01.30-10.06.04:748][  0]LogTaskGraph: Started task graph with 4 named threads and 7 total threads.
[2016.01.30-10.06.04:748][  0]LogStats: Stats thread started at 0.088456
[2016.01.30-10.06.04:748][  0]LogInit: Version: 4.10.2-2818068+++depot+UE4-Releases+4.10
[2016.01.30-10.06.04:748][  0]LogInit: API Version: 2758231
[2016.01.30-10.06.04:748][  0]LogInit: Compiled (64-bit): Jan  6 2016 17:36:42
[2016.01.30-10.06.04:748][  0]LogInit: Compiled with Visual C++: 19.00.23026.00
[2016.01.30-10.06.04:748][  0]LogInit: Build Configuration: Development
[2016.01.30-10.06.04:748][  0]LogInit: Branch Name: ++depot+UE4-Releases+4.10
[2016.01.30-10.06.04:748][  0]LogInit: Command line: 
[2016.01.30-10.06.04:748][  0]LogInit: Base directory: E:/Program Files/Epic Games/4.10/Engine/Binaries/Win64/
[2016.01.30-10.06.04:748][  0]LogInit: Rocket: 1
[2016.01.30-10.06.04:755][  0]LogInit: Using libcurl 7.41.0
[2016.01.30-10.06.04:755][  0]LogInit:  - built for x86_64-pc-win32
[2016.01.30-10.06.04:755][  0]LogInit:  - supports SSL with WinSSL
[2016.01.30-10.06.04:755][  0]LogInit:  - other features:
[2016.01.30-10.06.04:755][  0]LogInit:      CURL_VERSION_SSL
[2016.01.30-10.06.04:755][  0]LogInit:      CURL_VERSION_IPV6
[2016.01.30-10.06.04:755][  0]LogInit:      CURL_VERSION_ASYNCHDNS
[2016.01.30-10.06.04:755][  0]LogInit:      CURL_VERSION_LARGEFILE
[2016.01.30-10.06.04:755][  0]LogInit:      CURL_VERSION_IDN
[2016.01.30-10.06.04:755][  0]LogInit:  CurlRequestOptions (configurable via config and command line):
[2016.01.30-10.06.04:755][  0]LogInit:  - bVerifyPeer = true  - Libcurl will verify peer certificate
[2016.01.30-10.06.04:755][  0]LogInit:  - bUseHttpProxy = false  - Libcurl will NOT use HTTP proxy
[2016.01.30-10.06.04:755][  0]LogInit:  - bDontReuseConnections = false  - Libcurl will reuse connections
[2016.01.30-10.06.04:755][  0]LogInit:  - CertBundlePath = nullptr  - Libcurl will use whatever was configured at build time.
[2016.01.30-10.06.04:764][  0]LogInit: Presizing for 0 objects not considered by GC, pre-allocating 0 bytes.
[2016.01.30-10.06.04:772][  0]LogInit: Object subsystem initialized
[2016.01.30-10.06.04:773][  0]LogConsoleManager:Warning: Console variable 'r.MSAA.CompositingSampleCount' wasn't set ('Scalability' has a lower priority than 'ProjectSetting')
[2016.01.30-10.06.04:773][  0]LogInit: Selected Device Profile: [Windows]
[2016.01.30-10.06.04:773][  0]LogInit: Applying CVar settings loaded from the selected device profile: [Windows]
[2016.01.30-10.06.04:786][  0]LogInit: Computer: RAGNAROK
[2016.01.30-10.06.04:787][  0]LogInit: User: Joe
[2016.01.30-10.06.04:787][  0]LogInit: CPU Page size=4096, Cores=4
[2016.01.30-10.06.04:787][  0]LogInit: High frequency timer resolution =3.919529 MHz
[2016.01.30-10.06.04:787][  0]LogMemory: Memory total: Physical=15.9GB (16GB approx)
[2016.01.30-10.06.04:787][  0]LogMemory: Platform Memory Stats for Windows
[2016.01.30-10.06.04:787][  0]LogMemory: Process Physical Memory: 55.95 MB used, 55.95 MB peak
[2016.01.30-10.06.04:787][  0]LogMemory: Process Virtual Memory: 56.77 MB used, 56.77 MB peak
[2016.01.30-10.06.04:787][  0]LogMemory: Physical Memory: 4954.87 MB used, 16282.32 MB total
[2016.01.30-10.06.04:787][  0]LogMemory: Virtual Memory: 379.59 MB used, 134217728.00 MB total
[2016.01.30-10.06.04:824][  0]LogTextLocalizationManager: No specific translations for ('en-US') exist, so ('en') translations will be used.
[2016.01.30-10.06.05:459][  0]LogD3D11RHI: Found D3D11 adapter 0: NVIDIA GeForce GTX 780 Ti  (Feature Level 11_0)
[2016.01.30-10.06.05:459][  0]LogD3D11RHI: Adapter has 3013MB of dedicated video memory, 0MB of dedicated system memory, and 8141MB of shared system memory, 1 output[s]
[2016.01.30-10.06.05:460][  0]LogD3D11RHI: Found D3D11 adapter 1: Microsoft Basic Render Driver (Feature Level 11_0)
[2016.01.30-10.06.05:460][  0]LogD3D11RHI: Adapter has 0MB of dedicated video memory, 0MB of dedicated system memory, and 8141MB of shared system memory, 0 output[s]
[2016.01.30-10.06.05:460][  0]LogD3D11RHI: Chosen D3D11 Adapter Id = 0
[2016.01.30-10.06.05:466][  0]LogD3D11RHI: !Direct3DDevice
[2016.01.30-10.06.05:466][  0]LogRHI: Texture pool is 1361 MB (70% of 1945 MB)
[2016.01.30-10.06.05:484][  0]LogD3D11RHI: Async texture creation enabled
[2016.01.30-10.06.05:495][  0]LogShaderCompilers: Guid format shader working directory is -17 characters bigger than the processId version (C:/Users/Joe/Documents/Unreal Projects/Baller/MyProject6 4.10/Intermediate/Shaders/WorkingDirectory/6900/).
[2016.01.30-10.06.05:495][  0]LogShaderCompilers: Cleaned the shader compiler working directory 'C:/Users/Joe/AppData/Local/Temp/UnrealShaderWorkingDir/A1750542402FE5125A513A8395C5D3F7/'.
[2016.01.30-10.06.05:495][  0]LogShaderCompilers:Display: Using Local Shader Compiler.
[2016.01.30-10.06.06:559][  0]LogTemp:Display: Loaded TP AllDesktopTargetPlatform
[2016.01.30-10.06.06:565][  0]LogTemp:Display: Loaded TP WindowsClientTargetPlatform
[2016.01.30-10.06.06:570][  0]LogTemp:Display: Loaded TP WindowsNoEditorTargetPlatform
[2016.01.30-10.06.06:576][  0]LogTemp:Display: Loaded TP WindowsServerTargetPlatform
[2016.01.30-10.06.06:581][  0]LogTemp:Display: Loaded TP WindowsTargetPlatform
[2016.01.30-10.06.06:585][  0]LogTemp:Display: Loaded TP AndroidTargetPlatform
[2016.01.30-10.06.06:589][  0]LogTemp:Display: Loaded TP Android_ASTCTargetPlatform
[2016.01.30-10.06.06:591][  0]LogTemp:Display: Loaded TP Android_ATCTargetPlatform
[2016.01.30-10.06.06:595][  0]LogTemp:Display: Loaded TP Android_DXTTargetPlatform
[2016.01.30-10.06.06:599][  0]LogTemp:Display: Loaded TP Android_ETC1TargetPlatform
[2016.01.30-10.06.06:602][  0]LogTemp:Display: Loaded TP Android_ETC2TargetPlatform
[2016.01.30-10.06.06:610][  0]LogTemp:Display: Loaded TP Android_MultiTargetPlatform
[2016.01.30-10.06.06:610][  0]LogTemp:Display: Loaded TP Android_PVRTCTargetPlatform
[2016.01.30-10.06.06:611][  0]LogTemp:Display: Loaded TP HTML5TargetPlatform
[2016.01.30-10.06.06:629][  0]LogTemp:Display: Loaded TP IOSTargetPlatform
[2016.01.30-10.06.06:632][  0]LogTemp:Display: Loaded TP LinuxNoEditorTargetPlatform
[2016.01.30-10.06.06:635][  0]LogTemp:Display: Loaded TP LinuxServerTargetPlatform
[2016.01.30-10.06.06:639][  0]LogTemp:Display: Loaded TP LinuxTargetPlatform
[2016.01.30-10.06.06:639][  0]LogTargetPlatformManager:Display: Building Assets For Windows
[2016.01.30-10.06.06:741][  0]LogDerivedDataCache:Display: Max Cache Size: 512 MB
[2016.01.30-10.06.06:816][  0]LogDerivedDataCache: Loaded boot cache 0.08s 41MB C:/Users/Joe/AppData/Local/UnrealEngine/4.10/DerivedDataCache/Boot.ddc.
[2016.01.30-10.06.06:816][  0]LogDerivedDataCache:Display: Loaded Boot cache: C:/Users/Joe/AppData/Local/UnrealEngine/4.10/DerivedDataCache/Boot.ddc
[2016.01.30-10.06.06:816][  0]LogDerivedDataCache: FDerivedDataBackendGraph:  Pak pak cache file C:/Users/Joe/Documents/Unreal Projects/Baller/MyProject6 4.10/DerivedDataCache/DDC.ddp not found, will not use a pak cache.
[2016.01.30-10.06.06:816][  0]LogDerivedDataCache: Unable to find inner node Pak for hierarchical cache Hierarchy.
[2016.01.30-10.06.06:817][  0]LogDerivedDataCache: FDerivedDataBackendGraph:  CompressedPak pak cache file C:/Users/Joe/Documents/Unreal Projects/Baller/MyProject6 4.10/DerivedDataCache/Compressed.ddp not found, will not use a pak cache.
[2016.01.30-10.06.06:817][  0]LogDerivedDataCache: Unable to find inner node CompressedPak for hierarchical cache Hierarchy.
[2016.01.30-10.06.06:879][  0]LogDerivedDataCache:Display: Pak cache opened for reading ../../../Engine/DerivedDataCache/Compressed.ddp.
[2016.01.30-10.06.06:892][  0]LogDerivedDataCache: Using Local data cache path C:/Users/Joe/AppData/Local/UnrealEngine/Common/DerivedDataCache: Writable
[2016.01.30-10.06.07:120][  0]LogInit: Selected Device Profile: [Windows]
[2016.01.30-10.06.07:123][  0]LogContentStreaming: Texture pool size is 0.000000MB
[2016.01.30-10.06.07:262][  0]LogMeshUtilities: No automatic mesh reduction module available
[2016.01.30-10.06.07:262][  0]LogMeshUtilities: No automatic mesh merging module available
[2016.01.30-10.06.07:532][  0]LogInit: WinSock: version 1.1 (2.2), MaxSocks=32767, MaxUdp=65467
[2016.01.30-10.06.08:437][  0]UdpMessaging: Initializing bridge on interface 0.0.0.0:0 to multicast group 230.0.0.1:6666.
[2016.01.30-10.06.08:548][  0]LogAssetRegistry: FAssetRegistry took 0.0110 seconds to start up
[2016.01.30-10.06.08:782][  0]SourceControl: Info Source control is disabled
[2016.01.30-10.06.08:783][  0]SourceControl: Info Source control is disabled
[2016.01.30-10.06.08:799][  0]SourceControl: Info Source control is disabled
[2016.01.30-10.06.08:815][  0]SourceControl: Info Source control is disabled
[2016.01.30-10.06.09:170][  0]LogObj: 28633 objects as part of root set at end of initial load.
[2016.01.30-10.06.09:170][  0]LogUObjectAllocator: 6099752 out of 0 bytes used by permanent object pool.
[2016.01.30-10.06.09:263][  0]LogEngine: Initializing Engine...
[2016.01.30-10.06.09:267][  0]LogHMD: Can't find Oculus library dev build: is proper Runtime installed? Version: 0.8.0.0
[2016.01.30-10.06.09:277][  0]LogHMD: SteamVR failed to initialize.  Err: 108
[2016.01.30-10.06.09:443][  0]LogAIModule: Creating AISystem for world NewWorld
[2016.01.30-10.06.09:468][  0]LogInit: XAudio2 using 'Headset (4- SB Tactic3D Rage Wireless)' : 2 channels at 44.1 kHz using 16 bits per sample (channel mask 0x3)
[2016.01.30-10.06.09:493][  0]LogInit: FAudioDevice initialized.
[2016.01.30-10.06.09:530][  0]LogDerivedDataCache: Saved boot cache 0.04s 41MB C:/Users/Joe/AppData/Local/UnrealEngine/4.10/DerivedDataCache/Boot.ddc.
[2016.01.30-10.06.09:541][  0]LogInit: Texture streaming: Enabled
[2016.01.30-10.06.09:549][  0]LogAnalytics: Creating configured Analytics provider AnalyticsET
[2016.01.30-10.06.09:549][  0]LogAnalytics: [UEEditor.Rocket.Release] APIServer = http://et2.epicgames.com/ET2/. AppVersion = 4.10.2-2818068+++depot+UE4-Releases+4.10
[2016.01.30-10.06.09:549][  0]LogAnalytics: [UEEditor.Rocket.Release] SetUserId 32b4a5f24472a1a37f9770b8873341fc|b8f1d4b6f9934d789072be7fdede4a71|feb1f61d-5633-4d4e-873d-f67e40539e45
[2016.01.30-10.06.09:549][  0]LogAnalytics: [UEEditor.Rocket.Release] AnalyticsET::StartSession
[2016.01.30-10.06.09:562][  0]LogInit: Transaction tracking system initialized
[2016.01.30-10.06.09:606][  0]BlueprintLog: New page: Editor Load
[2016.01.30-10.06.09:731][  0]LocalizationService: Info Localization service is disabled
[2016.01.30-10.06.09:834][  0]LogConsoleResponse:Display: 
[2016.01.30-10.06.09:984][  0]LogCook:Display: Done creating registry. It took  0.00s.
[2016.01.30-10.06.10:078][  0]LogFileCache: Scanning file cache for directory 'C:/Users/Joe/Documents/Unreal Projects/Baller/MyProject6 4.10/Content/' took 0.10s
[2016.01.30-10.06.10:078][  0]SourceControl: Info Source control is disabled
[2016.01.30-10.06.10:079][  0]Cmd: MAP LOAD FILE="C:/Users/Joe/Documents/Unreal Projects/Baller/MyProject6 4.10/Content/Maps/Example_Map.umap" TEMPLATE=0 SHOWPROGRESS=1 FEATURELEVEL=3
[2016.01.30-10.06.10:083][  0]LightingResults: New page: Lighting Build
[2016.01.30-10.06.10:088][  0]MapCheck: New page: Map Check
[2016.01.30-10.06.10:088][  0]LightingResults: New page: Lighting Build
[2016.01.30-10.06.10:108][  0]LogParticles: Destroying 0 GPU particle simulations for FXSystem 0x0000004452B0BB00
[2016.01.30-10.06.10:493][  0]LogAIModule: Creating AISystem for world Example_Map
[2016.01.30-10.06.10:499][  0]LogEditorServer: Finished looking for orphan Actors (0.000 secs)
[2016.01.30-10.06.10:511][  0]Cmd: MAP CHECKDEP NOCLEARLOG
[2016.01.30-10.06.10:568][  0]MapCheck: Info Map check complete: 0 Error(s), 0 Warning(s), took 56.716ms to complete.
[2016.01.30-10.06.10:568][  0]LogFileHelpers: Loading map 'Example_Map' took 0.490
[2016.01.30-10.06.10:751][  0]LogCollectionManager: Loaded 0 collections in 0.002954 seconds
[2016.01.30-10.06.10:794][  0]LogFileCache: Scanning file cache for directory 'C:/Users/Joe/Documents/Unreal Projects/Baller/MyProject6 4.10/Saved/Collections/' took 0.01s
[2016.01.30-10.06.10:794][  0]LogFileCache: Scanning file cache for directory 'C:/Users/Joe/Documents/Unreal Projects/Baller/MyProject6 4.10/Content/Developers/Joe/Collections/' took 0.01s
[2016.01.30-10.06.10:794][  0]LogFileCache: Scanning file cache for directory 'C:/Users/Joe/Documents/Unreal Projects/Baller/MyProject6 4.10/Content/Collections/' took 0.01s
[2016.01.30-10.06.10:794][  0]LogCollectionManager: Rebuilt the GUID cache for 0 collections in 0.000002 seconds
[2016.01.30-10.06.10:806][  0]LogContentBrowser: Native class hierarchy populated in 0.0114 seconds. Added 1893 classes and 338 folders.
[2016.01.30-10.06.10:815][  0]LogContentBrowser: Native class hierarchy updated for 'WidgetCarousel' in 0.0004 seconds. Added 0 classes and 0 folders.
[2016.01.30-10.06.11:555][  0]LogContentBrowser: Native class hierarchy updated for 'AddContentDialog' in 0.0004 seconds. Added 0 classes and 0 folders.
[2016.01.30-10.06.11:572][  0]LogContentBrowser: Native class hierarchy updated for 'SceneOutliner' in 0.0004 seconds. Added 1 classes and 2 folders.
[2016.01.30-10.06.11:613][  0]LogCrashTracker: Crashtracker disabled due to settings.
[2016.01.30-10.06.11:618][  0]LogUObjectGlobals:Warning: Failed to find object 'Class None.'
[2016.01.30-10.06.11:643][  0]LogLoad: Full Startup: 7.47 seconds (BP compile: 0.05 seconds)
[2016.01.30-10.06.11:652][  0]LogWindowsTextInputMethodSystem:Display: IME system now deactivated.
[2016.01.30-10.06.11:655][  0]LogOcInput: Can't find Oculus library dev build: is proper Runtime installed? Version: 0.8.0.0
[2016.01.30-10.06.11:693][  0]LogContentStreaming: Texture pool size now 1000 MB
[2016.01.30-10.06.11:877][  0]LogRenderer: Reallocating scene render targets to support 1616x808 (Frame:2).
[2016.01.30-10.06.12:654][ 19]LogAssetRegistry: Asset discovery search completed in 4.1173 seconds
[2016.01.30-10.06.12:654][ 19]LogCollectionManager: Rebuilt the object cache for 0 collections in 0.000001 seconds (found 0 objects)
[2016.01.30-10.06.12:654][ 19]LogCollectionManager: Fixed up redirectors for 0 collections in 0.000021 seconds (updated 0 objects)
[2016.01.30-10.08.45:712][852]Cmd: MAP LOAD FILE="C:/Users/Joe/Documents/Unreal Projects/Baller/MyProject6 4.10/Content/Maps/Aztec3.umap" TEMPLATE=0 SHOWPROGRESS=1 FEATURELEVEL=3
[2016.01.30-10.08.45:735][852]LightingResults: New page: Lighting Build
[2016.01.30-10.08.45:753][852]LoadErrors: New page: Loading map: Aztec3.umap
[2016.01.30-10.08.45:754][852]MapCheck: New page: Map Check
[2016.01.30-10.08.45:754][852]LightingResults: New page: Lighting Build
[2016.01.30-10.08.45:769][852]LogParticles: Destroying 0 GPU particle simulations for FXSystem 0x000000445A77F380
[2016.01.30-10.08.46:226][852]LogAIModule: Creating AISystem for world Aztec3
[2016.01.30-10.08.46:243][852]LogEditorServer: Finished looking for orphan Actors (0.000 secs)
[2016.01.30-10.08.46:310][852]Cmd: MAP CHECKDEP NOCLEARLOG
[2016.01.30-10.08.46:467][852]MapCheck:Warning: Warning Polys_2168 Polys /Game/Maps/Aztec3.Aztec3:PersistentLevel.BoxBrush2.Model_11.Polys_2168 : Externally referenced 
[2016.01.30-10.08.46:467][852]MapCheck:Warning: Warning Model_0 Model /Game/Maps/Aztec3.Aztec3:PersistentLevel.Model_0 : Externally referenced 
[2016.01.30-10.08.46:467][852]MapCheck:Warning: Warning ModelComponent_67946 ModelComponent /Game/Maps/Aztec3.Aztec3:PersistentLevel.ModelComponent_67946 : Externally referenced 
[2016.01.30-10.08.46:467][852]MapCheck:Warning: Warning ModelComponent_67945 ModelComponent /Game/Maps/Aztec3.Aztec3:PersistentLevel.ModelComponent_67945 : Externally referenced 
[2016.01.30-10.08.46:467][852]MapCheck:Warning: Warning ModelComponent_67944 ModelComponent /Game/Maps/Aztec3.Aztec3:PersistentLevel.ModelComponent_67944 : Externally referenced 
[2016.01.30-10.08.46:467][852]MapCheck:Warning: Warning ModelComponent_67943 ModelComponent /Game/Maps/Aztec3.Aztec3:PersistentLevel.ModelComponent_67943 : Externally referenced 
[2016.01.30-10.08.46:467][852]MapCheck:Warning: Warning ModelComponent_67940 ModelComponent /Game/Maps/Aztec3.Aztec3:PersistentLevel.ModelComponent_67940 : Externally referenced 
[2016.01.30-10.08.46:467][852]MapCheck:Warning: Warning ModelComponent_67939 ModelComponent /Game/Maps/Aztec3.Aztec3:PersistentLevel.ModelComponent_67939 : Externally referenced 
[2016.01.30-10.08.46:467][852]MapCheck:Warning: Warning ModelComponent_67932 ModelComponent /Game/Maps/Aztec3.Aztec3:PersistentLevel.ModelComponent_67932 : Externally referenced 
[2016.01.30-10.08.46:467][852]MapCheck:Warning: Warning ModelComponent_67931 ModelComponent /Game/Maps/Aztec3.Aztec3:PersistentLevel.ModelComponent_67931 : Externally referenced 
[2016.01.30-10.08.46:467][852]MapCheck:Warning: Warning ModelComponent_67930 ModelComponent /Game/Maps/Aztec3.Aztec3:PersistentLevel.ModelComponent_67930 : Externally referenced 
[2016.01.30-10.08.46:467][852]MapCheck:Warning: Warning ModelComponent_67913 ModelComponent /Game/Maps/Aztec3.Aztec3:PersistentLevel.ModelComponent_67913 : Externally referenced 
[2016.01.30-10.08.46:467][852]MapCheck:Warning: Warning Polys_89675 Polys /Game/Maps/Aztec3.Aztec3:PersistentLevel.CurvedStairBrush3.Model_5.Polys_89675 : Externally referenced 
[2016.01.30-10.08.46:467][852]MapCheck:Warning: Warning Polys_84979 Polys /Game/Maps/Aztec3.Aztec3:PersistentLevel.CurvedStairBrush2.Model_5.Polys_84979 : Externally referenced 
[2016.01.30-10.08.46:468][852]MapCheck:Warning: Warning Polys_75847 Polys /Game/Maps/Aztec3.Aztec3:PersistentLevel.CurvedStairBrush.Model_5.Polys_75847 : Externally referenced 
[2016.01.30-10.08.46:468][852]MapCheck:Warning: Warning Model_0 Model /Game/Maps/Aztec3.Aztec3:PersistentLevel.Model_0 : Externally referenced 
[2016.01.30-10.08.46:468][852]MapCheck:Warning: Warning ModelComponent_67963 ModelComponent /Game/Maps/Aztec3.Aztec3:PersistentLevel.ModelComponent_67963 : Externally referenced 
[2016.01.30-10.08.46:468][852]MapCheck:Warning: Warning ModelComponent_67959 ModelComponent /Game/Maps/Aztec3.Aztec3:PersistentLevel.ModelComponent_67959 : Externally referenced 
[2016.01.30-10.08.46:468][852]MapCheck:Warning: Warning ModelComponent_67958 ModelComponent /Game/Maps/Aztec3.Aztec3:PersistentLevel.ModelComponent_67958 : Externally referenced 
[2016.01.30-10.08.46:468][852]MapCheck:Warning: Warning ModelComponent_67957 ModelComponent /Game/Maps/Aztec3.Aztec3:PersistentLevel.ModelComponent_67957 : Externally referenced 
[2016.01.30-10.08.46:468][852]MapCheck:Warning: Warning Polys_2297 Polys /Game/Maps/Aztec3.Aztec3:PersistentLevel.Wall_W.Model_10.Polys_2297 : Externally referenced 
[2016.01.30-10.08.46:468][852]MapCheck:Warning: Warning Polys_2049 Polys /Game/Maps/Aztec3.Aztec3:PersistentLevel.Wall_S.Model_10.Polys_2049 : Externally referenced 
[2016.01.30-10.08.46:469][852]MapCheck:Warning: Warning Polys_2321 Polys /Game/Maps/Aztec3.Aztec3:PersistentLevel.Wall_N.Model_10.Polys_2321 : Externally referenced 
[2016.01.30-10.08.46:469][852]MapCheck:Warning: Warning Polys_2277 Polys /Game/Maps/Aztec3.Aztec3:PersistentLevel.Wall_E.Model_10.Polys_2277 : Externally referenced 
[2016.01.30-10.08.46:469][852]MapCheck:Warning: Warning Polys_1051 Polys /Game/Maps/Aztec3.Aztec3:PersistentLevel.LinearStairBrush.Model_7.Polys_1051 : Externally referenced 
[2016.01.30-10.08.46:469][852]MapCheck:Warning: Warning Polys_69892 Polys /Game/Maps/Aztec3.Aztec3:PersistentLevel.Door9.Model_13.Polys_69892 : Externally referenced 
[2016.01.30-10.08.46:469][852]MapCheck:Warning: Warning Polys_68387 Polys /Game/Maps/Aztec3.Aztec3:PersistentLevel.Door8.Model_13.Polys_68387 : Externally referenced 
[2016.01.30-10.08.46:469][852]MapCheck:Warning: Warning Polys_63028 Polys /Game/Maps/Aztec3.Aztec3:PersistentLevel.Door7.Model_13.Polys_63028 : Externally referenced 
[2016.01.30-10.08.46:469][852]MapCheck:Warning: Warning Polys_61134 Polys /Game/Maps/Aztec3.Aztec3:PersistentLevel.Door6.Model_13.Polys_61134 : Externally referenced 
[2016.01.30-10.08.46:469][852]MapCheck:Warning: Warning Polys_44351 Polys /Game/Maps/Aztec3.Aztec3:PersistentLevel.Door5.Model_13.Polys_44351 : Externally referenced 
[2016.01.30-10.08.46:469][852]MapCheck:Warning: Warning Polys_36470 Polys /Game/Maps/Aztec3.Aztec3:PersistentLevel.Door4.Model_13.Polys_36470 : Externally referenced 
[2016.01.30-10.08.46:470][852]MapCheck:Warning: Warning Polys_36099 Polys /Game/Maps/Aztec3.Aztec3:PersistentLevel.Door3.Model_13.Polys_36099 : Externally referenced 
[2016.01.30-10.08.46:470][852]MapCheck:Warning: Warning Polys_181858 Polys /Game/Maps/Aztec3.Aztec3:PersistentLevel.Door23.Model_13.Polys_181858 : Externally referenced 
[2016.01.30-10.08.46:470][852]MapCheck:Warning: Warning Polys_177163 Polys /Game/Maps/Aztec3.Aztec3:PersistentLevel.Door22.Model_13.Polys_177163 : Externally referenced 
[2016.01.30-10.08.46:470][852]MapCheck:Warning: Warning Polys_173891 Polys /Game/Maps/Aztec3.Aztec3:PersistentLevel.Door21.Model_13.Polys_173891 : Externally referenced 
[2016.01.30-10.08.46:470][852]MapCheck:Warning: Warning Polys_172006 Polys /Game/Maps/Aztec3.Aztec3:PersistentLevel.Door20.Model_13.Polys_172006 : Externally referenced 
[2016.01.30-10.08.46:470][852]MapCheck:Warning: Warning Polys_34887 Polys /Game/Maps/Aztec3.Aztec3:PersistentLevel.Door2.Model_13.Polys_34887 : Externally referenced 
[2016.01.30-10.08.46:470][852]MapCheck:Warning: Warning Polys_169342 Polys /Game/Maps/Aztec3.Aztec3:PersistentLevel.Door19.Model_13.Polys_169342 : Externally referenced 
[2016.01.30-10.08.46:470][852]MapCheck:Warning: Warning Polys_157116 Polys /Game/Maps/Aztec3.Aztec3:PersistentLevel.Door18.Model_13.Polys_157116 : Externally referenced 
[2016.01.30-10.08.46:470][852]MapCheck:Warning: Warning Polys_155608 Polys /Game/Maps/Aztec3.Aztec3:PersistentLevel.Door17.Model_13.Polys_155608 : Externally referenced 
[2016.01.30-10.08.46:471][852]MapCheck:Warning: Warning Polys_150166 Polys /Game/Maps/Aztec3.Aztec3:PersistentLevel.Door16.Model_13.Polys_150166 : Externally referenced 
[2016.01.30-10.08.46:471][852]MapCheck:Warning: Warning Polys_137760 Polys /Game/Maps/Aztec3.Aztec3:PersistentLevel.Door15.Model_13.Polys_137760 : Externally referenced 
[2016.01.30-10.08.46:471][852]MapCheck:Warning: Warning Polys_136842 Polys /Game/Maps/Aztec3.Aztec3:PersistentLevel.Door14.Model_13.Polys_136842 : Externally referenced 
[2016.01.30-10.08.46:471][852]MapCheck:Warning: Warning Polys_125198 Polys /Game/Maps/Aztec3.Aztec3:PersistentLevel.Door13.Model_13.Polys_125198 : Externally referenced 
[2016.01.30-10.08.46:471][852]MapCheck:Warning: Warning Polys_124101 Polys /Game/Maps/Aztec3.Aztec3:PersistentLevel.Door12_106.Model_13.Polys_124101 : Externally referenced 
[2016.01.30-10.08.46:471][852]MapCheck:Warning: Warning Polys_96415 Polys /Game/Maps/Aztec3.Aztec3:PersistentLevel.Door11.Model_13.Polys_96415 : Externally referenced 
[2016.01.30-10.08.46:471][852]MapCheck:Warning: Warning Polys_75153 Polys /Game/Maps/Aztec3.Aztec3:PersistentLevel.Door10.Model_13.Polys_75153 : Externally referenced 
[2016.01.30-10.08.46:471][852]MapCheck:Warning: Warning Polys_3432 Polys /Game/Maps/Aztec3.Aztec3:PersistentLevel.Door.Model_13.Polys_3432 : Externally referenced 
[2016.01.30-10.08.46:471][852]MapCheck:Warning: Warning Polys_174977 Polys /Game/Maps/Aztec3.Aztec3:PersistentLevel.CylinderBrush5.Model_4.Polys_174977 : Externally referenced 
[2016.01.30-10.08.46:471][852]MapCheck:Warning: Warning Polys_135024 Polys /Game/Maps/Aztec3.Aztec3:PersistentLevel.CylinderBrush4.Model_4.Polys_135024 : Externally referenced 
[2016.01.30-10.08.46:472][852]MapCheck:Warning: Warning Polys_67725 Polys /Game/Maps/Aztec3.Aztec3:PersistentLevel.CylinderBrush3.Model_4.Polys_67725 : Externally referenced 
[2016.01.30-10.08.46:472][852]MapCheck:Warning: Warning Polys_65767 Polys /Game/Maps/Aztec3.Aztec3:PersistentLevel.CylinderBrush2.Model_4.Polys_65767 : Externally referenced 
[2016.01.30-10.08.46:472][852]MapCheck:Warning: Warning Polys_42957 Polys /Game/Maps/Aztec3.Aztec3:PersistentLevel.CylinderBrush.Model_4.Polys_42957 : Externally referenced 
[2016.01.30-10.08.46:472][852]MapCheck:Warning: Warning Polys_165160 Polys /Game/Maps/Aztec3.Aztec3:PersistentLevel.BoxBrush99.Model_15.Polys_165160 : Externally referenced 
[2016.01.30-10.08.46:472][852]MapCheck:Warning: Warning Polys_163102 Polys /Game/Maps/Aztec3.Aztec3:PersistentLevel.BoxBrush98.Model_15.Polys_163102 : Externally referenced 
[2016.01.30-10.08.46:472][852]MapCheck:Warning: Warning Polys_158889 Polys /Game/Maps/Aztec3.Aztec3:PersistentLevel.BoxBrush97.Model_15.Polys_158889 : Externally referenced 
[2016.01.30-10.08.46:472][852]MapCheck:Warning: Warning Polys_153614 Polys /Game/Maps/Aztec3.Aztec3:PersistentLevel.BoxBrush96.Model_15.Polys_153614 : Externally referenced 
[2016.01.30-10.08.46:472][852]MapCheck:Warning: Warning Polys_151883 Polys /Game/Maps/Aztec3.Aztec3:PersistentLevel.BoxBrush95.Model_15.Polys_151883 : Externally referenced 
[2016.01.30-10.08.46:472][852]MapCheck:Warning: Warning Polys_147248 Polys /Game/Maps/Aztec3.Aztec3:PersistentLevel.BoxBrush94.Model_15.Polys_147248 : Externally referenced 
[2016.01.30-10.08.46:473][852]MapCheck:Warning: Warning Polys_144113 Polys /Game/Maps/Aztec3.Aztec3:PersistentLevel.BoxBrush93.Model_15.Polys_144113 : Externally referenced 
[2016.01.30-10.08.46:473][852]MapCheck:Warning: Warning Polys_143633 Polys /Game/Maps/Aztec3.Aztec3:PersistentLevel.BoxBrush92.Model_15.Polys_143633 : Externally referenced 
[2016.01.30-10.08.46:473][852]MapCheck:Warning: Warning Polys_141498 Polys /Game/Maps/Aztec3.Aztec3:PersistentLevel.BoxBrush91.Model_15.Polys_141498 : Externally referenced 
[2016.01.30-10.08.46:473][852]MapCheck:Warning: Warning Polys_139851 Polys /Game/Maps/Aztec3.Aztec3:PersistentLevel.BoxBrush90.Model_15.Polys_139851 : Externally referenced 
[2016.01.30-10.08.46:473][852]MapCheck:Warning: Warning Polys_1512 Polys /Game/Maps/Aztec3.Aztec3:PersistentLevel.BoxBrush9.Model_15.Polys_1512 : Externally referenced 
[2016.01.30-10.08.46:473][852]MapCheck:Warning: Warning Polys_138917 Polys /Game/Maps/Aztec3.Aztec3:PersistentLevel.BoxBrush89.Model_15.Polys_138917 : Externally referenced 
[2016.01.30-10.08.46:473][852]MapCheck:Warning: Warning Polys_131647 Polys /Game/Maps/Aztec3.Aztec3:PersistentLevel.BoxBrush88.Model_15.Polys_131647 : Externally referenced 
[2016.01.30-10.08.46:473][852]MapCheck:Warning: Warning Polys_127631 Polys /Game/Maps/Aztec3.Aztec3:PersistentLevel.BoxBrush87.Model_15.Polys_127631 : Externally referenced 
[2016.01.30-10.08.46:473][852]MapCheck:Warning: Warning Polys_119942 Polys /Game/Maps/Aztec3.Aztec3:PersistentLevel.BoxBrush86.Model_15.Polys_119942 : Externally referenced 
[2016.01.30-10.08.46:474][852]MapCheck:Warning: Warning Polys_118421 Polys /Game/Maps/Aztec3.Aztec3:PersistentLevel.BoxBrush85.Model_15.Polys_118421 : Externally referenced 
[2016.01.30-10.08.46:474][852]MapCheck:Warning: Warning Polys_117774 Polys /Game/Maps/Aztec3.Aztec3:PersistentLevel.BoxBrush84.Model_15.Polys_117774 : Externally referenced 
[2016.01.30-10.08.46:474][852]MapCheck:Warning: Warning Polys_116920 Polys /Game/Maps/Aztec3.Aztec3:PersistentLevel.BoxBrush83.Model_15.Polys_116920 : Externally referenced 
[2016.01.30-10.08.46:474][852]MapCheck:Warning: Warning Polys_115230 Polys /Game/Maps/Aztec3.Aztec3:PersistentLevel.BoxBrush82.Model_15.Polys_115230 : Externally referenced 
[2016.01.30-10.08.46:474][852]MapCheck:Warning: Warning Polys_111056 Polys /Game/Maps/Aztec3.Aztec3:PersistentLevel.BoxBrush81.Model_15.Polys_111056 : Externally referenced 
[2016.01.30-10.08.46:474][852]MapCheck:Warning: Warning Polys_105109 Polys /Game/Maps/Aztec3.Aztec3:PersistentLevel.BoxBrush80.Model_15.Polys_105109 : Externally referenced 
[2016.01.30-10.08.46:474][852]MapCheck:Warning: Warning Polys_314 Polys /Game/Maps/Aztec3.Aztec3:PersistentLevel.BoxBrush8.Model_15.Polys_314 : Externally referenced 
[2016.01.30-10.08.46:474][852]MapCheck:Warning: Warning Polys_104498 Polys /Game/Maps/Aztec3.Aztec3:PersistentLevel.BoxBrush79.Model_15.Polys_104498 : Externally referenced 
[2016.01.30-10.08.46:474][852]MapCheck:Warning: Warning Polys_102687 Polys /Game/Maps/Aztec3.Aztec3:PersistentLevel.BoxBrush78.Model_15.Polys_102687 : Externally referenced 
[2016.01.30-10.08.46:475][852]MapCheck:Warning: Warning Polys_101491 Polys /Game/Maps/Aztec3.Aztec3:PersistentLevel.BoxBrush77.Model_15.Polys_101491 : Externally referenced 
[2016.01.30-10.08.46:475][852]MapCheck:Warning: Warning Polys_100307 Polys /Game/Maps/Aztec3.Aztec3:PersistentLevel.BoxBrush76.Model_15.Polys_100307 : Externally referenced 
[2016.01.30-10.08.46:475][852]MapCheck:Warning: Warning Polys_97575 Polys /Game/Maps/Aztec3.Aztec3:PersistentLevel.BoxBrush75.Model_15.Polys_97575 : Externally referenced 
[2016.01.30-10.08.46:475][852]MapCheck:Warning: Warning Polys_94312 Polys /Game/Maps/Aztec3.Aztec3:PersistentLevel.BoxBrush74.Model_15.Polys_94312 : Externally referenced 
[2016.01.30-10.08.46:475][852]MapCheck:Warning: Warning Polys_93365 Polys /Game/Maps/Aztec3.Aztec3:PersistentLevel.BoxBrush73.Model_15.Polys_93365 : Externally referenced 
[2016.01.30-10.08.46:475][852]MapCheck:Warning: Warning Polys_92615 Polys /Game/Maps/Aztec3.Aztec3:PersistentLevel.BoxBrush72.Model_15.Polys_92615 : Externally referenced 
[2016.01.30-10.08.46:475][852]MapCheck:Warning: Warning Polys_91873 Polys /Game/Maps/Aztec3.Aztec3:PersistentLevel.BoxBrush71.Model_15.Polys_91873 : Externally referenced 
[2016.01.30-10.08.46:475][852]MapCheck:Warning: Warning Polys_86234 Polys /Game/Maps/Aztec3.Aztec3:PersistentLevel.BoxBrush70.Model_15.Polys_86234 : Externally referenced 
[2016.01.30-10.08.46:475][852]MapCheck:Warning: Warning Polys_258 Polys /Game/Maps/Aztec3.Aztec3:PersistentLevel.BoxBrush7.Model_15.Polys_258 : Externally referenced 
[2016.01.30-10.08.46:476][852]MapCheck:Warning: Warning Polys_83915 Polys /Game/Maps/Aztec3.Aztec3:PersistentLevel.BoxBrush69.Model_15.Polys_83915 : Externally referenced 
[2016.01.30-10.08.46:476][852]MapCheck:Warning: Warning Polys_73612 Polys /Game/Maps/Aztec3.Aztec3:PersistentLevel.BoxBrush68.Model_15.Polys_73612 : Externally referenced 
[2016.01.30-10.08.46:476][852]MapCheck:Warning: Warning Polys_62549 Polys /Game/Maps/Aztec3.Aztec3:PersistentLevel.BoxBrush67.Model_15.Polys_62549 : Externally referenced 
[2016.01.30-10.08.46:476][852]MapCheck:Warning: Warning Polys_58187 Polys /Game/Maps/Aztec3.Aztec3:PersistentLevel.BoxBrush66.Model_15.Polys_58187 : Externally referenced 
[2016.01.30-10.08.46:476][852]MapCheck:Warning: Warning Polys_57114 Polys /Game/Maps/Aztec3.Aztec3:PersistentLevel.BoxBrush65.Model_15.Polys_57114 : Externally referenced 
[2016.01.30-10.08.46:476][852]MapCheck:Warning: Warning Polys_54243 Polys /Game/Maps/Aztec3.Aztec3:PersistentLevel.BoxBrush64.Model_15.Polys_54243 : Externally referenced 
[2016.01.30-10.08.46:476][852]MapCheck:Warning: Warning Polys_51559 Polys /Game/Maps/Aztec3.Aztec3:PersistentLevel.BoxBrush63.Model_15.Polys_51559 : Externally referenced 
[2016.01.30-10.08.46:476][852]MapCheck:Warning: Warning Polys_47658 Polys /Game/Maps/Aztec3.Aztec3:PersistentLevel.BoxBrush62.Model_15.Polys_47658 : Externally referenced 
[2016.01.30-10.08.46:476][852]MapCheck:Warning: Warning Polys_45916 Polys /Game/Maps/Aztec3.Aztec3:PersistentLevel.BoxBrush61.Model_15.Polys_45916 : Externally referenced 
[2016.01.30-10.08.46:477][852]MapCheck:Warning: Warning Polys_45199 Polys /Game/Maps/Aztec3.Aztec3:PersistentLevel.BoxBrush60.Model_15.Polys_45199 : Externally referenced 
[2016.01.30-10.08.46:477][852]MapCheck:Warning: Warning Polys_206 Polys /Game/Maps/Aztec3.Aztec3:PersistentLevel.BoxBrush6.Model_15.Polys_206 : Externally referenced 
[2016.01.30-10.08.46:477][852]MapCheck:Warning: Warning Polys_41996 Polys /Game/Maps/Aztec3.Aztec3:PersistentLevel.BoxBrush59.Model_15.Polys_41996 : Externally referenced 
[2016.01.30-10.08.46:477][852]MapCheck:Warning: Warning Polys_39834 Polys /Game/Maps/Aztec3.Aztec3:PersistentLevel.BoxBrush58.Model_15.Polys_39834 : Externally referenced 
[2016.01.30-10.08.46:477][852]MapCheck:Warning: Warning Polys_39300 Polys /Game/Maps/Aztec3.Aztec3:PersistentLevel.BoxBrush57.Model_15.Polys_39300 : Externally referenced 
[2016.01.30-10.08.46:477][852]MapCheck:Warning: Warning Polys_38643 Polys /Game/Maps/Aztec3.Aztec3:PersistentLevel.BoxBrush56.Model_15.Polys_38643 : Externally referenced 
[2016.01.30-10.08.46:477][852]MapCheck:Warning: Warning Polys_37609 Polys /Game/Maps/Aztec3.Aztec3:PersistentLevel.BoxBrush55.Model_15.Polys_37609 : Externally referenced 
[2016.01.30-10.08.46:477][852]MapCheck:Warning: Warning Polys_36972 Polys /Game/Maps/Aztec3.Aztec3:PersistentLevel.BoxBrush54.Model_15.Polys_36972 : Externally referenced 
[2016.01.30-10.08.46:477][852]MapCheck:Warning: Warning Polys_33576 Polys /Game/Maps/Aztec3.Aztec3:PersistentLevel.BoxBrush53.Model_15.Polys_33576 : Externally referenced 
[2016.01.30-10.08.46:478][852]MapCheck:Warning: Warning Polys_32755 Polys /Game/Maps/Aztec3.Aztec3:PersistentLevel.BoxBrush52.Model_15.Polys_32755 : Externally referenced 
[2016.01.30-10.08.46:478][852]MapCheck:Warning: Warning Polys_32638 Polys /Game/Maps/Aztec3.Aztec3:PersistentLevel.BoxBrush51.Model_15.Polys_32638 : Externally referenced 
[2016.01.30-10.08.46:478][852]MapCheck:Warning: Warning Polys_31732 Polys /Game/Maps/Aztec3.Aztec3:PersistentLevel.BoxBrush50.Model_15.Polys_31732 : Externally referenced 
[2016.01.30-10.08.46:478][852]MapCheck:Warning: Warning Polys_135 Polys /Game/Maps/Aztec3.Aztec3:PersistentLevel.BoxBrush5.Model_15.Polys_135 : Externally referenced 
[2016.01.30-10.08.46:478][852]MapCheck:Warning: Warning Polys_30842 Polys /Game/Maps/Aztec3.Aztec3:PersistentLevel.BoxBrush49.Model_15.Polys_30842 : Externally referenced 
[2016.01.30-10.08.46:478][852]MapCheck:Warning: Warning Polys_29205 Polys /Game/Maps/Aztec3.Aztec3:PersistentLevel.BoxBrush48.Model_15.Polys_29205 : Externally referenced 
[2016.01.30-10.08.46:478][852]MapCheck:Warning: Warning Polys_28240 Polys /Game/Maps/Aztec3.Aztec3:PersistentLevel.BoxBrush47.Model_15.Polys_28240 : Externally referenced 
[2016.01.30-10.08.46:478][852]MapCheck:Warning: Warning Polys_23093 Polys /Game/Maps/Aztec3.Aztec3:PersistentLevel.BoxBrush46.Model_15.Polys_23093 : Externally referenced 
[2016.01.30-10.08.46:478][852]MapCheck:Warning: Warning Polys_22164 Polys /Game/Maps/Aztec3.Aztec3:PersistentLevel.BoxBrush45.Model_15.Polys_22164 : Externally referenced 
[2016.01.30-10.08.46:479][852]MapCheck:Warning: Warning Polys_20950 Polys /Game/Maps/Aztec3.Aztec3:PersistentLevel.BoxBrush44.Model_15.Polys_20950 : Externally referenced 
[2016.01.30-10.08.46:479][852]MapCheck:Warning: Warning Polys_19661 Polys /Game/Maps/Aztec3.Aztec3:PersistentLevel.BoxBrush43.Model_15.Polys_19661 : Externally referenced 
[2016.01.30-10.08.46:479][852]MapCheck:Warning: Warning Polys_18883 Polys /Game/Maps/Aztec3.Aztec3:PersistentLevel.BoxBrush42.Model_15.Polys_18883 : Externally referenced 
[2016.01.30-10.08.46:479][852]MapCheck:Warning: Warning Polys_18216 Polys /Game/Maps/Aztec3.Aztec3:PersistentLevel.BoxBrush41.Model_15.Polys_18216 : Externally referenced 
[2016.01.30-10.08.46:479][852]MapCheck:Warning: Warning Polys_17656 Polys /Game/Maps/Aztec3.Aztec3:PersistentLevel.BoxBrush40.Model_15.Polys_17656 : Externally referenced 
[2016.01.30-10.08.46:479][852]MapCheck:Warning: Warning Polys_7 Polys /Game/Maps/Aztec3.Aztec3:PersistentLevel.BoxBrush4.Model_15.Polys_7 : Externally referenced 
[2016.01.30-10.08.46:479][852]MapCheck:Warning: Warning Polys_16562 Polys /Game/Maps/Aztec3.Aztec3:PersistentLevel.BoxBrush39.Model_15.Polys_16562 : Externally referenced 
[2016.01.30-10.08.46:479][852]MapCheck:Warning: Warning Polys_15759 Polys /Game/Maps/Aztec3.Aztec3:PersistentLevel.BoxBrush38.Model_15.Polys_15759 : Externally referenced 
[2016.01.30-10.08.46:479][852]MapCheck:Warning: Warning Polys_15148 Polys /Game/Maps/Aztec3.Aztec3:PersistentLevel.BoxBrush37.Model_15.Polys_15148 : Externally referenced 
[2016.01.30-10.08.46:480][852]MapCheck:Warning: Warning Polys_14806 Polys /Game/Maps/Aztec3.Aztec3:PersistentLevel.BoxBrush36.Model_15.Polys_14806 : Externally referenced 
[2016.01.30-10.08.46:480][852]MapCheck:Warning: Warning Polys_14057 Polys /Game/Maps/Aztec3.Aztec3:PersistentLevel.BoxBrush35.Model_15.Polys_14057 : Externally referenced 
[2016.01.30-10.08.46:480][852]MapCheck:Warning: Warning Polys_13812 Polys /Game/Maps/Aztec3.Aztec3:PersistentLevel.BoxBrush34.Model_15.Polys_13812 : Externally referenced 
[2016.01.30-10.08.46:480][852]MapCheck:Warning: Warning Polys_12862 Polys /Game/Maps/Aztec3.Aztec3:PersistentLevel.BoxBrush33.Model_15.Polys_12862 : Externally referenced 
[2016.01.30-10.08.46:480][852]MapCheck:Warning: Warning Polys_12398 Polys /Game/Maps/Aztec3.Aztec3:PersistentLevel.BoxBrush32.Model_15.Polys_12398 : Externally referenced 
[2016.01.30-10.08.46:480][852]MapCheck:Warning: Warning Polys_12021 Polys /Game/Maps/Aztec3.Aztec3:PersistentLevel.BoxBrush31.Model_15.Polys_12021 : Externally referenced 
[2016.01.30-10.08.46:480][852]MapCheck:Warning: Warning Polys_11362 Polys /Game/Maps/Aztec3.Aztec3:PersistentLevel.BoxBrush30.Model_15.Polys_11362 : Externally referenced 
[2016.01.30-10.08.46:480][852]MapCheck:Warning: Warning Polys_4403 Polys /Game/Maps/Aztec3.Aztec3:PersistentLevel.BoxBrush3.Model_15.Polys_4403 : Externally referenced 
[2016.01.30-10.08.46:481][852]MapCheck:Warning: Warning Polys_10721 Polys /Game/Maps/Aztec3.Aztec3:PersistentLevel.BoxBrush29.Model_15.Polys_10721 : Externally referenced 
[2016.01.30-10.08.46:481][852]MapCheck:Warning: Warning Polys_10374 Polys /Game/Maps/Aztec3.Aztec3:PersistentLevel.BoxBrush28.Model_15.Polys_10374 : Externally referenced 
[2016.01.30-10.08.46:481][852]MapCheck:Warning: Warning Polys_9367 Polys /Game/Maps/Aztec3.Aztec3:PersistentLevel.BoxBrush27.Model_15.Polys_9367 : Externally referenced 
[2016.01.30-10.08.46:481][852]MapCheck:Warning: Warning Polys_8715 Polys /Game/Maps/Aztec3.Aztec3:PersistentLevel.BoxBrush26.Model_15.Polys_8715 : Externally referenced 
[2016.01.30-10.08.46:481][852]MapCheck:Warning: Warning Polys_8461 Polys /Game/Maps/Aztec3.Aztec3:PersistentLevel.BoxBrush25.Model_15.Polys_8461 : Externally referenced 
[2016.01.30-10.08.46:481][852]MapCheck:Warning: Warning Polys_7178 Polys /Game/Maps/Aztec3.Aztec3:PersistentLevel.BoxBrush24.Model_15.Polys_7178 : Externally referenced 
[2016.01.30-10.08.46:481][852]MapCheck:Warning: Warning Polys_6763 Polys /Game/Maps/Aztec3.Aztec3:PersistentLevel.BoxBrush23.Model_15.Polys_6763 : Externally referenced 
[2016.01.30-10.08.46:481][852]MapCheck:Warning: Warning Polys_6362 Polys /Game/Maps/Aztec3.Aztec3:PersistentLevel.BoxBrush22.Model_15.Polys_6362 : Externally referenced 
[2016.01.30-10.08.46:481][852]MapCheck:Warning: Warning Polys_6085 Polys /Game/Maps/Aztec3.Aztec3:PersistentLevel.BoxBrush21.Model_15.Polys_6085 : Externally referenced 
[2016.01.30-10.08.46:482][852]MapCheck:Warning: Warning Polys_5341 Polys /Game/Maps/Aztec3.Aztec3:PersistentLevel.BoxBrush20.Model_15.Polys_5341 : Externally referenced 
[2016.01.30-10.08.46:482][852]MapCheck:Warning: Warning Polys_2168 Polys /Game/Maps/Aztec3.Aztec3:PersistentLevel.BoxBrush2.Model_11.Polys_2168 : Externally referenced 
[2016.01.30-10.08.46:482][852]MapCheck:Warning: Warning Polys_5084 Polys /Game/Maps/Aztec3.Aztec3:PersistentLevel.BoxBrush19.Model_15.Polys_5084 : Externally referenced 
[2016.01.30-10.08.46:482][852]MapCheck:Warning: Warning Polys_4494 Polys /Game/Maps/Aztec3.Aztec3:PersistentLevel.BoxBrush18.Model_15.Polys_4494 : Externally referenced 
[2016.01.30-10.08.46:482][852]MapCheck:Warning: Warning Polys_4351 Polys /Game/Maps/Aztec3.Aztec3:PersistentLevel.BoxBrush17.Model_15.Polys_4351 : Externally referenced 
[2016.01.30-10.08.46:482][852]MapCheck:Warning: Warning Polys_3809 Polys /Game/Maps/Aztec3.Aztec3:PersistentLevel.BoxBrush16.Model_15.Polys_3809 : Externally referenced 
[2016.01.30-10.08.46:482][852]MapCheck:Warning: Warning Polys_3549 Polys /Game/Maps/Aztec3.Aztec3:PersistentLevel.BoxBrush15.Model_15.Polys_3549 : Externally referenced 
[2016.01.30-10.08.46:482][852]MapCheck:Warning: Warning Polys_2891 Polys /Game/Maps/Aztec3.Aztec3:PersistentLevel.BoxBrush14.Model_15.Polys_2891 : Externally referenced 
[2016.01.30-10.08.46:482][852]MapCheck:Warning: Warning Polys_2811 Polys /Game/Maps/Aztec3.Aztec3:PersistentLevel.BoxBrush13.Model_15.Polys_2811 : Externally referenced 
[2016.01.30-10.08.46:483][852]MapCheck:Warning: Warning Polys_2513 Polys /Game/Maps/Aztec3.Aztec3:PersistentLevel.BoxBrush12.Model_15.Polys_2513 : Externally referenced 
[2016.01.30-10.08.46:483][852]MapCheck:Warning: Warning Polys_1892 Polys /Game/Maps/Aztec3.Aztec3:PersistentLevel.BoxBrush11.Model_15.Polys_1892 : Externally referenced 
[2016.01.30-10.08.46:483][852]MapCheck:Warning: Warning Polys_179640 Polys /Game/Maps/Aztec3.Aztec3:PersistentLevel.BoxBrush103.Model_15.Polys_179640 : Externally referenced 
[2016.01.30-10.08.46:483][852]MapCheck:Warning: Warning Polys_170669 Polys /Game/Maps/Aztec3.Aztec3:PersistentLevel.BoxBrush102.Model_15.Polys_170669 : Externally referenced 
[2016.01.30-10.08.46:483][852]MapCheck:Warning: Warning Polys_167762 Polys /Game/Maps/Aztec3.Aztec3:PersistentLevel.BoxBrush101.Model_15.Polys_167762 : Externally referenced 
[2016.01.30-10.08.46:483][852]MapCheck:Warning: Warning Polys_166716 Polys /Game/Maps/Aztec3.Aztec3:PersistentLevel.BoxBrush100.Model_15.Polys_166716 : Externally referenced 
[2016.01.30-10.08.46:483][852]MapCheck:Warning: Warning Polys_1824 Polys /Game/Maps/Aztec3.Aztec3:PersistentLevel.BoxBrush10.Model_15.Polys_1824 : Externally referenced 
[2016.01.30-10.08.46:483][852]MapCheck:Warning: Warning Polys_3835 Polys /Game/Maps/Aztec3.Aztec3:PersistentLevel.BoxBrush.Model_14.Polys_3835 : Externally referenced 
[2016.01.30-10.08.46:484][852]MapCheck:Warning: Warning Model_0 Model /Game/Maps/Aztec3.Aztec3:PersistentLevel.Model_0 : Externally referenced 
[2016.01.30-10.08.46:484][852]MapCheck:Warning: Warning ModelComponent_67971 ModelComponent /Game/Maps/Aztec3.Aztec3:PersistentLevel.ModelComponent_67971 : Externally referenced 
[2016.01.30-10.08.46:484][852]MapCheck:Warning: Warning ModelComponent_67970 ModelComponent /Game/Maps/Aztec3.Aztec3:PersistentLevel.ModelComponent_67970 : Externally referenced 
[2016.01.30-10.08.46:484][852]MapCheck:Warning: Warning ModelComponent_67969 ModelComponent /Game/Maps/Aztec3.Aztec3:PersistentLevel.ModelComponent_67969 : Externally referenced 
[2016.01.30-10.08.46:484][852]MapCheck:Warning: Warning ModelComponent_67968 ModelComponent /Game/Maps/Aztec3.Aztec3:PersistentLevel.ModelComponent_67968 : Externally referenced 
[2016.01.30-10.08.46:484][852]MapCheck:Warning: Warning ModelComponent_67967 ModelComponent /Game/Maps/Aztec3.Aztec3:PersistentLevel.ModelComponent_67967 : Externally referenced 
[2016.01.30-10.08.46:484][852]MapCheck:Warning: Warning ModelComponent_67966 ModelComponent /Game/Maps/Aztec3.Aztec3:PersistentLevel.ModelComponent_67966 : Externally referenced 
[2016.01.30-10.08.46:484][852]MapCheck:Warning: Warning ModelComponent_67965 ModelComponent /Game/Maps/Aztec3.Aztec3:PersistentLevel.ModelComponent_67965 : Externally referenced 
[2016.01.30-10.08.46:484][852]MapCheck:Warning: Warning ModelComponent_67964 ModelComponent /Game/Maps/Aztec3.Aztec3:PersistentLevel.ModelComponent_67964 : Externally referenced 
[2016.01.30-10.08.46:485][852]MapCheck:Warning: Warning ModelComponent_67963 ModelComponent /Game/Maps/Aztec3.Aztec3:PersistentLevel.ModelComponent_67963 : Externally referenced 
[2016.01.30-10.08.46:485][852]MapCheck:Warning: Warning ModelComponent_67962 ModelComponent /Game/Maps/Aztec3.Aztec3:PersistentLevel.ModelComponent_67962 : Externally referenced 
[2016.01.30-10.08.46:485][852]MapCheck:Warning: Warning ModelComponent_67961 ModelComponent /Game/Maps/Aztec3.Aztec3:PersistentLevel.ModelComponent_67961 : Externally referenced 
[2016.01.30-10.08.46:485][852]MapCheck:Warning: Warning ModelComponent_67960 ModelComponent /Game/Maps/Aztec3.Aztec3:PersistentLevel.ModelComponent_67960 : Externally referenced 
[2016.01.30-10.08.46:485][852]MapCheck:Warning: Warning ModelComponent_67959 ModelComponent /Game/Maps/Aztec3.Aztec3:PersistentLevel.ModelComponent_67959 : Externally referenced 
[2016.01.30-10.08.46:485][852]MapCheck:Warning: Warning ModelComponent_67958 ModelComponent /Game/Maps/Aztec3.Aztec3:PersistentLevel.ModelComponent_67958 : Externally referenced 
[2016.01.30-10.08.46:485][852]MapCheck:Warning: Warning ModelComponent_67957 ModelComponent /Game/Maps/Aztec3.Aztec3:PersistentLevel.ModelComponent_67957 : Externally referenced 
[2016.01.30-10.08.46:485][852]MapCheck:Warning: Warning ModelComponent_67956 ModelComponent /Game/Maps/Aztec3.Aztec3:PersistentLevel.ModelComponent_67956 : Externally referenced 
[2016.01.30-10.08.46:485][852]MapCheck:Warning: Warning ModelComponent_67955 ModelComponent /Game/Maps/Aztec3.Aztec3:PersistentLevel.ModelComponent_67955 : Externally referenced 
[2016.01.30-10.08.46:486][852]MapCheck:Warning: Warning ModelComponent_67954 ModelComponent /Game/Maps/Aztec3.Aztec3:PersistentLevel.ModelComponent_67954 : Externally referenced 
[2016.01.30-10.08.46:486][852]MapCheck:Warning: Warning ModelComponent_67953 ModelComponent /Game/Maps/Aztec3.Aztec3:PersistentLevel.ModelComponent_67953 : Externally referenced 
[2016.01.30-10.08.46:486][852]MapCheck:Warning: Warning ModelComponent_67952 ModelComponent /Game/Maps/Aztec3.Aztec3:PersistentLevel.ModelComponent_67952 : Externally referenced 
[2016.01.30-10.08.46:486][852]MapCheck:Warning: Warning ModelComponent_67951 ModelComponent /Game/Maps/Aztec3.Aztec3:PersistentLevel.ModelComponent_67951 : Externally referenced 
[2016.01.30-10.08.46:486][852]MapCheck:Warning: Warning ModelComponent_67950 ModelComponent /Game/Maps/Aztec3.Aztec3:PersistentLevel.ModelComponent_67950 : Externally referenced 
[2016.01.30-10.08.46:486][852]MapCheck:Warning: Warning ModelComponent_67949 ModelComponent /Game/Maps/Aztec3.Aztec3:PersistentLevel.ModelComponent_67949 : Externally referenced 
[2016.01.30-10.08.46:486][852]MapCheck:Warning: Warning ModelComponent_67948 ModelComponent /Game/Maps/Aztec3.Aztec3:PersistentLevel.ModelComponent_67948 : Externally referenced 
[2016.01.30-10.08.46:486][852]MapCheck:Warning: Warning ModelComponent_67947 ModelComponent /Game/Maps/Aztec3.Aztec3:PersistentLevel.ModelComponent_67947 : Externally referenced 
[2016.01.30-10.08.46:486][852]MapCheck:Warning: Warning ModelComponent_67942 ModelComponent /Game/Maps/Aztec3.Aztec3:PersistentLevel.ModelComponent_67942 : Externally referenced 
[2016.01.30-10.08.46:487][852]MapCheck:Warning: Warning ModelComponent_67941 ModelComponent /Game/Maps/Aztec3.Aztec3:PersistentLevel.ModelComponent_67941 : Externally referenced 
[2016.01.30-10.08.46:487][852]MapCheck:Warning: Warning ModelComponent_67938 ModelComponent /Game/Maps/Aztec3.Aztec3:PersistentLevel.ModelComponent_67938 : Externally referenced 
[2016.01.30-10.08.46:487][852]MapCheck:Warning: Warning ModelComponent_67937 ModelComponent /Game/Maps/Aztec3.Aztec3:PersistentLevel.ModelComponent_67937 : Externally referenced 
[2016.01.30-10.08.46:487][852]MapCheck:Warning: Warning ModelComponent_67936 ModelComponent /Game/Maps/Aztec3.Aztec3:PersistentLevel.ModelComponent_67936 : Externally referenced 
[2016.01.30-10.08.46:487][852]MapCheck:Warning: Warning ModelComponent_67935 ModelComponent /Game/Maps/Aztec3.Aztec3:PersistentLevel.ModelComponent_67935 : Externally referenced 
[2016.01.30-10.08.46:487][852]MapCheck:Warning: Warning ModelComponent_67934 ModelComponent /Game/Maps/Aztec3.Aztec3:PersistentLevel.ModelComponent_67934 : Externally referenced 
[2016.01.30-10.08.46:487][852]MapCheck:Warning: Warning ModelComponent_67933 ModelComponent /Game/Maps/Aztec3.Aztec3:PersistentLevel.ModelComponent_67933 : Externally referenced 
[2016.01.30-10.08.46:487][852]MapCheck:Warning: Warning ModelComponent_67932 ModelComponent /Game/Maps/Aztec3.Aztec3:PersistentLevel.ModelComponent_67932 : Externally referenced 
[2016.01.30-10.08.46:488][852]MapCheck:Warning: Warning ModelComponent_67931 ModelComponent /Game/Maps/Aztec3.Aztec3:PersistentLevel.ModelComponent_67931 : Externally referenced 
[2016.01.30-10.08.46:488][852]MapCheck:Warning: Warning ModelComponent_67929 ModelComponent /Game/Maps/Aztec3.Aztec3:PersistentLevel.ModelComponent_67929 : Externally referenced 
[2016.01.30-10.08.46:488][852]MapCheck:Warning: Warning ModelComponent_67928 ModelComponent /Game/Maps/Aztec3.Aztec3:PersistentLevel.ModelComponent_67928 : Externally referenced 
[2016.01.30-10.08.46:488][852]MapCheck:Warning: Warning ModelComponent_67927 ModelComponent /Game/Maps/Aztec3.Aztec3:PersistentLevel.ModelComponent_67927 : Externally referenced 
[2016.01.30-10.08.46:488][852]MapCheck:Warning: Warning ModelComponent_67926 ModelComponent /Game/Maps/Aztec3.Aztec3:PersistentLevel.ModelComponent_67926 : Externally referenced 
[2016.01.30-10.08.46:488][852]MapCheck:Warning: Warning ModelComponent_67917 ModelComponent /Game/Maps/Aztec3.Aztec3:PersistentLevel.ModelComponent_67917 : Externally referenced 
[2016.01.30-10.08.46:488][852]MapCheck:Warning: Warning ModelComponent_67925 ModelComponent /Game/Maps/Aztec3.Aztec3:PersistentLevel.ModelComponent_67925 : Externally referenced 
[2016.01.30-10.08.46:488][852]MapCheck:Warning: Warning ModelComponent_67916 ModelComponent /Game/Maps/Aztec3.Aztec3:PersistentLevel.ModelComponent_67916 : Externally referenced 
[2016.01.30-10.08.46:488][852]MapCheck:Warning: Warning ModelComponent_67915 ModelComponent /Game/Maps/Aztec3.Aztec3:PersistentLevel.ModelComponent_67915 : Externally referenced 
[2016.01.30-10.08.46:488][852]MapCheck:Warning: Warning ModelComponent_67914 ModelComponent /Game/Maps/Aztec3.Aztec3:PersistentLevel.ModelComponent_67914 : Externally referenced 
[2016.01.30-10.08.46:488][852]MapCheck:Warning: Warning ModelComponent_67913 ModelComponent /Game/Maps/Aztec3.Aztec3:PersistentLevel.ModelComponent_67913 : Externally referenced 
[2016.01.30-10.08.46:488][852]MapCheck:Warning: Warning ModelComponent_67924 ModelComponent /Game/Maps/Aztec3.Aztec3:PersistentLevel.ModelComponent_67924 : Externally referenced 
[2016.01.30-10.08.46:488][852]MapCheck:Warning: Warning ModelComponent_67923 ModelComponent /Game/Maps/Aztec3.Aztec3:PersistentLevel.ModelComponent_67923 : Externally referenced 
[2016.01.30-10.08.46:488][852]MapCheck:Warning: Warning TemplateLabel TextRenderComponent /Game/Maps/Aztec3.Aztec3:PersistentLevel.TemplateLabel.NewTextRenderComponent : Externally referenced 
[2016.01.30-10.08.46:489][852]MapCheck:Warning: Warning ModelComponent_67922 ModelComponent /Game/Maps/Aztec3.Aztec3:PersistentLevel.ModelComponent_67922 : Externally referenced 
[2016.01.30-10.08.46:489][852]MapCheck:Warning: Warning ModelComponent_67921 ModelComponent /Game/Maps/Aztec3.Aztec3:PersistentLevel.ModelComponent_67921 : Externally referenced 
[2016.01.30-10.08.46:489][852]MapCheck:Warning: Warning ModelComponent_67920 ModelComponent /Game/Maps/Aztec3.Aztec3:PersistentLevel.ModelComponent_67920 : Externally referenced 
[2016.01.30-10.08.46:489][852]MapCheck:Warning: Warning ModelComponent_67919 ModelComponent /Game/Maps/Aztec3.Aztec3:PersistentLevel.ModelComponent_67919 : Externally referenced 
[2016.01.30-10.08.46:489][852]MapCheck:Warning: Warning ModelComponent_67918 ModelComponent /Game/Maps/Aztec3.Aztec3:PersistentLevel.ModelComponent_67918 : Externally referenced 
[2016.01.30-10.08.46:489][852]MapCheck: Info Map check complete: 0 Error(s), 210 Warning(s), took 178.82ms to complete.
[2016.01.30-10.08.46:502][852]LogFileHelpers: Loading map 'Aztec3' took 0.791
[2016.01.30-10.09.37:042][108]LogBlueprintUserMessages: Early PlayInEditor Detection: Level '/Game/Maps/Aztec3.Aztec3:PersistentLevel' has LevelScriptBlueprint '/Game/Maps/Aztec3.Aztec3:PersistentLevel.Aztec3' with GeneratedClass '/Game/Maps/Aztec3.Aztec3_C' with ClassGeneratedBy '/Game/Maps/Aztec3.Aztec3:PersistentLevel.Aztec3'
[2016.01.30-10.09.37:042][108]LogPlayLevel: PlayLevel: No blueprints needed recompiling
[2016.01.30-10.09.37:057][108]PIE: New page: PIE session: Aztec3 (Jan 30, 2016, 10:09:37 AM)
[2016.01.30-10.09.37:069][108]LogPlayLevel: Creating play world package: /Game/Maps/UEDPIE_0_Aztec3
[2016.01.30-10.09.37:231][108]LogPlayLevel: PIE: StaticDuplicateObject took: (0.162176s)
[2016.01.30-10.09.37:232][108]LogAIModule: Creating AISystem for world Aztec3
[2016.01.30-10.09.37:232][108]LogPlayLevel: PIE: World Init took: (0.001236s)
[2016.01.30-10.09.37:232][108]LogPlayLevel: PIE: Created PIE world by copying editor world from /Game/Maps/Aztec3.Aztec3 to /Game/Maps/UEDPIE_0_Aztec3.Aztec3 (0.174861s)
[2016.01.30-10.09.37:282][108]LogInit: XAudio2 using 'Headset (4- SB Tactic3D Rage Wireless)' : 2 channels at 44.1 kHz using 16 bits per sample (channel mask 0x3)
[2016.01.30-10.09.37:293][108]LogInit: FAudioDevice initialized.
[2016.01.30-10.09.37:706][108]LogLinker:Warning: Asset 'C:/Users/Joe/Documents/Unreal Projects/Baller/MyProject6 4.10/Content/Blueprints/MyProjectile.uasset' has been saved with empty engine version. The asset will be loaded but may be incompatible.
[2016.01.30-10.09.37:924][108]BlueprintLog:Warning: Warning Blueprint MyGame has been migrated and requires re-saving to avoid import errors
[2016.01.30-10.09.38:032][108]LogAnimation:Warning: UAnimMontage::PostLoad: The actual sequence length for montage FPP_Fire_Montage does not match the length stored in the asset, please resave the montage asset.
[2016.01.30-10.09.38:042][108]LogTexture:Display: Building textures: crosshair (AutoDXT)
[2016.01.30-10.09.38:046][108]BlueprintLog:Warning: Warning Blueprint MyHUD has been migrated and requires re-saving to avoid import errors
[2016.01.30-10.09.38:057][108]LogWorld: Game class is 'MyGame_C'
[2016.01.30-10.09.38:167][108]LogWorld: Bringing World /Game/Maps/UEDPIE_0_Aztec3.Aztec3 up for play (max tick rate 0) at 2016.01.30-10.09.38
[2016.01.30-10.09.38:167][108]LogActor:Warning: GameSession /Game/Maps/UEDPIE_0_Aztec3.Aztec3:PersistentLevel.GameSession_0 has natively added scene component(s), but none of them were set as the actor's RootComponent - picking one arbitrarily
[2016.01.30-10.09.38:184][108]LogActor:Warning: GameNetworkManager /Game/Maps/UEDPIE_0_Aztec3.Aztec3:PersistentLevel.GameNetworkManager_0 has natively added scene component(s), but none of them were set as the actor's RootComponent - picking one arbitrarily
[2016.01.30-10.09.38:204][108]LogWorld: Bringing up level for play took: 0.049520
[2016.01.30-10.09.45:745][108]LoadErrors: Info The Skeleton  HeroFPP_Skeleton is missing bones that SkeletalMesh  HeroFPP needs. They will be added now. Please save the Skeleton!
[2016.01.30-10.09.45:901][108]PIE: Info Play in editor start time for /Game/Maps/UEDPIE_0_Aztec3 7.974
[2016.01.30-10.09.45:907][108]LogBlueprintUserMessages: Late PlayInEditor Detection: Level '/Game/Maps/Aztec3.Aztec3:PersistentLevel' has LevelScriptBlueprint '/Game/Maps/Aztec3.Aztec3:PersistentLevel.Aztec3' with GeneratedClass '/Game/Maps/Aztec3.Aztec3_C' with ClassGeneratedBy '/Game/Maps/Aztec3.Aztec3:PersistentLevel.Aztec3'
[2016.01.30-10.09.59:190][414]LogBlueprintUserMessages: Early EndPlayMap Detection: Level '/Game/Maps/Aztec3.Aztec3:PersistentLevel' has LevelScriptBlueprint '/Game/Maps/Aztec3.Aztec3:PersistentLevel.Aztec3' with GeneratedClass '/Game/Maps/Aztec3.Aztec3_C' with ClassGeneratedBy '/Game/Maps/Aztec3.Aztec3:PersistentLevel.Aztec3'
[2016.01.30-10.09.59:303][414]LogBlueprintUserMessages: Late EndPlayMap Detection: Level '/Game/Maps/Aztec3.Aztec3:PersistentLevel' has LevelScriptBlueprint '/Game/Maps/Aztec3.Aztec3:PersistentLevel.Aztec3' with GeneratedClass '/Game/Maps/Aztec3.Aztec3_C' with ClassGeneratedBy '/Game/Maps/Aztec3.Aztec3:PersistentLevel.Aztec3'
[2016.01.30-10.09.59:337][414]LogParticles: Destroying 0 GPU particle simulations for FXSystem 0x000000441D8F18A0
[2016.01.30-10.11.19:523][277]LogEditorActor: Deleted Actor: SphereReflectionCapture
[2016.01.30-10.11.19:557][277]LogEditorActor: Deleted 1 Actors (0.054 secs)
[2016.01.30-10.11.21:532][490]LogBlueprintUserMessages: Early PlayInEditor Detection: Level '/Game/Maps/Aztec3.Aztec3:PersistentLevel' has LevelScriptBlueprint '/Game/Maps/Aztec3.Aztec3:PersistentLevel.Aztec3' with GeneratedClass '/Game/Maps/Aztec3.Aztec3_C' with ClassGeneratedBy '/Game/Maps/Aztec3.Aztec3:PersistentLevel.Aztec3'
[2016.01.30-10.11.21:532][490]LogPlayLevel: PlayLevel: No blueprints needed recompiling
[2016.01.30-10.11.21:532][490]PIE: New page: PIE session: Aztec3 (Jan 30, 2016, 10:11:21 AM)
[2016.01.30-10.11.21:532][490]LogPlayLevel: Creating play world package: /Game/Maps/UEDPIE_0_Aztec3
[2016.01.30-10.11.21:662][490]LogPlayLevel: PIE: StaticDuplicateObject took: (0.129618s)
[2016.01.30-10.11.21:663][490]LogAIModule: Creating AISystem for world Aztec3
[2016.01.30-10.11.21:663][490]LogPlayLevel: PIE: World Init took: (0.001398s)
[2016.01.30-10.11.21:664][490]LogPlayLevel: PIE: Created PIE world by copying editor world from /Game/Maps/Aztec3.Aztec3 to /Game/Maps/UEDPIE_0_Aztec3.Aztec3 (0.131376s)
[2016.01.30-10.11.21:705][490]LogInit: XAudio2 using 'Headset (4- SB Tactic3D Rage Wireless)' : 2 channels at 44.1 kHz using 16 bits per sample (channel mask 0x3)
[2016.01.30-10.11.21:715][490]LogInit: FAudioDevice initialized.
[2016.01.30-10.11.21:754][490]LogWorld: Game class is 'MyGame_C'
[2016.01.30-10.11.21:771][490]LogWorld: Bringing World /Game/Maps/UEDPIE_0_Aztec3.Aztec3 up for play (max tick rate 0) at 2016.01.30-10.11.21
[2016.01.30-10.11.21:771][490]LogActor:Warning: GameSession /Game/Maps/UEDPIE_0_Aztec3.Aztec3:PersistentLevel.GameSession_1 has natively added scene component(s), but none of them were set as the actor's RootComponent - picking one arbitrarily
[2016.01.30-10.11.21:771][490]LogActor:Warning: GameNetworkManager /Game/Maps/UEDPIE_0_Aztec3.Aztec3:PersistentLevel.GameNetworkManager_1 has natively added scene component(s), but none of them were set as the actor's RootComponent - picking one arbitrarily
[2016.01.30-10.11.21:776][490]LogWorld: Bringing up level for play took: 0.020885
[2016.01.30-10.11.21:795][490]PIE: Info Play in editor start time for /Game/Maps/UEDPIE_0_Aztec3 -0.132
[2016.01.30-10.11.21:795][490]LogBlueprintUserMessages: Late PlayInEditor Detection: Level '/Game/Maps/Aztec3.Aztec3:PersistentLevel' has LevelScriptBlueprint '/Game/Maps/Aztec3.Aztec3:PersistentLevel.Aztec3' with GeneratedClass '/Game/Maps/Aztec3.Aztec3_C' with ClassGeneratedBy '/Game/Maps/Aztec3.Aztec3:PersistentLevel.Aztec3'
[2016.01.30-10.11.26:059][966]LogBlueprintUserMessages: Early EndPlayMap Detection: Level '/Game/Maps/Aztec3.Aztec3:PersistentLevel' has LevelScriptBlueprint '/Game/Maps/Aztec3.Aztec3:PersistentLevel.Aztec3' with GeneratedClass '/Game/Maps/Aztec3.Aztec3_C' with ClassGeneratedBy '/Game/Maps/Aztec3.Aztec3:PersistentLevel.Aztec3'
[2016.01.30-10.11.26:091][966]LogBlueprintUserMessages: Late EndPlayMap Detection: Level '/Game/Maps/Aztec3.Aztec3:PersistentLevel' has LevelScriptBlueprint '/Game/Maps/Aztec3.Aztec3:PersistentLevel.Aztec3' with GeneratedClass '/Game/Maps/Aztec3.Aztec3_C' with ClassGeneratedBy '/Game/Maps/Aztec3.Aztec3:PersistentLevel.Aztec3'
[2016.01.30-10.11.26:142][967]LogParticles: Destroying 0 GPU particle simulations for FXSystem 0x0000004445447060
[2016.01.30-10.11.29:038][282]Cmd: TRANSACTION UNDO
[2016.01.30-10.11.29:038][282]LogEditorTransaction: Undo Delete selection
[2016.01.30-10.13.04:595][ 50]LogTexture:Display: Building textures: T_Plains_Fern01_D (AutoDXT)
[2016.01.30-10.13.09:996][ 50]LogTexture:Display: Building textures: T_Plains_Fern01_N (AutoDXT)
[2016.01.30-10.13.13:926][ 50]LogMaterial: Missing cached shader map for material T_Plains_Fern01_Mat, compiling. 
[2016.01.30-10.13.28:726][399]LogTexture:Display: Building textures: T_Plains_Cliff01 (AutoDXT)
[2016.01.30-10.13.30:191][399]LogMaterial: Missing cached shader map for material T_Plains_Cliff01_Mat, compiling. 
[2016.01.30-10.13.44:567][526]LogTexture:Display: Building textures: T_Grass02_D (AutoDXT)
[2016.01.30-10.13.46:143][526]LogTexture:Display: Building textures: T_Grass02_N (BC5)
[2016.01.30-10.13.46:361][526]LogMaterial: Missing cached shader map for material T_Grass02_Mat, compiling. 
[2016.01.30-10.13.56:588][297]Cmd: POLY TEXPAN U=1.000000 V=0.000000
[2016.01.30-10.13.56:720][304]Cmd: POLY TEXPAN U=1.000000 V=0.000000
[2016.01.30-10.13.58:134][403]Cmd: POLY TEXPAN U=1.000000 V=0.000000
[2016.01.30-10.13.58:395][422]Cmd: POLY TEXPAN U=0.000000 V=1.000000
[2016.01.30-10.13.58:583][436]Cmd: POLY TEXPAN U=0.000000 V=1.000000
[2016.01.30-10.13.58:760][448]Cmd: POLY TEXPAN U=0.000000 V=1.000000
[2016.01.30-10.13.58:966][463]Cmd: POLY TEXPAN U=0.000000 V=1.000000
[2016.01.30-10.13.59:161][475]Cmd: POLY TEXPAN U=0.000000 V=1.000000
[2016.01.30-10.13.59:345][487]Cmd: POLY TEXPAN U=0.000000 V=1.000000
[2016.01.30-10.14.03:162][774]Cmd: POLY TEXMULT UU=0.707107 VV=0.707107 UV=-0.707107 VU=0.707107
[2016.01.30-10.14.22:382][264]LogTexture:Display: Building textures: T_Plains_ExtCastle_StoneWall_01_D (AutoDXT)
[2016.01.30-10.14.28:887][264]LogTexture:Display: Building textures: T_Plains_ExtCastle_StoneWall_01_N (BC5)
[2016.01.30-10.14.29:680][264]LogMaterial: Missing cached shader map for material T_Plains_ExtCastle_StoneWall_01_Mat, compiling. 
[2016.01.30-10.14.35:475][763]Cmd: TRANSACTION UNDO
[2016.01.30-10.14.35:475][763]LogEditorTransaction: Undo Create Actors
[2016.01.30-10.14.35:494][763]LogPhysics:Warning: FDerivedDataPhysXCooker::BuildTriMesh: Triangle data from '/Game/Maps/Aztec3.Aztec3:PersistentLevel.ModelComponent_67931' invalid (31396 verts, 0 indices).
[2016.01.30-10.14.53:095][353]LogTexture:Display: Building textures: T_Plains_Ruins_FloorStones_D (AutoDXT)
[2016.01.30-10.14.54:854][354]LogTexture:Display: Building textures: T_Plains_Ruins_FloorStones_N (BC5)
[2016.01.30-10.14.55:060][354]LogMaterial: Missing cached shader map for material T_Plains_Ruins_FloorStones_Mat, compiling. 
[2016.01.30-10.15.18:795][378]Cmd: EDCALLBACK SURFPROPS
[2016.01.30-10.15.37:842][ 65]Cmd: ACTOR SELECT ALL
[2016.01.30-10.15.40:237][119]Cmd: POLY SELECT MATCHING BRUSH
[2016.01.30-10.16.17:624][143]LogTexture:Display: Building textures: T_Grass01_D (AutoDXT)
[2016.01.30-10.16.19:438][143]LogTexture:Display: Building textures: T_Grass01_N (BC5)
[2016.01.30-10.16.20:270][143]LogMaterial: Missing cached shader map for material T_Grass01_Mat, compiling. 
[2016.01.30-10.17.18:897][925]LogTexture:Display: Building textures: T_Blade_DragonSword2_M (AutoDXT)
[2016.01.30-10.17.18:911][925]LogTexture:Display: Building textures: T_Blade_DragonSword2_D (AutoDXT)
[2016.01.30-10.17.18:970][925]LogTexture:Display: Building textures: T_Blade_DragonSword1_D (AutoDXT)
[2016.01.30-10.17.19:040][925]LogTexture:Display: Building textures: T_Blade_DragonSword1_N (BC5)
[2016.01.30-10.17.19:053][925]LogTexture:Display: Building textures: T_Blade_DragonSword2_N (BC5)
[2016.01.30-10.17.19:064][925]LogTexture:Display: Building textures: T_Blade_DragonSword1_M (AutoDXT)
[2016.01.30-10.17.19:078][925]LogMaterial: Missing cached shader map for material M_Blade_DragonSword, compiling. 
[2016.01.30-10.17.29:801][825]LogEditorViewport: Clicking on Actor (LMB): SkeletalMeshActor (SK_Blade_DragonSword)
[2016.01.30-10.17.30:871][923]Cmd: DELETE
[2016.01.30-10.17.30:871][923]Cmd: ACTOR DELETE
[2016.01.30-10.17.30:878][923]LogEditorActor: Deleted Actor: SkeletalMeshActor
[2016.01.30-10.17.30:899][923]LogEditorActor: Deleted 1 Actors (0.028 secs)
[2016.01.30-10.17.37:123][641]LogTexture:Display: Building textures: T_Blade_SwordB1_D (AutoDXT)
[2016.01.30-10.17.37:228][641]LogTexture:Display: Building textures: T_Blade_SwordB2_D (AutoDXT)
[2016.01.30-10.17.37:326][641]LogTexture:Display: Building textures: T_Blade_SwordB1_N (BC5)
[2016.01.30-10.17.37:340][641]LogTexture:Display: Building textures: T_Blade_SwordB2_N (BC5)
[2016.01.30-10.17.37:351][641]LogTexture:Display: Building textures: T_Blade_SwordB2_M (AutoDXT)
[2016.01.30-10.17.37:361][641]LogMaterial: Missing cached shader map for material M_Blade_SwordB, compiling. 
[2016.01.30-10.17.40:567][881]Cmd: DELETE
[2016.01.30-10.17.40:567][881]Cmd: ACTOR DELETE
[2016.01.30-10.17.40:573][881]LogEditorActor: Deleted Actor: SkeletalMeshActor
[2016.01.30-10.17.40:595][881]LogEditorActor: Deleted 1 Actors (0.027 secs)
[2016.01.30-10.17.43:221][163]LogTexture:Display: Building textures: T_Blade_SwordA2_M (AutoDXT)
[2016.01.30-10.17.43:235][163]LogTexture:Display: Building textures: T_Blade_SwordA2_N (BC5)
[2016.01.30-10.17.43:246][163]LogTexture:Display: Building textures: T_Blade_SwordA1_M (AutoDXT)
[2016.01.30-10.17.43:260][163]LogTexture:Display: Building textures: T_Blade_SwordA1_N (BC5)
[2016.01.30-10.17.43:271][163]LogTexture:Display: Building textures: T_Blade_SwordA1_D (AutoDXT)
[2016.01.30-10.17.43:363][163]LogTexture:Display: Building textures: T_Blade_SwordA2_D (AutoDXT)
[2016.01.30-10.17.43:455][163]LogMaterial: Missing cached shader map for material M_Blade_SwordA, compiling. 
[2016.01.30-10.19.17:140][632]LogTexture:Display: Building textures: T_Forge_Wood_D_NRM (BC5)
[2016.01.30-10.19.18:118][632]LogTexture:Display: Building textures: T_Forge_Wood_D (AutoDXT)
[2016.01.30-10.19.21:811][632]LogTexture:Display: Building textures: T_Forge_Wood_M (AutoDXT)
[2016.01.30-10.19.22:403][632]LogMaterial: Missing cached shader map for material M_Forge_Wood, compiling. 
[2016.01.30-10.19.22:420][632]LogStaticMesh: Building static mesh SM_Forge_Table...
[2016.01.30-10.19.22:911][632]LogStaticMesh: Built static mesh [0.491343.2s] /Game/InfinityBladeFireLands/Environments/Forge/Env_Forge/StaticMesh/SM_Forge_Table.SM_Forge_Table
[2016.01.30-10.19.22:961][632]LogActorFactory: Actor Factory created SM_Forge_Table
[2016.01.30-10.19.24:194][698]LogActorFactory: Actor Factory created SM_Forge_Table
[2016.01.30-10.19.29:145][ 88]LogStaticMesh: Building static mesh SM_Forge_Table_1...
[2016.01.30-10.19.29:199][ 88]LogStaticMesh: Built static mesh [0.054103.2s] /Game/InfinityBladeFireLands/Environments/Forge/Env_Forge/StaticMesh/SM_Forge_Table_1.SM_Forge_Table_1
[2016.01.30-10.19.29:272][ 89]LogActorFactory: Actor Factory created SM_Forge_Table_1
[2016.01.30-10.19.31:810][255]LogActorFactory: Actor Factory created SM_Forge_Table_1
[2016.01.30-10.19.37:407][704]Cmd: DELETE
[2016.01.30-10.19.37:407][704]Cmd: ACTOR DELETE
[2016.01.30-10.19.37:411][704]LogEditorActor: Deleted Actor: StaticMeshActor
[2016.01.30-10.19.37:428][704]LogEditorActor: Deleted 1 Actors (0.020 secs)
[2016.01.30-10.19.43:156][288]LogStaticMesh: Building static mesh SM_Forge_MapTable_Cloth...
[2016.01.30-10.19.43:173][288]LogStaticMesh: Built static mesh [0.016921.2s] /Game/InfinityBladeFireLands/Environments/Forge/Env_Forge/StaticMesh/SM_Forge_MapTable_Cloth.SM_Forge_MapTable_Cloth
[2016.01.30-10.19.43:373][288]LogTexture:Display: Building textures: T_Forge_MapTable_D (AutoDXT)
[2016.01.30-10.19.49:231][288]LogTexture:Display: Building textures: T_Forge_MapTable_N (BC5)
[2016.01.30-10.19.49:995][288]LogTexture:Display: Building textures: T_Forge_MapTable_M (AutoDXT)
[2016.01.30-10.19.50:970][288]LogMaterial: Missing cached shader map for material M_Forge_Map_Table, compiling. 
[2016.01.30-10.19.51:062][288]LogActorFactory: Actor Factory created SM_Forge_MapTable_Cloth
[2016.01.30-10.19.51:081][288]LogActorFactory: Actor Factory created SM_Forge_MapTable_Cloth
[2016.01.30-10.20.47:808][917]LogEditorViewport: Clicking on Actor (LMB): StaticMeshActor (SM_Forge_MapTable_Cloth)
[2016.01.30-10.20.48:522][976]Cmd: DELETE
[2016.01.30-10.20.48:522][976]Cmd: ACTOR DELETE
[2016.01.30-10.20.48:525][976]LogEditorActor: Deleted Actor: StaticMeshActor
[2016.01.30-10.20.48:542][976]LogEditorActor: Deleted 1 Actors (0.020 secs)
[2016.01.30-10.20.52:393][362]LogStaticMesh: Building static mesh SM_Forge_Stool...
[2016.01.30-10.20.52:422][362]LogStaticMesh: Built static mesh [0.028545.2s] /Game/InfinityBladeFireLands/Environments/Forge/Env_Forge/StaticMesh/SM_Forge_Stool.SM_Forge_Stool
[2016.01.30-10.20.52:485][365]LogActorFactory: Actor Factory created SM_Forge_Stool
[2016.01.30-10.20.55:090][619]LogActorFactory: Actor Factory created SM_Forge_Stool
[2016.01.30-10.21.04:447][329]LogTexture:Display: Building textures: T_ALL_ForgeFirePit_M (AutoDXT)
[2016.01.30-10.21.05:537][329]LogTexture:Display: Building textures: T_ALL_ForgeFirePit_N (BC5)
[2016.01.30-10.21.06:421][329]LogTexture:Display: Building textures: T_ALL_ForgeFirePit_D (AutoDXT)
[2016.01.30-10.21.11:280][329]LogTexture:Display: Building textures: T_ALL_ForgeFirePit_E (AutoDXT)
[2016.01.30-10.21.12:197][329]LogMaterial: Missing cached shader map for material M_Forge_FirePit, compiling. 
[2016.01.30-10.21.12:208][329]LogStaticMesh: Building static mesh SM_Forge_FirePit...
[2016.01.30-10.21.12:328][329]LogStaticMesh: Built static mesh [0.119830.2s] /Game/InfinityBladeFireLands/Environments/Forge/Env_Forge/StaticMesh/SM_Forge_FirePit.SM_Forge_FirePit
[2016.01.30-10.21.12:387][329]LogActorFactory: Actor Factory created SM_Forge_FirePit
[2016.01.30-10.21.14:945][465]LogActorFactory: Actor Factory created SM_Forge_FirePit
[2016.01.30-10.21.38:319][323]LogEditorViewport: Clicking on Actor (LMB): StaticMeshActor (SM_Forge_FirePit)
[2016.01.30-10.21.38:369][323]LogEditorViewport: Clicking on Component (LMB): StaticMeshComponent (StaticMeshComponent0)
[2016.01.30-10.23.08:729][577]LogBlueprintUserMessages: Early PlayInEditor Detection: Level '/Game/Maps/Aztec3.Aztec3:PersistentLevel' has LevelScriptBlueprint '/Game/Maps/Aztec3.Aztec3:PersistentLevel.Aztec3' with GeneratedClass '/Game/Maps/Aztec3.Aztec3_C' with ClassGeneratedBy '/Game/Maps/Aztec3.Aztec3:PersistentLevel.Aztec3'
[2016.01.30-10.23.08:730][577]LogPlayLevel: PlayLevel: No blueprints needed recompiling
[2016.01.30-10.23.08:730][577]PIE: New page: PIE session: Aztec3 (Jan 30, 2016, 10:23:08 AM)
[2016.01.30-10.23.08:730][577]LogPlayLevel: Creating play world package: /Game/Maps/UEDPIE_0_Aztec3
[2016.01.30-10.23.08:944][577]LogPlayLevel: PIE: StaticDuplicateObject took: (0.213790s)
[2016.01.30-10.23.08:945][577]LogAIModule: Creating AISystem for world Aztec3
[2016.01.30-10.23.08:945][577]LogPlayLevel: PIE: World Init took: (0.001128s)
[2016.01.30-10.23.08:945][577]LogPlayLevel: PIE: Created PIE world by copying editor world from /Game/Maps/Aztec3.Aztec3 to /Game/Maps/UEDPIE_0_Aztec3.Aztec3 (0.215189s)
[2016.01.30-10.23.08:986][577]LogInit: XAudio2 using 'Headset (4- SB Tactic3D Rage Wireless)' : 2 channels at 44.1 kHz using 16 bits per sample (channel mask 0x3)
[2016.01.30-10.23.08:997][577]LogInit: FAudioDevice initialized.
[2016.01.30-10.23.09:033][577]LogWorld: Game class is 'MyGame_C'
[2016.01.30-10.23.09:048][577]LogWorld: Bringing World /Game/Maps/UEDPIE_0_Aztec3.Aztec3 up for play (max tick rate 0) at 2016.01.30-10.23.09
[2016.01.30-10.23.09:048][577]LogActor:Warning: GameSession /Game/Maps/UEDPIE_0_Aztec3.Aztec3:PersistentLevel.GameSession_2 has natively added scene component(s), but none of them were set as the actor's RootComponent - picking one arbitrarily
[2016.01.30-10.23.09:048][577]LogActor:Warning: GameNetworkManager /Game/Maps/UEDPIE_0_Aztec3.Aztec3:PersistentLevel.GameNetworkManager_2 has natively added scene component(s), but none of them were set as the actor's RootComponent - picking one arbitrarily
[2016.01.30-10.23.09:054][577]LogWorld: Bringing up level for play took: 0.019208
[2016.01.30-10.23.09:057][577]PIE: Info Play in editor start time for /Game/Maps/UEDPIE_0_Aztec3 1.129
[2016.01.30-10.23.09:057][577]LogBlueprintUserMessages: Late PlayInEditor Detection: Level '/Game/Maps/Aztec3.Aztec3:PersistentLevel' has LevelScriptBlueprint '/Game/Maps/Aztec3.Aztec3:PersistentLevel.Aztec3' with GeneratedClass '/Game/Maps/Aztec3.Aztec3_C' with ClassGeneratedBy '/Game/Maps/Aztec3.Aztec3:PersistentLevel.Aztec3'
[2016.01.30-10.23.16:307][368]LogBlueprintUserMessages: Early EndPlayMap Detection: Level '/Game/Maps/Aztec3.Aztec3:PersistentLevel' has LevelScriptBlueprint '/Game/Maps/Aztec3.Aztec3:PersistentLevel.Aztec3' with GeneratedClass '/Game/Maps/Aztec3.Aztec3_C' with ClassGeneratedBy '/Game/Maps/Aztec3.Aztec3:PersistentLevel.Aztec3'
[2016.01.30-10.23.16:341][368]LogBlueprintUserMessages: Late EndPlayMap Detection: Level '/Game/Maps/Aztec3.Aztec3:PersistentLevel' has LevelScriptBlueprint '/Game/Maps/Aztec3.Aztec3:PersistentLevel.Aztec3' with GeneratedClass '/Game/Maps/Aztec3.Aztec3_C' with ClassGeneratedBy '/Game/Maps/Aztec3.Aztec3:PersistentLevel.Aztec3'
[2016.01.30-10.23.16:366][368]LogParticles: Destroying 0 GPU particle simulations for FXSystem 0x0000004421A5AA20
[2016.01.30-10.23.34:879][915]LogNavigationPoint: PostEditMove Clear paths rebuilt
[2016.01.30-10.23.37:326][109]LogNavigationPoint: PostEditMove Clear paths rebuilt
[2016.01.30-10.23.38:450][205]LogNavigationPoint: PostEditMove Clear paths rebuilt
[2016.01.30-10.23.39:870][322]LogBlueprintUserMessages: Early PlayInEditor Detection: Level '/Game/Maps/Aztec3.Aztec3:PersistentLevel' has LevelScriptBlueprint '/Game/Maps/Aztec3.Aztec3:PersistentLevel.Aztec3' with GeneratedClass '/Game/Maps/Aztec3.Aztec3_C' with ClassGeneratedBy '/Game/Maps/Aztec3.Aztec3:PersistentLevel.Aztec3'
[2016.01.30-10.23.39:870][322]LogPlayLevel: PlayLevel: No blueprints needed recompiling
[2016.01.30-10.23.39:870][322]PIE: New page: PIE session: Aztec3 (Jan 30, 2016, 10:23:39 AM)
[2016.01.30-10.23.39:870][322]LogPlayLevel: Creating play world package: /Game/Maps/UEDPIE_0_Aztec3
[2016.01.30-10.23.40:013][322]LogPlayLevel: PIE: StaticDuplicateObject took: (0.143606s)
[2016.01.30-10.23.40:014][322]LogAIModule: Creating AISystem for world Aztec3
[2016.01.30-10.23.40:014][322]LogPlayLevel: PIE: World Init took: (0.001053s)
[2016.01.30-10.23.40:014][322]LogPlayLevel: PIE: Created PIE world by copying editor world from /Game/Maps/Aztec3.Aztec3 to /Game/Maps/UEDPIE_0_Aztec3.Aztec3 (0.144942s)
[2016.01.30-10.23.40:054][322]LogInit: XAudio2 using 'Headset (4- SB Tactic3D Rage Wireless)' : 2 channels at 44.1 kHz using 16 bits per sample (channel mask 0x3)
[2016.01.30-10.23.40:064][322]LogInit: FAudioDevice initialized.
[2016.01.30-10.23.40:101][322]LogWorld: Game class is 'MyGame_C'
[2016.01.30-10.23.40:114][322]LogWorld: Bringing World /Game/Maps/UEDPIE_0_Aztec3.Aztec3 up for play (max tick rate 0) at 2016.01.30-10.23.40
[2016.01.30-10.23.40:114][322]LogActor:Warning: GameSession /Game/Maps/UEDPIE_0_Aztec3.Aztec3:PersistentLevel.GameSession_3 has natively added scene component(s), but none of them were set as the actor's RootComponent - picking one arbitrarily
[2016.01.30-10.23.40:114][322]LogActor:Warning: GameNetworkManager /Game/Maps/UEDPIE_0_Aztec3.Aztec3:PersistentLevel.GameNetworkManager_3 has natively added scene component(s), but none of them were set as the actor's RootComponent - picking one arbitrarily
[2016.01.30-10.23.40:120][322]LogWorld: Bringing up level for play took: 0.017750
[2016.01.30-10.23.40:140][322]PIE: Info Play in editor start time for /Game/Maps/UEDPIE_0_Aztec3 0.213
[2016.01.30-10.23.40:140][322]LogBlueprintUserMessages: Late PlayInEditor Detection: Level '/Game/Maps/Aztec3.Aztec3:PersistentLevel' has LevelScriptBlueprint '/Game/Maps/Aztec3.Aztec3:PersistentLevel.Aztec3' with GeneratedClass '/Game/Maps/Aztec3.Aztec3_C' with ClassGeneratedBy '/Game/Maps/Aztec3.Aztec3:PersistentLevel.Aztec3'
[2016.01.30-10.23.52:181][607]LogBlueprintUserMessages: Early EndPlayMap Detection: Level '/Game/Maps/Aztec3.Aztec3:PersistentLevel' has LevelScriptBlueprint '/Game/Maps/Aztec3.Aztec3:PersistentLevel.Aztec3' with GeneratedClass '/Game/Maps/Aztec3.Aztec3_C' with ClassGeneratedBy '/Game/Maps/Aztec3.Aztec3:PersistentLevel.Aztec3'
[2016.01.30-10.23.52:217][607]LogBlueprintUserMessages: Late EndPlayMap Detection: Level '/Game/Maps/Aztec3.Aztec3:PersistentLevel' has LevelScriptBlueprint '/Game/Maps/Aztec3.Aztec3:PersistentLevel.Aztec3' with GeneratedClass '/Game/Maps/Aztec3.Aztec3_C' with ClassGeneratedBy '/Game/Maps/Aztec3.Aztec3:PersistentLevel.Aztec3'
[2016.01.30-10.23.52:272][608]LogParticles: Destroying 0 GPU particle simulations for FXSystem 0x000000449DE5E340
[2016.01.30-10.24.05:333][698]LogTexture:Display: Building textures: T_Fire_Lava (AutoDXT)
[2016.01.30-10.24.06:767][698]LogStaticMesh: Building static mesh SM_Env_Fire_Magma01_smallFlow...
[2016.01.30-10.24.06:786][698]LogStaticMesh: Built static mesh [0.019390.2s] /Game/InfinityBladeFireLands/Environments/Fire/Env_Fire_Magma/StaticMesh/SM_Env_Fire_Magma01_smallFlow.SM_Env_Fire_Magma01_smallFlow
[2016.01.30-10.24.06:803][698]LogMaterial: Missing cached shader map for material M_Env_Fire_Magma, compiling. 
[2016.01.30-10.24.06:843][698]LogActorFactory: Actor Factory created SM_Env_Fire_Magma01_smallFlow
[2016.01.30-10.24.11:923][120]LogActorFactory: Actor Factory created SM_Env_Fire_Magma01_smallFlow
[2016.01.30-10.24.31:189][812]LogTexture:Display: Building textures: Texture2D_2 (G8)
[2016.01.30-10.25.11:688][953]LogTexture:Display: Building textures: T_Fire_RockPlateau_D (AutoDXT)
[2016.01.30-10.25.18:541][953]LogTexture:Display: Building textures: T_Ice_RockPlateau_N (BC5)
[2016.01.30-10.25.19:318][953]LogMaterial: Missing cached shader map for material M_Fire_RockTerrain01, compiling. 
[2016.01.30-10.25.19:350][953]LogEditorViewport: Clicking on Actor (context menu): BP_Sky_Sphere_C (SkySphereBlueprint)
[2016.01.30-10.25.20:739][ 41]LogEditorViewport: Clicking on Actor (LMB): BP_Sky_Sphere_C (SkySphereBlueprint)
[2016.01.30-10.26.32:671][481]LogMaterial:Warning: Material /Game/InfinityBladeFireLands/Environments/Fire/Env_Fire_Rocky/Materials/M_Fire_RockTerrain01.M_Fire_RockTerrain01 needed to have new flag set bUsedWithLandscape !
[2016.01.30-10.26.32:674][481]LogMaterial: Missing cached shader map for material M_Fire_RockTerrain01, compiling. 
[2016.01.30-10.26.32:705][481]LogMaterial: 0.000134 seconds spent updating 1 materials, 1 interfaces, 0 instances, 0 with static permutations.
[2016.01.30-10.26.32:707][481]LogMaterial: 0.000048 seconds spent updating 1 materials, 1 interfaces, 1 instances, 0 with static permutations.
[2016.01.30-10.26.32:708][481]LogMaterial: 0.000047 seconds spent updating 1 materials, 1 interfaces, 1 instances, 0 with static permutations.
[2016.01.30-10.26.32:708][481]LogMaterial: 0.000032 seconds spent updating 1 materials, 1 interfaces, 1 instances, 0 with static permutations.
[2016.01.30-10.26.32:708][481]LogMaterial: 0.000043 seconds spent updating 1 materials, 1 interfaces, 1 instances, 0 with static permutations.
[2016.01.30-10.26.32:709][481]LogMaterial: 0.000039 seconds spent updating 1 materials, 1 interfaces, 1 instances, 0 with static permutations.
[2016.01.30-10.26.32:709][481]LogMaterial: 0.000038 seconds spent updating 1 materials, 1 interfaces, 1 instances, 0 with static permutations.
[2016.01.30-10.26.32:709][481]LogMaterial: 0.000050 seconds spent updating 1 materials, 1 interfaces, 1 instances, 0 with static permutations.
[2016.01.30-10.26.32:710][481]LogMaterial: 0.000054 seconds spent updating 1 materials, 1 interfaces, 1 instances, 0 with static permutations.
[2016.01.30-10.26.32:710][481]LogMaterial: 0.000052 seconds spent updating 1 materials, 1 interfaces, 1 instances, 0 with static permutations.
[2016.01.30-10.26.32:711][481]LogMaterial: 0.000047 seconds spent updating 1 materials, 1 interfaces, 1 instances, 0 with static permutations.
[2016.01.30-10.26.32:711][481]LogMaterial: 0.000052 seconds spent updating 1 materials, 1 interfaces, 1 instances, 0 with static permutations.
[2016.01.30-10.26.32:711][481]LogMaterial: 0.000044 seconds spent updating 1 materials, 1 interfaces, 1 instances, 0 with static permutations.
[2016.01.30-10.26.32:712][481]LogMaterial: 0.000055 seconds spent updating 1 materials, 1 interfaces, 1 instances, 0 with static permutations.
[2016.01.30-10.26.32:712][481]LogMaterial: 0.000068 seconds spent updating 1 materials, 1 interfaces, 1 instances, 0 with static permutations.
[2016.01.30-10.26.32:713][481]LogMaterial: 0.000046 seconds spent updating 1 materials, 1 interfaces, 1 instances, 0 with static permutations.
[2016.01.30-10.26.32:713][481]LogMaterial: 0.000063 seconds spent updating 1 materials, 1 interfaces, 1 instances, 0 with static permutations.
[2016.01.30-10.26.32:713][481]LogMaterial: 0.000039 seconds spent updating 1 materials, 1 interfaces, 1 instances, 0 with static permutations.
[2016.01.30-10.26.32:714][481]LogMaterial: 0.000116 seconds spent updating 1 materials, 1 interfaces, 1 instances, 0 with static permutations.
[2016.01.30-10.26.32:714][481]LogMaterial: 0.000035 seconds spent updating 1 materials, 1 interfaces, 1 instances, 0 with static permutations.
[2016.01.30-10.26.32:715][481]LogMaterial: 0.000035 seconds spent updating 1 materials, 1 interfaces, 1 instances, 0 with static permutations.
[2016.01.30-10.26.32:715][481]LogMaterial: 0.000077 seconds spent updating 1 materials, 1 interfaces, 1 instances, 0 with static permutations.
[2016.01.30-10.26.32:715][481]LogMaterial: 0.000039 seconds spent updating 1 materials, 1 interfaces, 1 instances, 0 with static permutations.
[2016.01.30-10.26.32:716][481]LogMaterial: 0.000038 seconds spent updating 1 materials, 1 interfaces, 1 instances, 0 with static permutations.
[2016.01.30-10.26.32:716][481]LogMaterial: 0.000038 seconds spent updating 1 materials, 1 interfaces, 1 instances, 0 with static permutations.
[2016.01.30-10.26.32:716][481]LogMaterial: 0.000040 seconds spent updating 1 materials, 1 interfaces, 1 instances, 0 with static permutations.
[2016.01.30-10.26.32:717][481]LogMaterial: 0.000082 seconds spent updating 1 materials, 1 interfaces, 1 instances, 0 with static permutations.
[2016.01.30-10.26.32:717][481]LogMaterial: 0.000066 seconds spent updating 1 materials, 1 interfaces, 1 instances, 0 with static permutations.
[2016.01.30-10.26.32:718][481]LogMaterial: 0.000048 seconds spent updating 1 materials, 1 interfaces, 1 instances, 0 with static permutations.
[2016.01.30-10.26.32:718][481]LogMaterial: 0.000066 seconds spent updating 1 materials, 1 interfaces, 1 instances, 0 with static permutations.
[2016.01.30-10.26.32:719][481]LogMaterial: 0.000061 seconds spent updating 1 materials, 1 interfaces, 1 instances, 0 with static permutations.
[2016.01.30-10.26.32:719][481]LogMaterial: 0.000041 seconds spent updating 1 materials, 1 interfaces, 1 instances, 0 with static permutations.
[2016.01.30-10.26.32:719][481]LogMaterial: 0.000069 seconds spent updating 1 materials, 1 interfaces, 1 instances, 0 with static permutations.
[2016.01.30-10.26.32:720][481]LogMaterial: 0.000081 seconds spent updating 1 materials, 1 interfaces, 1 instances, 0 with static permutations.
[2016.01.30-10.26.32:720][481]LogMaterial: 0.000068 seconds spent updating 1 materials, 1 interfaces, 1 instances, 0 with static permutations.
[2016.01.30-10.26.32:721][481]LogMaterial: 0.000092 seconds spent updating 1 materials, 1 interfaces, 1 instances, 0 with static permutations.
[2016.01.30-10.26.32:721][481]LogMaterial: 0.000054 seconds spent updating 1 materials, 1 interfaces, 1 instances, 0 with static permutations.
[2016.01.30-10.26.32:721][481]LogMaterial: 0.000047 seconds spent updating 1 materials, 1 interfaces, 1 instances, 0 with static permutations.
[2016.01.30-10.26.32:722][481]LogMaterial: 0.000057 seconds spent updating 1 materials, 1 interfaces, 1 instances, 0 with static permutations.
[2016.01.30-10.26.32:722][481]LogMaterial: 0.000048 seconds spent updating 1 materials, 1 interfaces, 1 instances, 0 with static permutations.
[2016.01.30-10.26.32:723][481]LogMaterial: 0.000088 seconds spent updating 1 materials, 1 interfaces, 1 instances, 0 with static permutations.
[2016.01.30-10.26.32:723][481]LogMaterial: 0.000062 seconds spent updating 1 materials, 1 interfaces, 1 instances, 0 with static permutations.
[2016.01.30-10.26.32:723][481]LogMaterial: 0.000053 seconds spent updating 1 materials, 1 interfaces, 1 instances, 0 with static permutations.
[2016.01.30-10.26.32:724][481]LogMaterial: 0.000049 seconds spent updating 1 materials, 1 interfaces, 1 instances, 0 with static permutations.
[2016.01.30-10.26.32:724][481]LogMaterial: 0.000048 seconds spent updating 1 materials, 1 interfaces, 1 instances, 0 with static permutations.
[2016.01.30-10.26.32:724][481]LogMaterial: 0.000050 seconds spent updating 1 materials, 1 interfaces, 1 instances, 0 with static permutations.
[2016.01.30-10.26.32:725][481]LogMaterial: 0.000046 seconds spent updating 1 materials, 1 interfaces, 1 instances, 0 with static permutations.
[2016.01.30-10.26.32:725][481]LogMaterial: 0.000074 seconds spent updating 1 materials, 1 interfaces, 1 instances, 0 with static permutations.
[2016.01.30-10.26.32:726][481]LogMaterial: 0.000061 seconds spent updating 1 materials, 1 interfaces, 1 instances, 0 with static permutations.
[2016.01.30-10.26.32:726][481]LogMaterial: 0.000057 seconds spent updating 1 materials, 1 interfaces, 1 instances, 0 with static permutations.
[2016.01.30-10.26.32:726][481]LogMaterial: 0.000060 seconds spent updating 1 materials, 1 interfaces, 1 instances, 0 with static permutations.
[2016.01.30-10.26.32:727][481]LogMaterial: 0.000063 seconds spent updating 1 materials, 1 interfaces, 1 instances, 0 with static permutations.
[2016.01.30-10.26.32:727][481]LogMaterial: 0.000071 seconds spent updating 1 materials, 1 interfaces, 1 instances, 0 with static permutations.
[2016.01.30-10.26.32:728][481]LogMaterial: 0.000045 seconds spent updating 1 materials, 1 interfaces, 1 instances, 0 with static permutations.
[2016.01.30-10.26.32:728][481]LogMaterial: 0.000061 seconds spent updating 1 materials, 1 interfaces, 1 instances, 0 with static permutations.
[2016.01.30-10.26.32:728][481]LogMaterial: 0.000059 seconds spent updating 1 materials, 1 interfaces, 1 instances, 0 with static permutations.
[2016.01.30-10.26.32:729][481]LogMaterial: 0.000057 seconds spent updating 1 materials, 1 interfaces, 1 instances, 0 with static permutations.
[2016.01.30-10.26.32:729][481]LogMaterial: 0.000045 seconds spent updating 1 materials, 1 interfaces, 1 instances, 0 with static permutations.
[2016.01.30-10.26.32:730][481]LogMaterial: 0.000044 seconds spent updating 1 materials, 1 interfaces, 1 instances, 0 with static permutations.
[2016.01.30-10.26.32:730][481]LogMaterial: 0.000044 seconds spent updating 1 materials, 1 interfaces, 1 instances, 0 with static permutations.
[2016.01.30-10.26.32:730][481]LogMaterial: 0.000043 seconds spent updating 1 materials, 1 interfaces, 1 instances, 0 with static permutations.
[2016.01.30-10.26.32:731][481]LogMaterial: 0.000045 seconds spent updating 1 materials, 1 interfaces, 1 instances, 0 with static permutations.
[2016.01.30-10.26.32:731][481]LogMaterial: 0.000048 seconds spent updating 1 materials, 1 interfaces, 1 instances, 0 with static permutations.
[2016.01.30-10.26.32:731][481]LogMaterial: 0.000046 seconds spent updating 1 materials, 1 interfaces, 1 instances, 0 with static permutations.
[2016.01.30-10.26.32:732][481]LogMaterial: 0.000043 seconds spent updating 1 materials, 1 interfaces, 1 instances, 0 with static permutations.
[2016.01.30-10.26.32:808][481]LogTexture:Display: Building textures: Texture2D_3 (BGRA8)
[2016.01.30-10.26.32:912][482]Cmd: UpdateLandscapeEditorData
[2016.01.30-10.27.02:240][786]LogEditorViewport: Clicking on Actor (double click): Landscape (Landscape)
[2016.01.30-10.28.38:473][ 35]LogTexture:Display: Building textures: Texture2D_4 (BGRA8)
[2016.01.30-10.28.38:474][ 35]LogTexture:Display: Building textures: Texture2D_5 (BGRA8)
[2016.01.30-10.28.38:476][ 35]LogTexture:Display: Building textures: Texture2D_6 (BGRA8)
[2016.01.30-10.28.38:477][ 35]LogTexture:Display: Building textures: Texture2D_7 (BGRA8)
[2016.01.30-10.28.38:627][ 36]Cmd: UpdateLandscapeEditorData
[2016.01.30-10.28.49:645][121]Cmd: DELETE
[2016.01.30-10.28.49:646][121]Cmd: ACTOR DELETE
[2016.01.30-10.28.49:650][121]LogEditorActor: Deleted Actor: StaticMeshActor
[2016.01.30-10.28.49:651][121]LogEditorActor: Deleted Actor: Landscape
[2016.01.30-10.28.49:676][121]LogEditorActor: Deleted 2 Actors (0.029 secs)
[2016.01.30-10.28.53:104][121]LogCrashTracker: 


[2016.01.30-10.28.53:166][121]LogCrashTracker: 


[2016.01.30-10.28.53:166][121]LogWindows:Error: === Critical error: ===
Fatal error!



[2016.01.30-10.28.53:267][121]LogExit: Executing StaticShutdownAfterError
[2016.01.30-10.28.53:275][121]LogPhysics:Warning: PHYSX: ..\..\PhysX\src\NpScene.cpp (2946) 8 : PxScene::unlockWrite() called without matching call to PxScene::lockWrite(), behaviour will be undefined.
[2016.01.30-10.28.53:275][121]LogPhysics:Warning: PHYSX: ..\..\PhysX\src\NpScene.cpp (2946) 8 : PxScene::unlockWrite() called without matching call to PxScene::lockWrite(), behaviour will be undefined.
[2016.01.30-10.28.53:275][121]LogWindows: FPlatformMisc::RequestExit(1)
[2016.01.30-10.28.53:275][121]Log file closed, 01/30/16 10:28:53
