[2016.01.31-17.10.43:688][  0]Log file open, 01/31/16 17:10:43
[2016.01.31-17.10.43:688][  0]LogInit:Display: Running engine for game: MyProject6
[2016.01.31-17.10.43:688][  0]LogPlatformFile: Not using cached read wrapper
[2016.01.31-17.10.43:688][  0]LogInit:Display: RandInit(-1775924338) SRandInit(-1775924337).
[2016.01.31-17.10.43:688][  0]LogTaskGraph: Started task graph with 4 named threads and 7 total threads.
[2016.01.31-17.10.43:688][  0]LogStats: Stats thread started at 0.093007
[2016.01.31-17.10.43:688][  0]LogInit: Version: 4.10.2-2818068+++depot+UE4-Releases+4.10
[2016.01.31-17.10.43:688][  0]LogInit: API Version: 2758231
[2016.01.31-17.10.43:688][  0]LogInit: Compiled (64-bit): Jan  6 2016 17:36:42
[2016.01.31-17.10.43:688][  0]LogInit: Compiled with Visual C++: 19.00.23026.00
[2016.01.31-17.10.43:688][  0]LogInit: Build Configuration: Development
[2016.01.31-17.10.43:688][  0]LogInit: Branch Name: ++depot+UE4-Releases+4.10
[2016.01.31-17.10.43:688][  0]LogInit: Command line:  /Temp/Autosaves/Game/Maps/UEDPCAztecv13 -game -PIEVIACONSOLE -ResX=3840 -ResY=2160  -Multiprocess 
[2016.01.31-17.10.43:688][  0]LogInit: Base directory: E:/Program Files/Epic Games/4.10/Engine/Binaries/Win64/
[2016.01.31-17.10.43:688][  0]LogInit: Rocket: 1
[2016.01.31-17.10.43:698][  0]LogInit: Using libcurl 7.41.0
[2016.01.31-17.10.43:698][  0]LogInit:  - built for x86_64-pc-win32
[2016.01.31-17.10.43:698][  0]LogInit:  - supports SSL with WinSSL
[2016.01.31-17.10.43:698][  0]LogInit:  - other features:
[2016.01.31-17.10.43:698][  0]LogInit:      CURL_VERSION_SSL
[2016.01.31-17.10.43:698][  0]LogInit:      CURL_VERSION_IPV6
[2016.01.31-17.10.43:698][  0]LogInit:      CURL_VERSION_ASYNCHDNS
[2016.01.31-17.10.43:698][  0]LogInit:      CURL_VERSION_LARGEFILE
[2016.01.31-17.10.43:698][  0]LogInit:      CURL_VERSION_IDN
[2016.01.31-17.10.43:698][  0]LogInit:  CurlRequestOptions (configurable via config and command line):
[2016.01.31-17.10.43:698][  0]LogInit:  - bVerifyPeer = true  - Libcurl will verify peer certificate
[2016.01.31-17.10.43:698][  0]LogInit:  - bUseHttpProxy = false  - Libcurl will NOT use HTTP proxy
[2016.01.31-17.10.43:698][  0]LogInit:  - bDontReuseConnections = false  - Libcurl will reuse connections
[2016.01.31-17.10.43:698][  0]LogInit:  - CertBundlePath = nullptr  - Libcurl will use whatever was configured at build time.
[2016.01.31-17.10.43:708][  0]LogInit: Presizing for 0 objects not considered by GC, pre-allocating 0 bytes.
[2016.01.31-17.10.43:716][  0]LogInit: Object subsystem initialized
[2016.01.31-17.10.43:718][  0]LogConsoleManager:Warning: Console variable 'r.MSAA.CompositingSampleCount' wasn't set ('Scalability' has a lower priority than 'ProjectSetting')
[2016.01.31-17.10.43:718][  0]LogInit: Selected Device Profile: [Windows]
[2016.01.31-17.10.43:718][  0]LogInit: Applying CVar settings loaded from the selected device profile: [Windows]
[2016.01.31-17.10.43:724][  0]LogInit: Computer: RAGNAROK
[2016.01.31-17.10.43:724][  0]LogInit: User: Joe
[2016.01.31-17.10.43:724][  0]LogInit: CPU Page size=4096, Cores=4
[2016.01.31-17.10.43:724][  0]LogInit: High frequency timer resolution =3.919520 MHz
[2016.01.31-17.10.43:724][  0]LogMemory: Memory total: Physical=15.9GB (16GB approx)
[2016.01.31-17.10.43:725][  0]LogMemory: Platform Memory Stats for Windows
[2016.01.31-17.10.43:725][  0]LogMemory: Process Physical Memory: 56.43 MB used, 56.43 MB peak
[2016.01.31-17.10.43:725][  0]LogMemory: Process Virtual Memory: 56.80 MB used, 56.80 MB peak
[2016.01.31-17.10.43:725][  0]LogMemory: Physical Memory: 4943.16 MB used, 16282.32 MB total
[2016.01.31-17.10.43:725][  0]LogMemory: Virtual Memory: 379.46 MB used, 134217728.00 MB total
[2016.01.31-17.10.43:766][  0]LogTextLocalizationManager: No specific translations for ('en-US') exist, so ('en') translations will be used.
[2016.01.31-17.10.44:498][  0]LogD3D11RHI: Found D3D11 adapter 0: NVIDIA GeForce GTX 780 Ti  (Feature Level 11_0)
[2016.01.31-17.10.44:498][  0]LogD3D11RHI: Adapter has 3013MB of dedicated video memory, 0MB of dedicated system memory, and 8141MB of shared system memory, 1 output[s]
[2016.01.31-17.10.44:500][  0]LogD3D11RHI: Found D3D11 adapter 1: Microsoft Basic Render Driver (Feature Level 11_0)
[2016.01.31-17.10.44:500][  0]LogD3D11RHI: Adapter has 0MB of dedicated video memory, 0MB of dedicated system memory, and 8141MB of shared system memory, 0 output[s]
[2016.01.31-17.10.44:500][  0]LogD3D11RHI: Chosen D3D11 Adapter Id = 0
[2016.01.31-17.10.44:507][  0]LogD3D11RHI: !Direct3DDevice
[2016.01.31-17.10.44:507][  0]LogRHI: Texture pool is 1361 MB (70% of 1945 MB)
[2016.01.31-17.10.44:529][  0]LogD3D11RHI: Async texture creation enabled
[2016.01.31-17.10.44:545][  0]LogShaderCompilers: Guid format shader working directory is -17 characters bigger than the processId version (C:/Users/Joe/Documents/Unreal Projects/Baller/MyProject6 4.10/Intermediate/Shaders/WorkingDirectory/6128/).
[2016.01.31-17.10.44:545][  0]LogShaderCompilers: Cleaned the shader compiler working directory 'C:/Users/Joe/AppData/Local/Temp/UnrealShaderWorkingDir/5C1F2AAB4B365C8B2DC4AB9A3B158ECF/'.
[2016.01.31-17.10.44:545][  0]LogShaderCompilers:Display: Using Local Shader Compiler.
[2016.01.31-17.10.45:623][  0]LogTemp:Display: Loaded TP AllDesktopTargetPlatform
[2016.01.31-17.10.45:628][  0]LogTemp:Display: Loaded TP WindowsClientTargetPlatform
[2016.01.31-17.10.45:634][  0]LogTemp:Display: Loaded TP WindowsNoEditorTargetPlatform
[2016.01.31-17.10.45:640][  0]LogTemp:Display: Loaded TP WindowsServerTargetPlatform
[2016.01.31-17.10.45:645][  0]LogTemp:Display: Loaded TP WindowsTargetPlatform
[2016.01.31-17.10.45:649][  0]LogTemp:Display: Loaded TP AndroidTargetPlatform
[2016.01.31-17.10.45:652][  0]LogTemp:Display: Loaded TP Android_ASTCTargetPlatform
[2016.01.31-17.10.45:655][  0]LogTemp:Display: Loaded TP Android_ATCTargetPlatform
[2016.01.31-17.10.45:659][  0]LogTemp:Display: Loaded TP Android_DXTTargetPlatform
[2016.01.31-17.10.45:663][  0]LogTemp:Display: Loaded TP Android_ETC1TargetPlatform
[2016.01.31-17.10.45:667][  0]LogTemp:Display: Loaded TP Android_ETC2TargetPlatform
[2016.01.31-17.10.45:675][  0]LogTemp:Display: Loaded TP Android_MultiTargetPlatform
[2016.01.31-17.10.45:675][  0]LogTemp:Display: Loaded TP Android_PVRTCTargetPlatform
[2016.01.31-17.10.45:676][  0]LogTemp:Display: Loaded TP HTML5TargetPlatform
[2016.01.31-17.10.45:693][  0]LogTemp:Display: Loaded TP IOSTargetPlatform
[2016.01.31-17.10.45:698][  0]LogTemp:Display: Loaded TP LinuxNoEditorTargetPlatform
[2016.01.31-17.10.45:701][  0]LogTemp:Display: Loaded TP LinuxServerTargetPlatform
[2016.01.31-17.10.45:705][  0]LogTemp:Display: Loaded TP LinuxTargetPlatform
[2016.01.31-17.10.45:705][  0]LogTargetPlatformManager:Display: Building Assets For Windows
[2016.01.31-17.10.45:819][  0]LogDerivedDataCache:Display: Max Cache Size: 512 MB
[2016.01.31-17.10.45:892][  0]LogDerivedDataCache: Loaded boot cache 0.07s 41MB C:/Users/Joe/AppData/Local/UnrealEngine/4.10/DerivedDataCache/Boot.ddc.
[2016.01.31-17.10.45:892][  0]LogDerivedDataCache:Display: Loaded Boot cache: C:/Users/Joe/AppData/Local/UnrealEngine/4.10/DerivedDataCache/Boot.ddc
[2016.01.31-17.10.45:892][  0]LogDerivedDataCache: FDerivedDataBackendGraph:  Pak pak cache file C:/Users/Joe/Documents/Unreal Projects/Baller/MyProject6 4.10/DerivedDataCache/DDC.ddp not found, will not use a pak cache.
[2016.01.31-17.10.45:892][  0]LogDerivedDataCache: Unable to find inner node Pak for hierarchical cache Hierarchy.
[2016.01.31-17.10.45:892][  0]LogDerivedDataCache: FDerivedDataBackendGraph:  CompressedPak pak cache file C:/Users/Joe/Documents/Unreal Projects/Baller/MyProject6 4.10/DerivedDataCache/Compressed.ddp not found, will not use a pak cache.
[2016.01.31-17.10.45:892][  0]LogDerivedDataCache: Unable to find inner node CompressedPak for hierarchical cache Hierarchy.
[2016.01.31-17.10.45:979][  0]LogDerivedDataCache:Display: Pak cache opened for reading ../../../Engine/DerivedDataCache/Compressed.ddp.
[2016.01.31-17.10.45:991][  0]LogDerivedDataCache: Using Local data cache path C:/Users/Joe/AppData/Local/UnrealEngine/Common/DerivedDataCache: Writable
[2016.01.31-17.10.46:211][  0]LogInit: Selected Device Profile: [Windows]
[2016.01.31-17.10.46:214][  0]LogContentStreaming: Texture pool size is 1000.000000MB
[2016.01.31-17.10.46:362][  0]LogMeshUtilities: No automatic mesh reduction module available
[2016.01.31-17.10.46:362][  0]LogMeshUtilities: No automatic mesh merging module available
[2016.01.31-17.10.46:642][  0]LogInit: WinSock: version 1.1 (2.2), MaxSocks=32767, MaxUdp=65467
[2016.01.31-17.10.46:906][  0]LogWindowsMoviePlayer: Unable to load movie: C:/Users/Joe/Documents/Unreal Projects/Baller/MyProject6 4.10/Content/Movies/Default_Startup.mp4
[2016.01.31-17.10.47:016][  0]SourceControl: Info Source control is disabled
[2016.01.31-17.10.47:016][  0]SourceControl: Info Source control is disabled
[2016.01.31-17.10.47:028][  0]SourceControl: Info Source control is disabled
[2016.01.31-17.10.47:252][  0]LogObj: 27935 objects as part of root set at end of initial load.
[2016.01.31-17.10.47:252][  0]LogUObjectAllocator: 5830072 out of 0 bytes used by permanent object pool.
[2016.01.31-17.10.47:325][  0]LogEngine: Initializing Engine...
[2016.01.31-17.10.47:327][  0]LogHMD: Can't find Oculus library dev build: is proper Runtime installed? Version: 0.8.0.0
[2016.01.31-17.10.47:336][  0]LogHMD: SteamVR failed to initialize.  Err: 108
[2016.01.31-17.10.47:487][  0]LogInit: XAudio2 using 'Headset (4- SB Tactic3D Rage Wireless)' : 2 channels at 44.1 kHz using 16 bits per sample (channel mask 0x3)
[2016.01.31-17.10.47:500][  0]LogInit: FAudioDevice initialized.
[2016.01.31-17.10.47:508][  0]LogInit: Texture streaming: Enabled
[2016.01.31-17.10.47:709][  0]LogNet: Browse: /Temp/Autosaves/Game/Maps/UEDPCAztecv13?Name=Player
[2016.01.31-17.10.47:709][  0]LogLoad: LoadMap: /Temp/Autosaves/Game/Maps/UEDPCAztecv13?Name=Player
[2016.01.31-17.10.47:723][  0]LogParticles: Destroying 0 GPU particle simulations for FXSystem 0x0000008CBEB61D00
[2016.01.31-17.10.47:735][  0]LogMemory: Platform Memory Stats for Windows
[2016.01.31-17.10.47:736][  0]LogMemory: Process Physical Memory: 405.22 MB used, 405.22 MB peak
[2016.01.31-17.10.47:736][  0]LogMemory: Process Virtual Memory: 465.96 MB used, 465.96 MB peak
[2016.01.31-17.10.47:736][  0]LogMemory: Physical Memory: 5236.57 MB used, 16282.32 MB total
[2016.01.31-17.10.47:736][  0]LogMemory: Virtual Memory: 1019.21 MB used, 134217728.00 MB total
[2016.01.31-17.10.47:736][  0]LogMemory: 
[2016.01.31-17.10.47:736][  0]Allocator Stats for TBB: (not implemented)
[2016.01.31-17.10.48:368][  0]LogTexture:Display: Building textures: HQ_Lightmap0_10 (AutoDXT)
[2016.01.31-17.10.48:371][  0]LogTexture:Display: Building textures: HQ_Lightmap0_11 (AutoDXT)
[2016.01.31-17.10.48:376][  0]LogTexture:Display: Building textures: HQ_Lightmap0_12 (AutoDXT)
[2016.01.31-17.10.48:400][  0]LogTexture:Display: Building textures: HQ_Lightmap0_13 (AutoDXT)
[2016.01.31-17.10.48:418][  0]LogTexture:Display: Building textures: HQ_Lightmap0_14 (AutoDXT)
[2016.01.31-17.10.48:421][  0]LogTexture:Display: Building textures: HQ_Lightmap0_15 (AutoDXT)
[2016.01.31-17.10.48:427][  0]LogTexture:Display: Building textures: HQ_Lightmap0_18 (AutoDXT)
[2016.01.31-17.10.48:433][  0]LogTexture:Display: Building textures: HQ_Lightmap0_19 (AutoDXT)
[2016.01.31-17.10.48:435][  0]LogTexture:Display: Building textures: HQ_Lightmap0_20 (AutoDXT)
[2016.01.31-17.10.48:437][  0]LogTexture:Display: Building textures: HQ_Lightmap0_22 (AutoDXT)
[2016.01.31-17.10.48:442][  0]LogTexture:Display: Building textures: HQ_Lightmap0_6 (AutoDXT)
[2016.01.31-17.10.48:450][  0]LogTexture:Display: Building textures: HQ_Lightmap0_7 (AutoDXT)
[2016.01.31-17.10.48:456][  0]LogTexture:Display: Building textures: HQ_Lightmap0_8 (AutoDXT)
[2016.01.31-17.10.48:488][  0]LogAIModule: Creating AISystem for world Aztecv13
[2016.01.31-17.10.48:498][  0]LogLinker:Warning: Can't find file '/Game/Annimation/pasted__phong3'
[2016.01.31-17.10.48:498][  0]LogUObjectGlobals:Warning: Failed to load '/Game/Annimation/pasted__phong3': Can't find file '/Game/Annimation/pasted__phong3'
[2016.01.31-17.10.48:498][  0]LogLinker:Warning: Can't find file for asset '/Game/Annimation/pasted__phong3' while loading NULL.
[2016.01.31-17.10.48:498][  0]LogUObjectGlobals:Warning: Failed to load '/Game/Annimation/pasted__phong3': Can't find file for asset '/Game/Annimation/pasted__phong3' while loading NULL.
[2016.01.31-17.10.48:499][  0]LogLinker:Warning: Can't find file '/Game/pasted__pasted__phong3'
[2016.01.31-17.10.48:499][  0]LogUObjectGlobals:Warning: Failed to load '/Game/pasted__pasted__phong3': Can't find file '/Game/pasted__pasted__phong3'
[2016.01.31-17.10.48:499][  0]LogLinker:Warning: Can't find file for asset '/Game/pasted__pasted__phong3' while loading NULL.
[2016.01.31-17.10.48:499][  0]LogUObjectGlobals:Warning: Failed to load '/Game/pasted__pasted__phong3': Can't find file for asset '/Game/pasted__pasted__phong3' while loading NULL.
[2016.01.31-17.10.48:499][  0]LogLinker:Warning: Can't find file '/Game/pasted__phong3'
[2016.01.31-17.10.48:499][  0]LogUObjectGlobals:Warning: Failed to load '/Game/pasted__phong3': Can't find file '/Game/pasted__phong3'
[2016.01.31-17.10.48:499][  0]LogLinker:Warning: Can't find file for asset '/Game/pasted__phong3' while loading NULL.
[2016.01.31-17.10.48:499][  0]LogUObjectGlobals:Warning: Failed to load '/Game/pasted__phong3': Can't find file for asset '/Game/pasted__phong3' while loading NULL.
[2016.01.31-17.10.48:499][  0]LogLinker:Warning: Can't find file '/Game/pasted__phongE1'
[2016.01.31-17.10.48:499][  0]LogUObjectGlobals:Warning: Failed to load '/Game/pasted__phongE1': Can't find file '/Game/pasted__phongE1'
[2016.01.31-17.10.48:499][  0]LogLinker:Warning: Can't find file for asset '/Game/pasted__phongE1' while loading NULL.
[2016.01.31-17.10.48:499][  0]LogUObjectGlobals:Warning: Failed to load '/Game/pasted__phongE1': Can't find file for asset '/Game/pasted__phongE1' while loading NULL.
[2016.01.31-17.10.48:499][  0]LogLinker:Warning: Can't find file '/Game/pasted__phongE2'
[2016.01.31-17.10.48:499][  0]LogUObjectGlobals:Warning: Failed to load '/Game/pasted__phongE2': Can't find file '/Game/pasted__phongE2'
[2016.01.31-17.10.48:499][  0]LogLinker:Warning: Can't find file for asset '/Game/pasted__phongE2' while loading NULL.
[2016.01.31-17.10.48:499][  0]LogUObjectGlobals:Warning: Failed to load '/Game/pasted__phongE2': Can't find file for asset '/Game/pasted__phongE2' while loading NULL.
[2016.01.31-17.10.48:499][  0]LogLinker:Warning: Can't find file '/Game/phong1'
[2016.01.31-17.10.48:499][  0]LogUObjectGlobals:Warning: Failed to load '/Game/phong1': Can't find file '/Game/phong1'
[2016.01.31-17.10.48:500][  0]LogLinker:Warning: Can't find file for asset '/Game/phong1' while loading NULL.
[2016.01.31-17.10.48:500][  0]LogUObjectGlobals:Warning: Failed to load '/Game/phong1': Can't find file for asset '/Game/phong1' while loading NULL.
[2016.01.31-17.10.48:500][  0]LogLinker:Warning: Can't find file '/Game/phongE1'
[2016.01.31-17.10.48:500][  0]LogUObjectGlobals:Warning: Failed to load '/Game/phongE1': Can't find file '/Game/phongE1'
[2016.01.31-17.10.48:500][  0]LogLinker:Warning: Can't find file for asset '/Game/phongE1' while loading NULL.
[2016.01.31-17.10.48:500][  0]LogUObjectGlobals:Warning: Failed to load '/Game/phongE1': Can't find file for asset '/Game/phongE1' while loading NULL.
[2016.01.31-17.10.48:500][  0]LogLinker:Warning: Can't find file '/Game/Torch_pasted__pCylinder2_PhysicsAsset'
[2016.01.31-17.10.48:500][  0]LogUObjectGlobals:Warning: Failed to load '/Game/Torch_pasted__pCylinder2_PhysicsAsset': Can't find file '/Game/Torch_pasted__pCylinder2_PhysicsAsset'
[2016.01.31-17.10.48:500][  0]LogLinker:Warning: Can't find file for asset '/Game/Torch_pasted__pCylinder2_PhysicsAsset' while loading NULL.
[2016.01.31-17.10.48:500][  0]LogUObjectGlobals:Warning: Failed to load '/Game/Torch_pasted__pCylinder2_PhysicsAsset': Can't find file for asset '/Game/Torch_pasted__pCylinder2_PhysicsAsset' while loading NULL.
[2016.01.31-17.10.48:500][  0]LogLinker:Warning: Can't find file '/Game/Torch_pCylinder1_PhysicsAsset'
[2016.01.31-17.10.48:500][  0]LogUObjectGlobals:Warning: Failed to load '/Game/Torch_pCylinder1_PhysicsAsset': Can't find file '/Game/Torch_pCylinder1_PhysicsAsset'
[2016.01.31-17.10.48:500][  0]LogLinker:Warning: Can't find file for asset '/Game/Torch_pCylinder1_PhysicsAsset' while loading NULL.
[2016.01.31-17.10.48:500][  0]LogUObjectGlobals:Warning: Failed to load '/Game/Torch_pCylinder1_PhysicsAsset': Can't find file for asset '/Game/Torch_pCylinder1_PhysicsAsset' while loading NULL.
[2016.01.31-17.10.48:500][  0]LogLinker:Warning: Can't find file '/Game/Torch_pCylinder2_PhysicsAsset'
[2016.01.31-17.10.48:500][  0]LogUObjectGlobals:Warning: Failed to load '/Game/Torch_pCylinder2_PhysicsAsset': Can't find file '/Game/Torch_pCylinder2_PhysicsAsset'
[2016.01.31-17.10.48:501][  0]LogLinker:Warning: Can't find file for asset '/Game/Torch_pCylinder2_PhysicsAsset' while loading NULL.
[2016.01.31-17.10.48:501][  0]LogUObjectGlobals:Warning: Failed to load '/Game/Torch_pCylinder2_PhysicsAsset': Can't find file for asset '/Game/Torch_pCylinder2_PhysicsAsset' while loading NULL.
[2016.01.31-17.10.48:501][  0]LogLinker:Warning: Can't find file '/Game/Torch_sam00_PhysicsAsset'
[2016.01.31-17.10.48:501][  0]LogUObjectGlobals:Warning: Failed to load '/Game/Torch_sam00_PhysicsAsset': Can't find file '/Game/Torch_sam00_PhysicsAsset'
[2016.01.31-17.10.48:501][  0]LogLinker:Warning: Can't find file for asset '/Game/Torch_sam00_PhysicsAsset' while loading NULL.
[2016.01.31-17.10.48:501][  0]LogUObjectGlobals:Warning: Failed to load '/Game/Torch_sam00_PhysicsAsset': Can't find file for asset '/Game/Torch_sam00_PhysicsAsset' while loading NULL.
[2016.01.31-17.10.48:501][  0]LogLinker:Warning: Can't find file '/Game/Attempt_2_sam00_Skeleton'
[2016.01.31-17.10.48:501][  0]LogUObjectGlobals:Warning: Failed to load '/Game/Attempt_2_sam00_Skeleton': Can't find file '/Game/Attempt_2_sam00_Skeleton'
[2016.01.31-17.10.48:501][  0]LogLinker:Warning: Can't find file for asset '/Game/Attempt_2_sam00_Skeleton' while loading NULL.
[2016.01.31-17.10.48:501][  0]LogUObjectGlobals:Warning: Failed to load '/Game/Attempt_2_sam00_Skeleton': Can't find file for asset '/Game/Attempt_2_sam00_Skeleton' while loading NULL.
[2016.01.31-17.10.48:501][  0]LogLinker:Warning: Can't find file '/Game/Torch_pCylinder1_Skeleton'
[2016.01.31-17.10.48:501][  0]LogUObjectGlobals:Warning: Failed to load '/Game/Torch_pCylinder1_Skeleton': Can't find file '/Game/Torch_pCylinder1_Skeleton'
[2016.01.31-17.10.48:501][  0]LogLinker:Warning: Can't find file for asset '/Game/Torch_pCylinder1_Skeleton' while loading NULL.
[2016.01.31-17.10.48:501][  0]LogUObjectGlobals:Warning: Failed to load '/Game/Torch_pCylinder1_Skeleton': Can't find file for asset '/Game/Torch_pCylinder1_Skeleton' while loading NULL.
[2016.01.31-17.10.48:501][  0]LogLinker:Warning: Can't find file '/Game/Torch_pCylinder2_Skeleton'
[2016.01.31-17.10.48:501][  0]LogUObjectGlobals:Warning: Failed to load '/Game/Torch_pCylinder2_Skeleton': Can't find file '/Game/Torch_pCylinder2_Skeleton'
[2016.01.31-17.10.48:501][  0]LogLinker:Warning: Can't find file for asset '/Game/Torch_pCylinder2_Skeleton' while loading NULL.
[2016.01.31-17.10.48:501][  0]LogUObjectGlobals:Warning: Failed to load '/Game/Torch_pCylinder2_Skeleton': Can't find file for asset '/Game/Torch_pCylinder2_Skeleton' while loading NULL.
[2016.01.31-17.10.48:503][  0]LogLinker:Warning: Can't find file '/Game/phong1'
[2016.01.31-17.10.48:503][  0]LoadErrors: Info Failed to load /Game/Character/Content/Playerone.Playerone_C Referenced by Cylinder_GEN_VARIABLE
[2016.01.31-17.10.48:503][  0]LogUObjectGlobals:Warning: Failed to load '/Game/phong1': Can't find file '/Game/phong1'
[2016.01.31-17.10.48:504][  0]LogLinker:Warning: Can't find file for asset '/Game/phong1' while loading NULL.
[2016.01.31-17.10.48:504][  0]LoadErrors: Info Failed to load /Game/Character/Content/Playerone.Playerone_C Referenced by Cylinder_GEN_VARIABLE
[2016.01.31-17.10.48:504][  0]LogUObjectGlobals:Warning: Failed to load '/Game/phong1': Can't find file for asset '/Game/phong1' while loading NULL.
[2016.01.31-17.10.48:504][  0]LogLinker:Warning: Can't find file '/Game/Annimation/pasted__phong3'
[2016.01.31-17.10.48:504][  0]LoadErrors: Info Failed to load /Game/Character/Content/Playerone.Playerone_C Referenced by Cylinder1_GEN_VARIABLE
[2016.01.31-17.10.48:504][  0]LogUObjectGlobals:Warning: Failed to load '/Game/Annimation/pasted__phong3': Can't find file '/Game/Annimation/pasted__phong3'
[2016.01.31-17.10.48:504][  0]LogLinker:Warning: Can't find file for asset '/Game/Annimation/pasted__phong3' while loading NULL.
[2016.01.31-17.10.48:504][  0]LoadErrors: Info Failed to load /Game/Character/Content/Playerone.Playerone_C Referenced by Cylinder1_GEN_VARIABLE
[2016.01.31-17.10.48:504][  0]LogUObjectGlobals:Warning: Failed to load '/Game/Annimation/pasted__phong3': Can't find file for asset '/Game/Annimation/pasted__phong3' while loading NULL.
[2016.01.31-17.10.48:547][  0]LogLinker:Warning: Can't find file '/Game/Torch_pasted__pCylinder2_PhysicsAsset'
[2016.01.31-17.10.48:547][  0]LoadErrors: Info Failed to load /Game/Torch_pasted__pCylinder2_PhysicsAsset.Torch_pasted__pCylinder2_PhysicsAsset Referenced by Torch_pasted__pCylinder2
[2016.01.31-17.10.48:547][  0]LogUObjectGlobals:Warning: Failed to load '/Game/Torch_pasted__pCylinder2_PhysicsAsset': Can't find file '/Game/Torch_pasted__pCylinder2_PhysicsAsset'
[2016.01.31-17.10.48:547][  0]LogLinker:Warning: Can't find file for asset '/Game/Torch_pasted__pCylinder2_PhysicsAsset' while loading NULL.
[2016.01.31-17.10.48:547][  0]LoadErrors: Info Failed to load /Game/Torch_pasted__pCylinder2_PhysicsAsset.Torch_pasted__pCylinder2_PhysicsAsset Referenced by Torch_pasted__pCylinder2
[2016.01.31-17.10.48:547][  0]LogUObjectGlobals:Warning: Failed to load '/Game/Torch_pasted__pCylinder2_PhysicsAsset': Can't find file for asset '/Game/Torch_pasted__pCylinder2_PhysicsAsset' while loading NULL.
[2016.01.31-17.10.48:547][  0]LogLinker:Warning: Can't find file '/Game/pasted__phongE1'
[2016.01.31-17.10.48:547][  0]LoadErrors: Info Failed to load /Game/pasted__phongE1.pasted__phongE1 Referenced by Torch_pasted__pCylinder2
[2016.01.31-17.10.48:547][  0]LogUObjectGlobals:Warning: Failed to load '/Game/pasted__phongE1': Can't find file '/Game/pasted__phongE1'
[2016.01.31-17.10.48:547][  0]LogLinker:Warning: Can't find file for asset '/Game/pasted__phongE1' while loading NULL.
[2016.01.31-17.10.48:547][  0]LoadErrors: Info Failed to load /Game/pasted__phongE1.pasted__phongE1 Referenced by Torch_pasted__pCylinder2
[2016.01.31-17.10.48:547][  0]LogUObjectGlobals:Warning: Failed to load '/Game/pasted__phongE1': Can't find file for asset '/Game/pasted__phongE1' while loading NULL.
[2016.01.31-17.10.48:547][  0]LogLinker:Warning: Can't find file '/Game/pasted__phong3'
[2016.01.31-17.10.48:547][  0]LoadErrors: Info Failed to load /Game/pasted__phong3.pasted__phong3 Referenced by Torch_pasted__pCylinder2
[2016.01.31-17.10.48:548][  0]LogUObjectGlobals:Warning: Failed to load '/Game/pasted__phong3': Can't find file '/Game/pasted__phong3'
[2016.01.31-17.10.48:548][  0]LogLinker:Warning: Can't find file for asset '/Game/pasted__phong3' while loading NULL.
[2016.01.31-17.10.48:548][  0]LoadErrors: Info Failed to load /Game/pasted__phong3.pasted__phong3 Referenced by Torch_pasted__pCylinder2
[2016.01.31-17.10.48:548][  0]LogUObjectGlobals:Warning: Failed to load '/Game/pasted__phong3': Can't find file for asset '/Game/pasted__phong3' while loading NULL.
[2016.01.31-17.10.48:548][  0]LogLinker:Warning: Can't find file '/Game/pasted__pasted__phong3'
[2016.01.31-17.10.48:548][  0]LoadErrors: Info Failed to load /Game/pasted__pasted__phong3.pasted__pasted__phong3 Referenced by Torch_pasted__pCylinder2
[2016.01.31-17.10.48:548][  0]LogUObjectGlobals:Warning: Failed to load '/Game/pasted__pasted__phong3': Can't find file '/Game/pasted__pasted__phong3'
[2016.01.31-17.10.48:548][  0]LogLinker:Warning: Can't find file for asset '/Game/pasted__pasted__phong3' while loading NULL.
[2016.01.31-17.10.48:548][  0]LoadErrors: Info Failed to load /Game/pasted__pasted__phong3.pasted__pasted__phong3 Referenced by Torch_pasted__pCylinder2
[2016.01.31-17.10.48:548][  0]LogUObjectGlobals:Warning: Failed to load '/Game/pasted__pasted__phong3': Can't find file for asset '/Game/pasted__pasted__phong3' while loading NULL.
[2016.01.31-17.10.48:548][  0]LogLinker:Warning: Can't find file '/Game/pasted__phongE2'
[2016.01.31-17.10.48:548][  0]LoadErrors: Info Failed to load /Game/pasted__phongE2.pasted__phongE2 Referenced by Torch_pasted__pCylinder2
[2016.01.31-17.10.48:548][  0]LogUObjectGlobals:Warning: Failed to load '/Game/pasted__phongE2': Can't find file '/Game/pasted__phongE2'
[2016.01.31-17.10.48:548][  0]LogLinker:Warning: Can't find file for asset '/Game/pasted__phongE2' while loading NULL.
[2016.01.31-17.10.48:548][  0]LoadErrors: Info Failed to load /Game/pasted__phongE2.pasted__phongE2 Referenced by Torch_pasted__pCylinder2
[2016.01.31-17.10.48:548][  0]LogUObjectGlobals:Warning: Failed to load '/Game/pasted__phongE2': Can't find file for asset '/Game/pasted__phongE2' while loading NULL.
[2016.01.31-17.10.48:549][  0]LogLinker:Warning: Can't find file '/Game/Torch_pCylinder1_Skeleton'
[2016.01.31-17.10.48:549][  0]LoadErrors: Info Failed to load /Game/Torch_pCylinder1_Skeleton.Torch_pCylinder1_Skeleton Referenced by Torch_pCylinder1
[2016.01.31-17.10.48:549][  0]LogUObjectGlobals:Warning: Failed to load '/Game/Torch_pCylinder1_Skeleton': Can't find file '/Game/Torch_pCylinder1_Skeleton'
[2016.01.31-17.10.48:549][  0]LogLinker:Warning: Can't find file for asset '/Game/Torch_pCylinder1_Skeleton' while loading NULL.
[2016.01.31-17.10.48:549][  0]LoadErrors: Info Failed to load /Game/Torch_pCylinder1_Skeleton.Torch_pCylinder1_Skeleton Referenced by Torch_pCylinder1
[2016.01.31-17.10.48:549][  0]LogUObjectGlobals:Warning: Failed to load '/Game/Torch_pCylinder1_Skeleton': Can't find file for asset '/Game/Torch_pCylinder1_Skeleton' while loading NULL.
[2016.01.31-17.10.48:549][  0]LogLinker:Warning: Can't find file '/Game/Torch_pCylinder1_PhysicsAsset'
[2016.01.31-17.10.48:549][  0]LoadErrors: Info Failed to load /Game/Torch_pCylinder1_PhysicsAsset.Torch_pCylinder1_PhysicsAsset Referenced by Torch_pCylinder1
[2016.01.31-17.10.48:549][  0]LogUObjectGlobals:Warning: Failed to load '/Game/Torch_pCylinder1_PhysicsAsset': Can't find file '/Game/Torch_pCylinder1_PhysicsAsset'
[2016.01.31-17.10.48:549][  0]LogLinker:Warning: Can't find file for asset '/Game/Torch_pCylinder1_PhysicsAsset' while loading NULL.
[2016.01.31-17.10.48:549][  0]LoadErrors: Info Failed to load /Game/Torch_pCylinder1_PhysicsAsset.Torch_pCylinder1_PhysicsAsset Referenced by Torch_pCylinder1
[2016.01.31-17.10.48:549][  0]LogUObjectGlobals:Warning: Failed to load '/Game/Torch_pCylinder1_PhysicsAsset': Can't find file for asset '/Game/Torch_pCylinder1_PhysicsAsset' while loading NULL.
[2016.01.31-17.10.48:549][  0]LogLinker:Warning: Can't find file '/Game/phong1'
[2016.01.31-17.10.48:549][  0]LoadErrors: Info Failed to load /Game/phong1.phong1 Referenced by Torch_pCylinder1
[2016.01.31-17.10.48:549][  0]LogUObjectGlobals:Warning: Failed to load '/Game/phong1': Can't find file '/Game/phong1'
[2016.01.31-17.10.48:550][  0]LogLinker:Warning: Can't find file for asset '/Game/phong1' while loading NULL.
[2016.01.31-17.10.48:550][  0]LoadErrors: Info Failed to load /Game/phong1.phong1 Referenced by Torch_pCylinder1
[2016.01.31-17.10.48:550][  0]LogUObjectGlobals:Warning: Failed to load '/Game/phong1': Can't find file for asset '/Game/phong1' while loading NULL.
[2016.01.31-17.10.48:550][  0]LogLinker:Warning: Can't find file '/Game/Torch_pCylinder2_Skeleton'
[2016.01.31-17.10.48:550][  0]LoadErrors: Info Failed to load /Game/Torch_pCylinder2_Skeleton.Torch_pCylinder2_Skeleton Referenced by Torch_pCylinder2
[2016.01.31-17.10.48:550][  0]LogUObjectGlobals:Warning: Failed to load '/Game/Torch_pCylinder2_Skeleton': Can't find file '/Game/Torch_pCylinder2_Skeleton'
[2016.01.31-17.10.48:550][  0]LogLinker:Warning: Can't find file for asset '/Game/Torch_pCylinder2_Skeleton' while loading NULL.
[2016.01.31-17.10.48:550][  0]LoadErrors: Info Failed to load /Game/Torch_pCylinder2_Skeleton.Torch_pCylinder2_Skeleton Referenced by Torch_pCylinder2
[2016.01.31-17.10.48:550][  0]LogUObjectGlobals:Warning: Failed to load '/Game/Torch_pCylinder2_Skeleton': Can't find file for asset '/Game/Torch_pCylinder2_Skeleton' while loading NULL.
[2016.01.31-17.10.48:550][  0]LogLinker:Warning: Can't find file '/Game/Torch_pCylinder2_PhysicsAsset'
[2016.01.31-17.10.48:550][  0]LoadErrors: Info Failed to load /Game/Torch_pCylinder2_PhysicsAsset.Torch_pCylinder2_PhysicsAsset Referenced by Torch_pCylinder2
[2016.01.31-17.10.48:550][  0]LogUObjectGlobals:Warning: Failed to load '/Game/Torch_pCylinder2_PhysicsAsset': Can't find file '/Game/Torch_pCylinder2_PhysicsAsset'
[2016.01.31-17.10.48:550][  0]LogLinker:Warning: Can't find file for asset '/Game/Torch_pCylinder2_PhysicsAsset' while loading NULL.
[2016.01.31-17.10.48:550][  0]LoadErrors: Info Failed to load /Game/Torch_pCylinder2_PhysicsAsset.Torch_pCylinder2_PhysicsAsset Referenced by Torch_pCylinder2
[2016.01.31-17.10.48:550][  0]LogUObjectGlobals:Warning: Failed to load '/Game/Torch_pCylinder2_PhysicsAsset': Can't find file for asset '/Game/Torch_pCylinder2_PhysicsAsset' while loading NULL.
[2016.01.31-17.10.48:550][  0]LogLinker:Warning: Can't find file '/Game/phongE1'
[2016.01.31-17.10.48:550][  0]LoadErrors: Info Failed to load /Game/phongE1.phongE1 Referenced by Torch_pCylinder2
[2016.01.31-17.10.48:550][  0]LogUObjectGlobals:Warning: Failed to load '/Game/phongE1': Can't find file '/Game/phongE1'
[2016.01.31-17.10.48:551][  0]LogLinker:Warning: Can't find file for asset '/Game/phongE1' while loading NULL.
[2016.01.31-17.10.48:551][  0]LoadErrors: Info Failed to load /Game/phongE1.phongE1 Referenced by Torch_pCylinder2
[2016.01.31-17.10.48:551][  0]LogUObjectGlobals:Warning: Failed to load '/Game/phongE1': Can't find file for asset '/Game/phongE1' while loading NULL.
[2016.01.31-17.10.48:551][  0]LogLinker:Warning: Can't find file '/Game/Attempt_2_sam00_Skeleton'
[2016.01.31-17.10.48:551][  0]LoadErrors: Info Failed to load /Game/Attempt_2_sam00_Skeleton.Attempt_2_sam00_Skeleton Referenced by Torch_sam00
[2016.01.31-17.10.48:551][  0]LogUObjectGlobals:Warning: Failed to load '/Game/Attempt_2_sam00_Skeleton': Can't find file '/Game/Attempt_2_sam00_Skeleton'
[2016.01.31-17.10.48:551][  0]LogLinker:Warning: Can't find file for asset '/Game/Attempt_2_sam00_Skeleton' while loading NULL.
[2016.01.31-17.10.48:551][  0]LoadErrors: Info Failed to load /Game/Attempt_2_sam00_Skeleton.Attempt_2_sam00_Skeleton Referenced by Torch_sam00
[2016.01.31-17.10.48:551][  0]LogUObjectGlobals:Warning: Failed to load '/Game/Attempt_2_sam00_Skeleton': Can't find file for asset '/Game/Attempt_2_sam00_Skeleton' while loading NULL.
[2016.01.31-17.10.48:551][  0]LogLinker:Warning: Can't find file '/Game/Torch_sam00_PhysicsAsset'
[2016.01.31-17.10.48:551][  0]LoadErrors: Info Failed to load /Game/Torch_sam00_PhysicsAsset.Torch_sam00_PhysicsAsset Referenced by Torch_sam00
[2016.01.31-17.10.48:551][  0]LogUObjectGlobals:Warning: Failed to load '/Game/Torch_sam00_PhysicsAsset': Can't find file '/Game/Torch_sam00_PhysicsAsset'
[2016.01.31-17.10.48:551][  0]LogLinker:Warning: Can't find file for asset '/Game/Torch_sam00_PhysicsAsset' while loading NULL.
[2016.01.31-17.10.48:551][  0]LoadErrors: Info Failed to load /Game/Torch_sam00_PhysicsAsset.Torch_sam00_PhysicsAsset Referenced by Torch_sam00
[2016.01.31-17.10.48:551][  0]LogUObjectGlobals:Warning: Failed to load '/Game/Torch_sam00_PhysicsAsset': Can't find file for asset '/Game/Torch_sam00_PhysicsAsset' while loading NULL.
[2016.01.31-17.10.48:552][  0]LogLinker:Warning: Can't find file '/Game/phongE1'
[2016.01.31-17.10.48:552][  0]LoadErrors: Info Failed to load /Game/phongE1.phongE1 Referenced by Torch_sam00
[2016.01.31-17.10.48:552][  0]LogUObjectGlobals:Warning: Failed to load '/Game/phongE1': Can't find file '/Game/phongE1'
[2016.01.31-17.10.48:552][  0]LogLinker:Warning: Can't find file for asset '/Game/phongE1' while loading NULL.
[2016.01.31-17.10.48:552][  0]LoadErrors: Info Failed to load /Game/phongE1.phongE1 Referenced by Torch_sam00
[2016.01.31-17.10.48:552][  0]LogUObjectGlobals:Warning: Failed to load '/Game/phongE1': Can't find file for asset '/Game/phongE1' while loading NULL.
[2016.01.31-17.10.48:555][  0]LogLinker:Warning: Can't find file '/Game/Torch/Torch_Skeleton'
[2016.01.31-17.10.48:556][  0]LoadErrors: Info Failed to load /Game/Torch/Torch_Skeleton.Torch_Skeleton Referenced by Torch
[2016.01.31-17.10.48:556][  0]LogUObjectGlobals:Warning: Failed to load '/Game/Torch/Torch_Skeleton': Can't find file '/Game/Torch/Torch_Skeleton'
[2016.01.31-17.10.48:556][  0]LogLinker:Warning: Can't find file for asset '/Game/Torch/Torch_Skeleton' while loading NULL.
[2016.01.31-17.10.48:556][  0]LoadErrors: Info Failed to load /Game/Torch/Torch_Skeleton.Torch_Skeleton Referenced by Torch
[2016.01.31-17.10.48:556][  0]LogUObjectGlobals:Warning: Failed to load '/Game/Torch/Torch_Skeleton': Can't find file for asset '/Game/Torch/Torch_Skeleton' while loading NULL.
[2016.01.31-17.10.48:556][  0]LogLinker:Warning: Can't find file '/Game/Torch/Torch_PhysicsAsset'
[2016.01.31-17.10.48:556][  0]LoadErrors: Info Failed to load /Game/Torch/Torch_PhysicsAsset.Torch_PhysicsAsset Referenced by Torch
[2016.01.31-17.10.48:556][  0]LogUObjectGlobals:Warning: Failed to load '/Game/Torch/Torch_PhysicsAsset': Can't find file '/Game/Torch/Torch_PhysicsAsset'
[2016.01.31-17.10.48:556][  0]LogLinker:Warning: Can't find file for asset '/Game/Torch/Torch_PhysicsAsset' while loading NULL.
[2016.01.31-17.10.48:556][  0]LoadErrors: Info Failed to load /Game/Torch/Torch_PhysicsAsset.Torch_PhysicsAsset Referenced by Torch
[2016.01.31-17.10.48:556][  0]LogUObjectGlobals:Warning: Failed to load '/Game/Torch/Torch_PhysicsAsset': Can't find file for asset '/Game/Torch/Torch_PhysicsAsset' while loading NULL.
[2016.01.31-17.10.48:556][  0]LogLinker:Warning: Can't find file '/Game/Torch/pasted__pasted__phongE2'
[2016.01.31-17.10.48:556][  0]LoadErrors: Info Failed to load /Game/Torch/pasted__pasted__phongE2.pasted__pasted__phongE2 Referenced by Torch
[2016.01.31-17.10.48:556][  0]LogUObjectGlobals:Warning: Failed to load '/Game/Torch/pasted__pasted__phongE2': Can't find file '/Game/Torch/pasted__pasted__phongE2'
[2016.01.31-17.10.48:557][  0]LogLinker:Warning: Can't find file for asset '/Game/Torch/pasted__pasted__phongE2' while loading NULL.
[2016.01.31-17.10.48:557][  0]LoadErrors: Info Failed to load /Game/Torch/pasted__pasted__phongE2.pasted__pasted__phongE2 Referenced by Torch
[2016.01.31-17.10.48:557][  0]LogUObjectGlobals:Warning: Failed to load '/Game/Torch/pasted__pasted__phongE2': Can't find file for asset '/Game/Torch/pasted__pasted__phongE2' while loading NULL.
[2016.01.31-17.10.48:557][  0]LogLinker:Warning: Can't find file '/Game/Torch/pasted__pasted__phongE1'
[2016.01.31-17.10.48:557][  0]LoadErrors: Info Failed to load /Game/Torch/pasted__pasted__phongE1.pasted__pasted__phongE1 Referenced by Torch
[2016.01.31-17.10.48:557][  0]LogUObjectGlobals:Warning: Failed to load '/Game/Torch/pasted__pasted__phongE1': Can't find file '/Game/Torch/pasted__pasted__phongE1'
[2016.01.31-17.10.48:557][  0]LogLinker:Warning: Can't find file for asset '/Game/Torch/pasted__pasted__phongE1' while loading NULL.
[2016.01.31-17.10.48:557][  0]LoadErrors: Info Failed to load /Game/Torch/pasted__pasted__phongE1.pasted__pasted__phongE1 Referenced by Torch
[2016.01.31-17.10.48:557][  0]LogUObjectGlobals:Warning: Failed to load '/Game/Torch/pasted__pasted__phongE1': Can't find file for asset '/Game/Torch/pasted__pasted__phongE1' while loading NULL.
[2016.01.31-17.10.48:557][  0]LogLinker:Warning: Can't find file '/Game/Torch/pasted__pasted__pasted__phong3'
[2016.01.31-17.10.48:557][  0]LoadErrors: Info Failed to load /Game/Torch/pasted__pasted__pasted__phong3.pasted__pasted__pasted__phong3 Referenced by Torch
[2016.01.31-17.10.48:557][  0]LogUObjectGlobals:Warning: Failed to load '/Game/Torch/pasted__pasted__pasted__phong3': Can't find file '/Game/Torch/pasted__pasted__pasted__phong3'
[2016.01.31-17.10.48:557][  0]LogLinker:Warning: Can't find file for asset '/Game/Torch/pasted__pasted__pasted__phong3' while loading NULL.
[2016.01.31-17.10.48:558][  0]LoadErrors: Info Failed to load /Game/Torch/pasted__pasted__pasted__phong3.pasted__pasted__pasted__phong3 Referenced by Torch
[2016.01.31-17.10.48:558][  0]LogUObjectGlobals:Warning: Failed to load '/Game/Torch/pasted__pasted__pasted__phong3': Can't find file for asset '/Game/Torch/pasted__pasted__pasted__phong3' while loading NULL.
[2016.01.31-17.10.48:558][  0]LogLinker:Warning: Can't find file '/Game/Torch/pasted__pasted__phong3'
[2016.01.31-17.10.48:558][  0]LoadErrors: Info Failed to load /Game/Torch/pasted__pasted__phong3.pasted__pasted__phong3 Referenced by Torch
[2016.01.31-17.10.48:558][  0]LogUObjectGlobals:Warning: Failed to load '/Game/Torch/pasted__pasted__phong3': Can't find file '/Game/Torch/pasted__pasted__phong3'
[2016.01.31-17.10.48:558][  0]LogLinker:Warning: Can't find file for asset '/Game/Torch/pasted__pasted__phong3' while loading NULL.
[2016.01.31-17.10.48:558][  0]LoadErrors: Info Failed to load /Game/Torch/pasted__pasted__phong3.pasted__pasted__phong3 Referenced by Torch
[2016.01.31-17.10.48:558][  0]LogUObjectGlobals:Warning: Failed to load '/Game/Torch/pasted__pasted__phong3': Can't find file for asset '/Game/Torch/pasted__pasted__phong3' while loading NULL.
[2016.01.31-17.10.48:596][  0]LogWorld: Game class is 'MyGame_C'
[2016.01.31-17.10.48:611][  0]LogWorld: Bringing World /Temp/Autosaves/Game/Maps/UEDPCAztecv13.Aztecv13 up for play (max tick rate 0) at 2016.01.31-17.10.48
[2016.01.31-17.10.48:636][  0]LogWorld: Bringing up level for play took: 0.038420
[2016.01.31-17.10.48:638][  0]PIE:Warning: Warning AttachTo: '/Temp/Autosaves/Game/Maps/UEDPCAztecv13.Aztecv13:PersistentLevel.Playerone_C_0.ChildActor' already attached to '/Temp/Autosaves/Game/Maps/UEDPCAztecv13.Aztecv13:PersistentLevel.Playerone_C_0.PointLight', would form cycle. Aborting.
[2016.01.31-17.10.48:638][  0]PIE:Warning: Warning AttachTo: '/Temp/Autosaves/Game/Maps/UEDPCAztecv13.Aztecv13:PersistentLevel.Playerone_C_0.ChildActor' already attached to '/Temp/Autosaves/Game/Maps/UEDPCAztecv13.Aztecv13:PersistentLevel.Playerone_C_0.PointLight', would form cycle. Aborting.
[2016.01.31-17.10.48:639][  0]LogInit:Display: Game Engine Initialized.
[2016.01.31-17.10.48:861][  0]LogLoad: Full Startup: 5.51 seconds (BP compile: 0.09 seconds)
[2016.01.31-17.10.48:877][  0]LogWindowsTextInputMethodSystem:Display: IME system now deactivated.
[2016.01.31-17.10.48:881][  0]LogOcInput: Can't find Oculus library dev build: is proper Runtime installed? Version: 0.8.0.0
[2016.01.31-17.10.49:001][  0]LogRenderer: Reallocating scene render targets to support 3840x2160 (Frame:2).
[2016.01.31-17.10.49:136][  3]LogRenderTargetPool:Warning: r.RenderTargetPoolMin exceeded 1001/400 MB (ok in editor, bad on fixed memory platform)
[2016.01.31-17.16.56:701][251]LogWindowsTextInputMethodSystem:Display: IME system now deactivated.
[2016.01.31-17.16.56:705][251]LogEngine: All Windows Closed
[2016.01.31-17.16.56:705][251]LogWindows: FPlatformMisc::RequestExit(0)
[2016.01.31-17.16.57:394][252]LogExit: Preparing to exit.
[2016.01.31-17.16.57:445][252]LogExit: Game engine shut down
[2016.01.31-17.16.57:446][252]LogParticles: Destroying 0 GPU particle simulations for FXSystem 0x0000008CD27EB1A0
[2016.01.31-17.16.57:636][252]LogExit: Object subsystem successfully closed.
[2016.01.31-17.16.57:650][252]LogD3D11RHI: Shutdown
[2016.01.31-17.16.57:650][252]LogD3D11RHI: CleanupD3DDevice
[2016.01.31-17.16.57:756][252]LogD3D11RHI: ~FD3D11DynamicRHI
[2016.01.31-17.16.57:774][252]LogModuleManager: Shutting down and abandoning module AndroidDeviceDetection (117)
[2016.01.31-17.16.57:954][252]LogModuleManager: Shutting down and abandoning module AutomationController (116)
[2016.01.31-17.16.57:954][252]LogModuleManager: Shutting down and abandoning module AutomationWorker (115)
[2016.01.31-17.16.57:954][252]LogModuleManager: Shutting down and abandoning module CharacterAI (114)
[2016.01.31-17.16.57:954][252]LogModuleManager: Shutting down and abandoning module AITestSuite (113)
[2016.01.31-17.16.57:954][252]LogModuleManager: Shutting down and abandoning module GameplayDebugger (112)
[2016.01.31-17.16.57:954][252]LogModuleManager: Shutting down and abandoning module AIModule (111)
[2016.01.31-17.16.57:954][252]LogModuleManager: Shutting down and abandoning module MovieSceneCapture (110)
[2016.01.31-17.16.57:954][252]LogModuleManager: Shutting down and abandoning module GameLiveStreaming (109)
[2016.01.31-17.16.57:954][252]LogModuleManager: Shutting down and abandoning module StreamingPauseRendering (108)
[2016.01.31-17.16.57:954][252]LogModuleManager: Shutting down and abandoning module ProfilerService (107)
[2016.01.31-17.16.58:076][252]LogModuleManager: Shutting down and abandoning module TaskGraph (106)
[2016.01.31-17.16.58:076][252]LogModuleManager: Shutting down and abandoning module SlateRemote (105)
[2016.01.31-17.16.58:076][252]LogModuleManager: Shutting down and abandoning module SteamVRController (104)
[2016.01.31-17.16.58:076][252]LogModuleManager: Shutting down and abandoning module SteamVR (103)
[2016.01.31-17.16.58:076][252]LogModuleManager: Shutting down and abandoning module ProceduralMeshComponent (102)
[2016.01.31-17.16.58:076][252]LogModuleManager: Shutting down and abandoning module OculusLibrary (101)
[2016.01.31-17.16.58:076][252]LogModuleManager: Shutting down and abandoning module OculusInput (100)
[2016.01.31-17.16.58:076][252]LogModuleManager: Shutting down and abandoning module LeapMotionController (99)
[2016.01.31-17.16.58:108][252]LogModuleManager: Shutting down and abandoning module CustomMeshComponent (98)
[2016.01.31-17.16.58:108][252]LogModuleManager: Shutting down and abandoning module CableComponent (97)
[2016.01.31-17.16.58:108][252]LogModuleManager: Shutting down and abandoning module ArchVisCharacter (96)
[2016.01.31-17.16.58:108][252]LogModuleManager: Shutting down and abandoning module HTML5Networking (95)
[2016.01.31-17.16.58:108][252]LogModuleManager: Shutting down and abandoning module DesktopPlatform (94)
[2016.01.31-17.16.58:108][252]LogModuleManager: Shutting down and abandoning module DirectoryWatcher (93)
[2016.01.31-17.16.58:108][252]LogModuleManager: Shutting down and abandoning module HotReload (92)
[2016.01.31-17.16.58:108][252]LogModuleManager: Shutting down and abandoning module VisualStudioSourceCodeAccess (91)
[2016.01.31-17.16.58:108][252]LogModuleManager: Shutting down and abandoning module UObjectPlugin (90)
[2016.01.31-17.16.58:108][252]LogModuleManager: Shutting down and abandoning module SubversionSourceControl (89)
[2016.01.31-17.16.58:108][252]LogModuleManager: Shutting down and abandoning module SourceControl (88)
[2016.01.31-17.16.58:108][252]LogModuleManager: Shutting down and abandoning module PerforceSourceControl (87)
[2016.01.31-17.16.58:108][252]LogModuleManager: Shutting down and abandoning module UdpMessaging (86)
[2016.01.31-17.16.58:108][252]LogModuleManager: Shutting down and abandoning module LightPropagationVolumeRuntime (85)
[2016.01.31-17.16.58:108][252]LogModuleManager: Shutting down and abandoning module Paper2D (84)
[2016.01.31-17.16.58:108][252]LogModuleManager: Shutting down and abandoning module WindowsMoviePlayer (83)
[2016.01.31-17.16.58:114][252]LogModuleManager: Shutting down and abandoning module Media (82)
[2016.01.31-17.16.58:114][252]LogModuleManager: Shutting down and abandoning module WmfMedia (81)
[2016.01.31-17.16.58:114][252]LogModuleManager: Shutting down and abandoning module OnlineBlueprintSupport (80)
[2016.01.31-17.16.58:114][252]LogModuleManager: Shutting down and abandoning module GameplayTasksEditor (79)
[2016.01.31-17.16.58:114][252]LogModuleManager: Shutting down and abandoning module PropertyEditor (78)
[2016.01.31-17.16.58:114][252]LogModuleManager: Shutting down and abandoning module BehaviorTreeEditor (77)
[2016.01.31-17.16.58:114][252]LogModuleManager: Shutting down and abandoning module FunctionalTesting (76)
[2016.01.31-17.16.58:114][252]LogModuleManager: Shutting down and abandoning module CollisionAnalyzer (75)
[2016.01.31-17.16.58:114][252]LogModuleManager: Shutting down and abandoning module WorkspaceMenuStructure (74)
[2016.01.31-17.16.58:114][252]LogModuleManager: Shutting down and abandoning module MessageLog (73)
[2016.01.31-17.16.58:114][252]LogModuleManager: Shutting down and abandoning module Sequencer (72)
[2016.01.31-17.16.58:114][252]LogModuleManager: Shutting down and abandoning module AssetTools (71)
[2016.01.31-17.16.58:114][252]LogModuleManager: Shutting down and abandoning module UMGEditor (70)
[2016.01.31-17.16.58:114][252]LogModuleManager: Shutting down and abandoning module UMG (69)
[2016.01.31-17.16.58:114][252]LogModuleManager: Shutting down and abandoning module Slate (68)
[2016.01.31-17.16.58:114][252]LogModuleManager: Shutting down and abandoning module EditorStyle (67)
[2016.01.31-17.16.58:116][252]LogModuleManager: Shutting down and abandoning module SessionServices (66)
[2016.01.31-17.16.58:116][252]LogModuleManager: Shutting down and abandoning module SourceCodeAccess (65)
[2016.01.31-17.16.58:116][252]LogModuleManager: Shutting down and abandoning module HeadMountedDisplay (64)
[2016.01.31-17.16.58:116][252]LogModuleManager: Shutting down and abandoning module XAudio2 (63)
[2016.01.31-17.16.58:116][252]LogModuleManager: Shutting down and abandoning module Networking (61)
[2016.01.31-17.16.58:116][252]LogModuleManager: Shutting down and abandoning module Core (60)
[2016.01.31-17.16.58:116][252]LogModuleManager: Shutting down and abandoning module KismetCompiler (59)
[2016.01.31-17.16.58:116][252]LogModuleManager: Shutting down and abandoning module PhysXFormats (58)
[2016.01.31-17.16.58:116][252]LogModuleManager: Shutting down and abandoning module MeshUtilities (57)
[2016.01.31-17.16.58:116][252]LogModuleManager: Shutting down and abandoning module DerivedDataCache (56)
[2016.01.31-17.16.58:167][252]LogDerivedDataCache: Shutdown
[2016.01.31-17.16.58:167][252]LogModuleManager: Shutting down and abandoning module ShaderFormatOpenGL (55)
[2016.01.31-17.16.58:167][252]LogModuleManager: Shutting down and abandoning module ShaderFormatD3D (54)
[2016.01.31-17.16.58:167][252]LogModuleManager: Shutting down and abandoning module MetalShaderFormat (53)
[2016.01.31-17.16.58:167][252]LogModuleManager: Shutting down and abandoning module TextureFormatUncompressed (52)
[2016.01.31-17.16.58:167][252]LogModuleManager: Shutting down and abandoning module TextureFormatPVR (51)
[2016.01.31-17.16.58:167][252]LogModuleManager: Shutting down and abandoning module TextureFormatIntelISPCTexComp (50)
[2016.01.31-17.16.58:167][252]LogModuleManager: Shutting down and abandoning module TextureFormatDXT (49)
[2016.01.31-17.16.58:167][252]LogModuleManager: Shutting down and abandoning module ImageWrapper (48)
[2016.01.31-17.16.58:167][252]LogModuleManager: Shutting down and abandoning module TextureFormatASTC (47)
[2016.01.31-17.16.58:167][252]LogModuleManager: Shutting down and abandoning module TextureFormatAndroid (46)
[2016.01.31-17.16.58:167][252]LogModuleManager: Shutting down and abandoning module AudioFormatOpus (45)
[2016.01.31-17.16.58:167][252]LogModuleManager: Shutting down and abandoning module AudioFormatOgg (44)
[2016.01.31-17.16.58:167][252]LogModuleManager: Shutting down and abandoning module AudioFormatADPCM (43)
[2016.01.31-17.16.58:167][252]LogModuleManager: Shutting down and abandoning module LinuxTargetPlatform (42)
[2016.01.31-17.16.58:167][252]LogModuleManager: Shutting down and abandoning module LinuxServerTargetPlatform (41)
[2016.01.31-17.16.58:167][252]LogModuleManager: Shutting down and abandoning module LinuxNoEditorTargetPlatform (40)
[2016.01.31-17.16.58:167][252]LogModuleManager: Shutting down and abandoning module Messaging (39)
[2016.01.31-17.16.58:167][252]LogModuleManager: Shutting down and abandoning module IOSTargetPlatform (38)
[2016.01.31-17.16.58:167][252]LogModuleManager: Shutting down and abandoning module HTML5TargetPlatform (37)
[2016.01.31-17.16.58:167][252]LogModuleManager: Shutting down and abandoning module Android_PVRTCTargetPlatform (36)
[2016.01.31-17.16.58:167][252]LogModuleManager: Shutting down and abandoning module Android_MultiTargetPlatform (35)
[2016.01.31-17.16.58:167][252]LogModuleManager: Shutting down and abandoning module Android_ETC2TargetPlatform (34)
[2016.01.31-17.16.58:167][252]LogModuleManager: Shutting down and abandoning module Android_ETC1TargetPlatform (33)
[2016.01.31-17.16.58:167][252]LogModuleManager: Shutting down and abandoning module Android_DXTTargetPlatform (32)
[2016.01.31-17.16.58:167][252]LogModuleManager: Shutting down and abandoning module Android_ATCTargetPlatform (31)
[2016.01.31-17.16.58:167][252]LogModuleManager: Shutting down and abandoning module Android_ASTCTargetPlatform (30)
[2016.01.31-17.16.58:168][252]LogModuleManager: Shutting down and abandoning module AndroidTargetPlatform (29)
[2016.01.31-17.16.58:168][252]LogModuleManager: Shutting down and abandoning module WindowsTargetPlatform (28)
[2016.01.31-17.16.58:168][252]LogModuleManager: Shutting down and abandoning module WindowsServerTargetPlatform (27)
[2016.01.31-17.16.58:168][252]LogModuleManager: Shutting down and abandoning module WindowsNoEditorTargetPlatform (26)
[2016.01.31-17.16.58:168][252]LogModuleManager: Shutting down and abandoning module WindowsClientTargetPlatform (25)
[2016.01.31-17.16.58:168][252]LogModuleManager: Shutting down and abandoning module AllDesktopTargetPlatform (24)
[2016.01.31-17.16.58:168][252]LogModuleManager: Shutting down and abandoning module TargetPlatform (23)
[2016.01.31-17.16.58:168][252]LogModuleManager: Shutting down and abandoning module InputCore (22)
[2016.01.31-17.16.58:168][252]LogModuleManager: Shutting down and abandoning module Settings (21)
[2016.01.31-17.16.58:168][252]LogModuleManager: Shutting down and abandoning module OnlineSubsystem (19)
[2016.01.31-17.16.58:168][252]LogModuleManager: Shutting down and abandoning module HTTP (18)
[2016.01.31-17.16.58:168][252]LogModuleManager: Shutting down and abandoning module XMPP (17)
[2016.01.31-17.16.58:168][252]LogModuleManager: Shutting down and abandoning module OculusRift (16)
[2016.01.31-17.16.58:168][252]LogModuleManager: Shutting down and abandoning module ExampleDeviceProfileSelector (15)
[2016.01.31-17.16.58:168][252]LogModuleManager: Shutting down and abandoning module TextureCompressor (14)
[2016.01.31-17.16.58:168][252]LogModuleManager: Shutting down and abandoning module ShaderCore (13)
[2016.01.31-17.16.58:168][252]LogModuleManager: Shutting down and abandoning module Landscape (12)
[2016.01.31-17.16.58:168][252]LogModuleManager: Shutting down and abandoning module SlateRHIRenderer (11)
[2016.01.31-17.16.58:168][252]LogModuleManager: Shutting down and abandoning module OpenGLDrv (10)
[2016.01.31-17.16.58:168][252]LogModuleManager: Shutting down and abandoning module D3D11RHI (9)
[2016.01.31-17.16.58:168][252]LogModuleManager: Shutting down and abandoning module AnimGraphRuntime (8)
[2016.01.31-17.16.58:168][252]LogModuleManager: Shutting down and abandoning module Renderer (7)
[2016.01.31-17.16.58:168][252]LogModuleManager: Shutting down and abandoning module Engine (6)
[2016.01.31-17.16.58:168][252]LogModuleManager: Shutting down and abandoning module CoreUObject (5)
[2016.01.31-17.16.58:168][252]LogModuleManager: Shutting down and abandoning module NetworkFile (4)
[2016.01.31-17.16.58:168][252]LogModuleManager: Shutting down and abandoning module StreamingFile (3)
[2016.01.31-17.16.58:168][252]LogModuleManager: Shutting down and abandoning module SandboxFile (2)
[2016.01.31-17.16.58:168][252]LogModuleManager: Shutting down and abandoning module PakFile (1)
[2016.01.31-17.16.58:169][252]LogExit: Exiting.
[2016.01.31-17.16.58:171][252]Log file closed, 01/31/16 17:16:58
